This is pdfTeX, Version 3.14159265-2.6-1.40.16 (TeX Live 2015/Debian) (preloaded format=pdflatex 2017.8.27)  8 OCT 2017 08:59
entering extended mode
 restricted \write18 enabled.
 %&-line parsing enabled.
**sed-ml-L1V4.tex
(./sed-ml-L1V4.tex
LaTeX2e <2016/02/01>
Babel <3.9q> and hyphenation patterns for 5 language(s) loaded.
(/usr/share/texlive/texmf-dist/tex/latex/base/report.cls
Document Class: report 2014/09/29 v1.4h Standard LaTeX document class
(/usr/share/texlive/texmf-dist/tex/latex/base/size10.clo
File: size10.clo 2014/09/29 v1.4h Standard LaTeX file (size option)
)
\c@part=\count79
\c@chapter=\count80
\c@section=\count81
\c@subsection=\count82
\c@subsubsection=\count83
\c@paragraph=\count84
\c@subparagraph=\count85
\c@figure=\count86
\c@table=\count87
\abovecaptionskip=\skip41
\belowcaptionskip=\skip42
\bibindent=\dimen102
)
(/usr/share/texlive/texmf-dist/tex/latex/tocvsec2/tocvsec2.sty
Package: tocvsec2 2014/03/10 v1.3a variable ToC section entries

(/usr/share/texlive/texmf-dist/tex/latex/base/ifthen.sty
Package: ifthen 2014/09/29 v1.1c Standard LaTeX ifthen package (DPC)
)
\c@max@tocdepth=\count88
\c@max@secnumdepth=\count89
)
(./sources/styles/latex-style.tex
(/usr/share/texlive/texmf-dist/tex/latex/geometry/geometry.sty
Package: geometry 2010/09/12 v5.6 Page Geometry

(/usr/share/texlive/texmf-dist/tex/latex/graphics/keyval.sty
Package: keyval 2014/10/28 v1.15 key=value parser (DPC)
\KV@toks@=\toks14
)
(/usr/share/texlive/texmf-dist/tex/generic/oberdiek/ifpdf.sty
Package: ifpdf 2011/01/30 v2.3 Provides the ifpdf switch (HO)
Package ifpdf Info: pdfTeX in PDF mode is detected.
)
(/usr/share/texlive/texmf-dist/tex/generic/oberdiek/ifvtex.sty
Package: ifvtex 2010/03/01 v1.5 Detect VTeX and its facilities (HO)
Package ifvtex Info: VTeX not detected.
)
(/usr/share/texlive/texmf-dist/tex/generic/ifxetex/ifxetex.sty
Package: ifxetex 2010/09/12 v0.6 Provides ifxetex conditional
)
\Gm@cnth=\count90
\Gm@cntv=\count91
\c@Gm@tempcnt=\count92
\Gm@bindingoffset=\dimen103
\Gm@wd@mp=\dimen104
\Gm@odd@mp=\dimen105
\Gm@even@mp=\dimen106
\Gm@layoutwidth=\dimen107
\Gm@layoutheight=\dimen108
\Gm@layouthoffset=\dimen109
\Gm@layoutvoffset=\dimen110
\Gm@dimlist=\toks15
)
(/usr/share/texlive/texmf-dist/tex/latex/base/inputenc.sty
Package: inputenc 2015/03/17 v1.2c Input encoding file
\inpenc@prehook=\toks16
\inpenc@posthook=\toks17

(/usr/share/texlive/texmf-dist/tex/latex/base/utf8.def
File: utf8.def 2015/12/03 v1.1r UTF-8 support for inputenc
Now handling font encoding OML ...
... no UTF-8 mapping file for font encoding OML
Now handling font encoding T1 ...
... processing UTF-8 mapping file for font encoding T1

(/usr/share/texlive/texmf-dist/tex/latex/base/t1enc.dfu
File: t1enc.dfu 2015/12/03 v1.1r UTF-8 support for inputenc
   defining Unicode char U+00A0 (decimal 160)
   defining Unicode char U+00A1 (decimal 161)
   defining Unicode char U+00A3 (decimal 163)
   defining Unicode char U+00AB (decimal 171)
   defining Unicode char U+00AD (decimal 173)
   defining Unicode char U+00BB (decimal 187)
   defining Unicode char U+00BF (decimal 191)
   defining Unicode char U+00C0 (decimal 192)
   defining Unicode char U+00C1 (decimal 193)
   defining Unicode char U+00C2 (decimal 194)
   defining Unicode char U+00C3 (decimal 195)
   defining Unicode char U+00C4 (decimal 196)
   defining Unicode char U+00C5 (decimal 197)
   defining Unicode char U+00C6 (decimal 198)
   defining Unicode char U+00C7 (decimal 199)
   defining Unicode char U+00C8 (decimal 200)
   defining Unicode char U+00C9 (decimal 201)
   defining Unicode char U+00CA (decimal 202)
   defining Unicode char U+00CB (decimal 203)
   defining Unicode char U+00CC (decimal 204)
   defining Unicode char U+00CD (decimal 205)
   defining Unicode char U+00CE (decimal 206)
   defining Unicode char U+00CF (decimal 207)
   defining Unicode char U+00D0 (decimal 208)
   defining Unicode char U+00D1 (decimal 209)
   defining Unicode char U+00D2 (decimal 210)
   defining Unicode char U+00D3 (decimal 211)
   defining Unicode char U+00D4 (decimal 212)
   defining Unicode char U+00D5 (decimal 213)
   defining Unicode char U+00D6 (decimal 214)
   defining Unicode char U+00D8 (decimal 216)
   defining Unicode char U+00D9 (decimal 217)
   defining Unicode char U+00DA (decimal 218)
   defining Unicode char U+00DB (decimal 219)
   defining Unicode char U+00DC (decimal 220)
   defining Unicode char U+00DD (decimal 221)
   defining Unicode char U+00DE (decimal 222)
   defining Unicode char U+00DF (decimal 223)
   defining Unicode char U+00E0 (decimal 224)
   defining Unicode char U+00E1 (decimal 225)
   defining Unicode char U+00E2 (decimal 226)
   defining Unicode char U+00E3 (decimal 227)
   defining Unicode char U+00E4 (decimal 228)
   defining Unicode char U+00E5 (decimal 229)
   defining Unicode char U+00E6 (decimal 230)
   defining Unicode char U+00E7 (decimal 231)
   defining Unicode char U+00E8 (decimal 232)
   defining Unicode char U+00E9 (decimal 233)
   defining Unicode char U+00EA (decimal 234)
   defining Unicode char U+00EB (decimal 235)
   defining Unicode char U+00EC (decimal 236)
   defining Unicode char U+00ED (decimal 237)
   defining Unicode char U+00EE (decimal 238)
   defining Unicode char U+00EF (decimal 239)
   defining Unicode char U+00F0 (decimal 240)
   defining Unicode char U+00F1 (decimal 241)
   defining Unicode char U+00F2 (decimal 242)
   defining Unicode char U+00F3 (decimal 243)
   defining Unicode char U+00F4 (decimal 244)
   defining Unicode char U+00F5 (decimal 245)
   defining Unicode char U+00F6 (decimal 246)
   defining Unicode char U+00F8 (decimal 248)
   defining Unicode char U+00F9 (decimal 249)
   defining Unicode char U+00FA (decimal 250)
   defining Unicode char U+00FB (decimal 251)
   defining Unicode char U+00FC (decimal 252)
   defining Unicode char U+00FD (decimal 253)
   defining Unicode char U+00FE (decimal 254)
   defining Unicode char U+00FF (decimal 255)
   defining Unicode char U+0100 (decimal 256)
   defining Unicode char U+0101 (decimal 257)
   defining Unicode char U+0102 (decimal 258)
   defining Unicode char U+0103 (decimal 259)
   defining Unicode char U+0104 (decimal 260)
   defining Unicode char U+0105 (decimal 261)
   defining Unicode char U+0106 (decimal 262)
   defining Unicode char U+0107 (decimal 263)
   defining Unicode char U+0108 (decimal 264)
   defining Unicode char U+0109 (decimal 265)
   defining Unicode char U+010A (decimal 266)
   defining Unicode char U+010B (decimal 267)
   defining Unicode char U+010C (decimal 268)
   defining Unicode char U+010D (decimal 269)
   defining Unicode char U+010E (decimal 270)
   defining Unicode char U+010F (decimal 271)
   defining Unicode char U+0110 (decimal 272)
   defining Unicode char U+0111 (decimal 273)
   defining Unicode char U+0112 (decimal 274)
   defining Unicode char U+0113 (decimal 275)
   defining Unicode char U+0114 (decimal 276)
   defining Unicode char U+0115 (decimal 277)
   defining Unicode char U+0116 (decimal 278)
   defining Unicode char U+0117 (decimal 279)
   defining Unicode char U+0118 (decimal 280)
   defining Unicode char U+0119 (decimal 281)
   defining Unicode char U+011A (decimal 282)
   defining Unicode char U+011B (decimal 283)
   defining Unicode char U+011C (decimal 284)
   defining Unicode char U+011D (decimal 285)
   defining Unicode char U+011E (decimal 286)
   defining Unicode char U+011F (decimal 287)
   defining Unicode char U+0120 (decimal 288)
   defining Unicode char U+0121 (decimal 289)
   defining Unicode char U+0122 (decimal 290)
   defining Unicode char U+0123 (decimal 291)
   defining Unicode char U+0124 (decimal 292)
   defining Unicode char U+0125 (decimal 293)
   defining Unicode char U+0128 (decimal 296)
   defining Unicode char U+0129 (decimal 297)
   defining Unicode char U+012A (decimal 298)
   defining Unicode char U+012B (decimal 299)
   defining Unicode char U+012C (decimal 300)
   defining Unicode char U+012D (decimal 301)
   defining Unicode char U+012E (decimal 302)
   defining Unicode char U+012F (decimal 303)
   defining Unicode char U+0130 (decimal 304)
   defining Unicode char U+0131 (decimal 305)
   defining Unicode char U+0132 (decimal 306)
   defining Unicode char U+0133 (decimal 307)
   defining Unicode char U+0134 (decimal 308)
   defining Unicode char U+0135 (decimal 309)
   defining Unicode char U+0136 (decimal 310)
   defining Unicode char U+0137 (decimal 311)
   defining Unicode char U+0139 (decimal 313)
   defining Unicode char U+013A (decimal 314)
   defining Unicode char U+013B (decimal 315)
   defining Unicode char U+013C (decimal 316)
   defining Unicode char U+013D (decimal 317)
   defining Unicode char U+013E (decimal 318)
   defining Unicode char U+0141 (decimal 321)
   defining Unicode char U+0142 (decimal 322)
   defining Unicode char U+0143 (decimal 323)
   defining Unicode char U+0144 (decimal 324)
   defining Unicode char U+0145 (decimal 325)
   defining Unicode char U+0146 (decimal 326)
   defining Unicode char U+0147 (decimal 327)
   defining Unicode char U+0148 (decimal 328)
   defining Unicode char U+014A (decimal 330)
   defining Unicode char U+014B (decimal 331)
   defining Unicode char U+014C (decimal 332)
   defining Unicode char U+014D (decimal 333)
   defining Unicode char U+014E (decimal 334)
   defining Unicode char U+014F (decimal 335)
   defining Unicode char U+0150 (decimal 336)
   defining Unicode char U+0151 (decimal 337)
   defining Unicode char U+0152 (decimal 338)
   defining Unicode char U+0153 (decimal 339)
   defining Unicode char U+0154 (decimal 340)
   defining Unicode char U+0155 (decimal 341)
   defining Unicode char U+0156 (decimal 342)
   defining Unicode char U+0157 (decimal 343)
   defining Unicode char U+0158 (decimal 344)
   defining Unicode char U+0159 (decimal 345)
   defining Unicode char U+015A (decimal 346)
   defining Unicode char U+015B (decimal 347)
   defining Unicode char U+015C (decimal 348)
   defining Unicode char U+015D (decimal 349)
   defining Unicode char U+015E (decimal 350)
   defining Unicode char U+015F (decimal 351)
   defining Unicode char U+0160 (decimal 352)
   defining Unicode char U+0161 (decimal 353)
   defining Unicode char U+0162 (decimal 354)
   defining Unicode char U+0163 (decimal 355)
   defining Unicode char U+0164 (decimal 356)
   defining Unicode char U+0165 (decimal 357)
   defining Unicode char U+0168 (decimal 360)
   defining Unicode char U+0169 (decimal 361)
   defining Unicode char U+016A (decimal 362)
   defining Unicode char U+016B (decimal 363)
   defining Unicode char U+016C (decimal 364)
   defining Unicode char U+016D (decimal 365)
   defining Unicode char U+016E (decimal 366)
   defining Unicode char U+016F (decimal 367)
   defining Unicode char U+0170 (decimal 368)
   defining Unicode char U+0171 (decimal 369)
   defining Unicode char U+0172 (decimal 370)
   defining Unicode char U+0173 (decimal 371)
   defining Unicode char U+0174 (decimal 372)
   defining Unicode char U+0175 (decimal 373)
   defining Unicode char U+0176 (decimal 374)
   defining Unicode char U+0177 (decimal 375)
   defining Unicode char U+0178 (decimal 376)
   defining Unicode char U+0179 (decimal 377)
   defining Unicode char U+017A (decimal 378)
   defining Unicode char U+017B (decimal 379)
   defining Unicode char U+017C (decimal 380)
   defining Unicode char U+017D (decimal 381)
   defining Unicode char U+017E (decimal 382)
   defining Unicode char U+01CD (decimal 461)
   defining Unicode char U+01CE (decimal 462)
   defining Unicode char U+01CF (decimal 463)
   defining Unicode char U+01D0 (decimal 464)
   defining Unicode char U+01D1 (decimal 465)
   defining Unicode char U+01D2 (decimal 466)
   defining Unicode char U+01D3 (decimal 467)
   defining Unicode char U+01D4 (decimal 468)
   defining Unicode char U+01E2 (decimal 482)
   defining Unicode char U+01E3 (decimal 483)
   defining Unicode char U+01E6 (decimal 486)
   defining Unicode char U+01E7 (decimal 487)
   defining Unicode char U+01E8 (decimal 488)
   defining Unicode char U+01E9 (decimal 489)
   defining Unicode char U+01EA (decimal 490)
   defining Unicode char U+01EB (decimal 491)
   defining Unicode char U+01F0 (decimal 496)
   defining Unicode char U+01F4 (decimal 500)
   defining Unicode char U+01F5 (decimal 501)
   defining Unicode char U+0218 (decimal 536)
   defining Unicode char U+0219 (decimal 537)
   defining Unicode char U+021A (decimal 538)
   defining Unicode char U+021B (decimal 539)
   defining Unicode char U+01E02 (decimal 7682)
   defining Unicode char U+01E03 (decimal 7683)
   defining Unicode char U+200C (decimal 8204)
   defining Unicode char U+2013 (decimal 8211)
   defining Unicode char U+2014 (decimal 8212)
   defining Unicode char U+2018 (decimal 8216)
   defining Unicode char U+2019 (decimal 8217)
   defining Unicode char U+201A (decimal 8218)
   defining Unicode char U+201C (decimal 8220)
   defining Unicode char U+201D (decimal 8221)
   defining Unicode char U+201E (decimal 8222)
   defining Unicode char U+2030 (decimal 8240)
   defining Unicode char U+2031 (decimal 8241)
   defining Unicode char U+2039 (decimal 8249)
   defining Unicode char U+203A (decimal 8250)
   defining Unicode char U+2423 (decimal 9251)
)
Now handling font encoding OT1 ...
... processing UTF-8 mapping file for font encoding OT1

(/usr/share/texlive/texmf-dist/tex/latex/base/ot1enc.dfu
File: ot1enc.dfu 2015/12/03 v1.1r UTF-8 support for inputenc
   defining Unicode char U+00A0 (decimal 160)
   defining Unicode char U+00A1 (decimal 161)
   defining Unicode char U+00A3 (decimal 163)
   defining Unicode char U+00AD (decimal 173)
   defining Unicode char U+00B8 (decimal 184)
   defining Unicode char U+00BF (decimal 191)
   defining Unicode char U+00C5 (decimal 197)
   defining Unicode char U+00C6 (decimal 198)
   defining Unicode char U+00D8 (decimal 216)
   defining Unicode char U+00DF (decimal 223)
   defining Unicode char U+00E6 (decimal 230)
   defining Unicode char U+00EC (decimal 236)
   defining Unicode char U+00ED (decimal 237)
   defining Unicode char U+00EE (decimal 238)
   defining Unicode char U+00EF (decimal 239)
   defining Unicode char U+00F8 (decimal 248)
   defining Unicode char U+0131 (decimal 305)
   defining Unicode char U+0141 (decimal 321)
   defining Unicode char U+0142 (decimal 322)
   defining Unicode char U+0152 (decimal 338)
   defining Unicode char U+0153 (decimal 339)
   defining Unicode char U+0174 (decimal 372)
   defining Unicode char U+0175 (decimal 373)
   defining Unicode char U+0176 (decimal 374)
   defining Unicode char U+0177 (decimal 375)
   defining Unicode char U+0218 (decimal 536)
   defining Unicode char U+0219 (decimal 537)
   defining Unicode char U+021A (decimal 538)
   defining Unicode char U+021B (decimal 539)
   defining Unicode char U+2013 (decimal 8211)
   defining Unicode char U+2014 (decimal 8212)
   defining Unicode char U+2018 (decimal 8216)
   defining Unicode char U+2019 (decimal 8217)
   defining Unicode char U+201C (decimal 8220)
   defining Unicode char U+201D (decimal 8221)
)
Now handling font encoding OMS ...
... processing UTF-8 mapping file for font encoding OMS

(/usr/share/texlive/texmf-dist/tex/latex/base/omsenc.dfu
File: omsenc.dfu 2015/12/03 v1.1r UTF-8 support for inputenc
   defining Unicode char U+00A7 (decimal 167)
   defining Unicode char U+00B6 (decimal 182)
   defining Unicode char U+00B7 (decimal 183)
   defining Unicode char U+2020 (decimal 8224)
   defining Unicode char U+2021 (decimal 8225)
   defining Unicode char U+2022 (decimal 8226)
)
Now handling font encoding OMX ...
... no UTF-8 mapping file for font encoding OMX
Now handling font encoding U ...
... no UTF-8 mapping file for font encoding U
   defining Unicode char U+00A9 (decimal 169)
   defining Unicode char U+00AA (decimal 170)
   defining Unicode char U+00AE (decimal 174)
   defining Unicode char U+00BA (decimal 186)
   defining Unicode char U+02C6 (decimal 710)
   defining Unicode char U+02DC (decimal 732)
   defining Unicode char U+200C (decimal 8204)
   defining Unicode char U+2026 (decimal 8230)
   defining Unicode char U+2122 (decimal 8482)
   defining Unicode char U+2423 (decimal 9251)
))
(/usr/share/texlive/texmf-dist/tex/latex/shadow/shadow.sty
Package: shadow 2003/02/19 v1.3 shadow boxes (M.O.)
\txtwdth=\dimen111
\sht=\dimen112
\shw=\dimen113
\shbox=\box26
\sboxsep=\dimen114
\sboxrule=\dimen115
\sdim=\dimen116
)
(/usr/share/texlive/texmf-dist/tex/latex/supertabular/supertabular.sty
Package: supertabular 2004/02/20 v4.1e the supertabular environment
\c@tracingst=\count93
\ST@wd=\dimen117
\ST@rightskip=\skip43
\ST@leftskip=\skip44
\ST@parfillskip=\skip45
\ST@pageleft=\dimen118
\ST@headht=\dimen119
\ST@tailht=\dimen120
\ST@pagesofar=\dimen121
\ST@pboxht=\dimen122
\ST@lineht=\dimen123
\ST@stretchht=\dimen124
\ST@prevht=\dimen125
\ST@toadd=\dimen126
\ST@dimen=\dimen127
\ST@pbox=\box27
)
(/usr/share/texlive/texmf-dist/tex/latex/multirow/multirow.sty
\bigstrutjot=\dimen128
)
(/usr/share/texlive/texmf-dist/tex/latex/tools/multicol.sty
Package: multicol 2015/08/19 v1.8n multicolumn formatting (FMi)
\c@tracingmulticols=\count94
\mult@box=\box28
\multicol@leftmargin=\dimen129
\c@unbalance=\count95
\c@collectmore=\count96
\doublecol@number=\count97
\multicoltolerance=\count98
\multicolpretolerance=\count99
\full@width=\dimen130
\page@free=\dimen131
\premulticols=\dimen132
\postmulticols=\dimen133
\multicolsep=\skip46
\multicolbaselineskip=\skip47
\partial@page=\box29
\last@line=\box30
\maxbalancingoverflow=\dimen134
\mult@rightbox=\box31
\mult@grightbox=\box32
\mult@gfirstbox=\box33
\mult@firstbox=\box34
\@tempa=\box35
\@tempa=\box36
\@tempa=\box37
\@tempa=\box38
\@tempa=\box39
\@tempa=\box40
\@tempa=\box41
\@tempa=\box42
\@tempa=\box43
\@tempa=\box44
\@tempa=\box45
\@tempa=\box46
\@tempa=\box47
\@tempa=\box48
\@tempa=\box49
\@tempa=\box50
\@tempa=\box51
\c@columnbadness=\count100
\c@finalcolumnbadness=\count101
\last@try=\dimen135
\multicolovershoot=\dimen136
\multicolundershoot=\dimen137
\mult@nat@firstbox=\box52
\colbreak@box=\box53
\mc@col@check@num=\count102
)
(/usr/share/texlive/texmf-dist/tex/latex/enumitem/enumitem.sty
Package: enumitem 2011/09/28 v3.5.2 Customized lists
\labelindent=\skip48
\enit@outerparindent=\dimen138
\enit@toks=\toks18
\enit@inbox=\box54
\enitdp@description=\count103
)
(/usr/share/texlive/texmf-dist/tex/latex/graphics/lscape.sty
Package: lscape 2000/10/22 v3.01 Landscape Pages (DPC)

(/usr/share/texlive/texmf-dist/tex/latex/graphics/graphics.sty
Package: graphics 2016/01/03 v1.0q Standard LaTeX Graphics (DPC,SPQR)

(/usr/share/texlive/texmf-dist/tex/latex/graphics/trig.sty
Package: trig 2016/01/03 v1.10 sin cos tan (DPC)
)
(/usr/share/texlive/texmf-dist/tex/latex/latexconfig/graphics.cfg
File: graphics.cfg 2010/04/23 v1.9 graphics configuration of TeX Live
)
Package graphics Info: Driver file: pdftex.def on input line 95.

(/usr/share/texlive/texmf-dist/tex/latex/pdftex-def/pdftex.def
File: pdftex.def 2011/05/27 v0.06d Graphics/color for pdfTeX

(/usr/share/texlive/texmf-dist/tex/generic/oberdiek/infwarerr.sty
Package: infwarerr 2010/04/08 v1.3 Providing info/warning/error messages (HO)
)
(/usr/share/texlive/texmf-dist/tex/generic/oberdiek/ltxcmds.sty
Package: ltxcmds 2011/11/09 v1.22 LaTeX kernel commands for general use (HO)
)
\Gread@gobject=\count104
)))
(/usr/share/texlive/texmf-dist/tex/latex/tools/layout.sty
Package: layout 2014/10/28 v1.2c Show layout parameters
\oneinch=\count105
\cnt@paperwidth=\count106
\cnt@paperheight=\count107
\cnt@hoffset=\count108
\cnt@voffset=\count109
\cnt@textheight=\count110
\cnt@textwidth=\count111
\cnt@topmargin=\count112
\cnt@oddsidemargin=\count113
\cnt@evensidemargin=\count114
\cnt@headheight=\count115
\cnt@headsep=\count116
\cnt@marginparsep=\count117
\cnt@marginparwidth=\count118
\cnt@marginparpush=\count119
\cnt@footskip=\count120
\fheight=\count121
\ref@top=\count122
\ref@hoffset=\count123
\ref@voffset=\count124
\ref@head=\count125
\ref@body=\count126
\ref@foot=\count127
\ref@margin=\count128
\ref@marginwidth=\count129
\ref@marginpar=\count130
\Interval=\count131
\ExtraYPos=\count132
\PositionX=\count133
\PositionY=\count134
\ArrowLength=\count135
)
(/usr/share/texlive/texmf-dist/tex/latex/tools/array.sty
Package: array 2014/10/28 v2.4c Tabular extension package (FMi)
\col@sep=\dimen139
\extrarowheight=\dimen140
\NC@list=\toks19
\extratabsurround=\skip49
\backup@length=\skip50
)
(/usr/share/texlive/texmf-dist/tex/latex/fancybox/fancybox.sty
Package: fancybox 2010/05/15 1.4

Style option: `fancybox' v1.4 <2010/05/15> (tvz)
\@fancybox=\box55
\shadowsize=\dimen141
\@Sbox=\box56
\do@VerbBox=\toks20
\the@fancyput=\toks21
\this@fancyput=\toks22
\EndVerbatimTokens=\toks23
\Verbatim@Outfile=\write3
\Verbatim@Infile=\read1
) (/usr/share/texlive/texmf-dist/tex/latex/tools/xspace.sty
Package: xspace 2014/10/28 v1.13 Space after command names (DPC,MH)
)
(/usr/share/texlive/texmf-dist/tex/latex/booktabs/booktabs.sty
Package: booktabs 2005/04/14 v1.61803 publication quality tables
\heavyrulewidth=\dimen142
\lightrulewidth=\dimen143
\cmidrulewidth=\dimen144
\belowrulesep=\dimen145
\belowbottomsep=\dimen146
\aboverulesep=\dimen147
\abovetopsep=\dimen148
\cmidrulesep=\dimen149
\cmidrulekern=\dimen150
\defaultaddspace=\dimen151
\@cmidla=\count136
\@cmidlb=\count137
\@aboverulesep=\dimen152
\@belowrulesep=\dimen153
\@thisruleclass=\count138
\@lastruleclass=\count139
\@thisrulewidth=\dimen154
)
(/usr/share/texlive/texmf-dist/tex/latex/xcolor/xcolor.sty
Package: xcolor 2007/01/21 v2.11 LaTeX color extensions (UK)

(/usr/share/texlive/texmf-dist/tex/latex/latexconfig/color.cfg
File: color.cfg 2007/01/18 v1.5 color configuration of teTeX/TeXLive
)
Package xcolor Info: Driver file: pdftex.def on input line 225.

(/usr/share/texlive/texmf-dist/tex/latex/colortbl/colortbl.sty
Package: colortbl 2012/02/13 v1.0a Color table columns (DPC)
\everycr=\toks24
\minrowclearance=\skip51
)
\rownum=\count140
Package xcolor Info: Model `cmy' substituted by `cmy0' on input line 1337.
Package xcolor Info: Model `hsb' substituted by `rgb' on input line 1341.
Package xcolor Info: Model `RGB' extended on input line 1353.
Package xcolor Info: Model `HTML' substituted by `rgb' on input line 1355.
Package xcolor Info: Model `Hsb' substituted by `hsb' on input line 1356.
Package xcolor Info: Model `tHsb' substituted by `hsb' on input line 1357.
Package xcolor Info: Model `HSB' substituted by `hsb' on input line 1358.
Package xcolor Info: Model `Gray' substituted by `gray' on input line 1359.
Package xcolor Info: Model `wave' substituted by `hsb' on input line 1360.

(/usr/share/texlive/texmf-dist/tex/latex/graphics/dvipsnam.def
File: dvipsnam.def 2015/12/30 v3.0k Driver-dependent file (DPC,SPQR)
)
(/usr/share/texlive/texmf-dist/tex/latex/xcolor/svgnam.def
File: svgnam.def 2007/01/21 v2.11 Predefined colors according to SVG 1.1 (UK)
))
(/usr/share/texlive/texmf-dist/tex/latex/float/float.sty
Package: float 2001/11/08 v1.3d Float enhancements (AL)
\c@float@type=\count141
\float@exts=\toks25
\float@box=\box57
\@float@everytoks=\toks26
\@floatcapt=\box58
)
(/usr/share/texlive/texmf-dist/tex/latex/tools/varioref.sty
Package: varioref 2015/09/22 v1.5b package for extended references (FMi)
\c@vrcnt=\count142
)
(/usr/share/texlive/texmf-dist/tex/generic/ulem/ulem.sty
\UL@box=\box59
\UL@hyphenbox=\box60
\UL@skip=\skip52
\UL@hook=\toks27
\UL@height=\dimen155
\UL@pe=\count143
\UL@pixel=\dimen156
\ULC@box=\box61
Package: ulem 2012/05/18
\ULdepth=\dimen157
)
(/usr/share/texlive/texmf-dist/tex/latex/eso-pic/eso-pic.sty
Package: eso-pic 2015/07/21 v2.0g eso-pic (RN)

(/usr/share/texlive/texmf-dist/tex/generic/oberdiek/atbegshi.sty
Package: atbegshi 2011/10/05 v1.16 At begin shipout hook (HO)
))
(/usr/share/texlive/texmf-dist/tex/latex/natbib/natbib.sty
Package: natbib 2010/09/13 8.31b (PWD, AO)
\bibhang=\skip53
\bibsep=\skip54
LaTeX Info: Redefining \cite on input line 694.
\c@NAT@ctr=\count144
)
(/usr/share/texlive/texmf-dist/tex/latex/listings/listings.sty
\lst@mode=\count145
\lst@gtempboxa=\box62
\lst@token=\toks28
\lst@length=\count146
\lst@currlwidth=\dimen158
\lst@column=\count147
\lst@pos=\count148
\lst@lostspace=\dimen159
\lst@width=\dimen160
\lst@newlines=\count149
\lst@lineno=\count150
\lst@maxwidth=\dimen161

(/usr/share/texlive/texmf-dist/tex/latex/listings/lstmisc.sty
File: lstmisc.sty 2015/06/04 1.6 (Carsten Heinz)
\c@lstnumber=\count151
\lst@skipnumbers=\count152
\lst@framebox=\box63
)
(/usr/share/texlive/texmf-dist/tex/latex/listings/listings.cfg
File: listings.cfg 2015/06/04 1.6 listings configuration
))
Package: listings 2015/06/04 1.6 (Carsten Heinz)

(/usr/share/texlive/texmf-dist/tex/latex/url/url.sty
\Urlmuskip=\muskip10
Package: url 2013/09/16  ver 3.4  Verb mode for urls, etc.
)
(/usr/share/texlive/texmf-dist/tex/latex/psnfss/pifont.sty
Package: pifont 2005/04/12 PSNFSS-v9.2a Pi font support (SPQR) 
LaTeX Font Info:    Try loading font information for U+pzd on input line 63.

(/usr/share/texlive/texmf-dist/tex/latex/psnfss/upzd.fd
File: upzd.fd 2001/06/04 font definitions for U/pzd.
)
LaTeX Font Info:    Try loading font information for U+psy on input line 64.

(/usr/share/texlive/texmf-dist/tex/latex/psnfss/upsy.fd
File: upsy.fd 2001/06/04 font definitions for U/psy.
))
(/usr/share/texlive/texmf-dist/tex/latex/base/alltt.sty
Package: alltt 1997/06/16 v2.0g defines alltt environment
)
(/usr/share/texlive/texmf-dist/tex/latex/graphics/graphicx.sty
Package: graphicx 2014/10/28 v1.0g Enhanced LaTeX Graphics (DPC,SPQR)
\Gin@req@height=\dimen162
\Gin@req@width=\dimen163
)
(/usr/share/texlive/texmf-dist/tex/latex/hyperref/hyperref.sty
Package: hyperref 2012/11/06 v6.83m Hypertext links for LaTeX

(/usr/share/texlive/texmf-dist/tex/generic/oberdiek/hobsub-hyperref.sty
Package: hobsub-hyperref 2012/05/28 v1.13 Bundle oberdiek, subset hyperref (HO)


(/usr/share/texlive/texmf-dist/tex/generic/oberdiek/hobsub-generic.sty
Package: hobsub-generic 2012/05/28 v1.13 Bundle oberdiek, subset generic (HO)
Package: hobsub 2012/05/28 v1.13 Construct package bundles (HO)
Package hobsub Info: Skipping package `infwarerr' (already loaded).
Package hobsub Info: Skipping package `ltxcmds' (already loaded).
Package: ifluatex 2010/03/01 v1.3 Provides the ifluatex switch (HO)
Package ifluatex Info: LuaTeX not detected.
Package hobsub Info: Skipping package `ifvtex' (already loaded).
Package: intcalc 2007/09/27 v1.1 Expandable calculations with integers (HO)
Package hobsub Info: Skipping package `ifpdf' (already loaded).
Package: etexcmds 2011/02/16 v1.5 Avoid name clashes with e-TeX commands (HO)
Package etexcmds Info: Could not find \expanded.
(etexcmds)             That can mean that you are not using pdfTeX 1.50 or
(etexcmds)             that some package has redefined \expanded.
(etexcmds)             In the latter case, load this package earlier.
Package: kvsetkeys 2012/04/25 v1.16 Key value parser (HO)
Package: kvdefinekeys 2011/04/07 v1.3 Define keys (HO)
Package: pdftexcmds 2011/11/29 v0.20 Utility functions of pdfTeX for LuaTeX (HO
)
Package pdftexcmds Info: LuaTeX not detected.
Package pdftexcmds Info: \pdf@primitive is available.
Package pdftexcmds Info: \pdf@ifprimitive is available.
Package pdftexcmds Info: \pdfdraftmode found.
Package: pdfescape 2011/11/25 v1.13 Implements pdfTeX's escape features (HO)
Package: bigintcalc 2012/04/08 v1.3 Expandable calculations on big integers (HO
)
Package: bitset 2011/01/30 v1.1 Handle bit-vector datatype (HO)
Package: uniquecounter 2011/01/30 v1.2 Provide unlimited unique counter (HO)
)
Package hobsub Info: Skipping package `hobsub' (already loaded).
Package: letltxmacro 2010/09/02 v1.4 Let assignment for LaTeX macros (HO)
Package: hopatch 2012/05/28 v1.2 Wrapper for package hooks (HO)
Package: xcolor-patch 2011/01/30 xcolor patch
Package: atveryend 2011/06/30 v1.8 Hooks at the very end of document (HO)
Package atveryend Info: \enddocument detected (standard20110627).
Package hobsub Info: Skipping package `atbegshi' (already loaded).
Package: refcount 2011/10/16 v3.4 Data extraction from label references (HO)
Package: hycolor 2011/01/30 v1.7 Color options for hyperref/bookmark (HO)
)
(/usr/share/texlive/texmf-dist/tex/latex/oberdiek/auxhook.sty
Package: auxhook 2011/03/04 v1.3 Hooks for auxiliary files (HO)
)
(/usr/share/texlive/texmf-dist/tex/latex/oberdiek/kvoptions.sty
Package: kvoptions 2011/06/30 v3.11 Key value format for package options (HO)
)
\@linkdim=\dimen164
\Hy@linkcounter=\count153
\Hy@pagecounter=\count154

(/usr/share/texlive/texmf-dist/tex/latex/hyperref/pd1enc.def
File: pd1enc.def 2012/11/06 v6.83m Hyperref: PDFDocEncoding definition (HO)
Now handling font encoding PD1 ...
... no UTF-8 mapping file for font encoding PD1
)
\Hy@SavedSpaceFactor=\count155

(/usr/share/texlive/texmf-dist/tex/latex/latexconfig/hyperref.cfg
File: hyperref.cfg 2002/06/06 v1.2 hyperref configuration of TeXLive
)
Package hyperref Info: Option `breaklinks' set `true' on input line 4319.
Package hyperref Info: Option `colorlinks' set `true' on input line 4319.
Package hyperref Info: Option `plainpages' set `false' on input line 4319.
Package hyperref Info: Option `pdfpagelabels' set `true' on input line 4319.
Package hyperref Info: Option `bookmarks' set `true' on input line 4319.
Package hyperref Info: Option `bookmarksopen' set `true' on input line 4319.
Package hyperref Info: Hyper figures OFF on input line 4443.
Package hyperref Info: Link nesting OFF on input line 4448.
Package hyperref Info: Hyper index ON on input line 4451.
Package hyperref Info: Plain pages OFF on input line 4458.
Package hyperref Info: Backreferencing OFF on input line 4463.
Package hyperref Info: Implicit mode ON; LaTeX internals redefined.
Package hyperref Info: Bookmarks ON on input line 4688.
\c@Hy@tempcnt=\count156
LaTeX Info: Redefining \url on input line 5041.
\XeTeXLinkMargin=\dimen165
\Fld@menulength=\count157
\Field@Width=\dimen166
\Fld@charsize=\dimen167
Package hyperref Info: Hyper figures OFF on input line 6295.
Package hyperref Info: Link nesting OFF on input line 6300.
Package hyperref Info: Hyper index ON on input line 6303.
Package hyperref Info: backreferencing OFF on input line 6310.
Package hyperref Info: Link coloring ON on input line 6313.
Package hyperref Info: Link coloring with OCG OFF on input line 6320.
Package hyperref Info: PDF/A mode OFF on input line 6325.
LaTeX Info: Redefining \ref on input line 6365.
LaTeX Info: Redefining \pageref on input line 6369.
\Hy@abspage=\count158
\c@Item=\count159
\c@Hfootnote=\count160
)

Package hyperref Message: Driver: hpdftex.

(/usr/share/texlive/texmf-dist/tex/latex/hyperref/hpdftex.def
File: hpdftex.def 2012/11/06 v6.83m Hyperref driver for pdfTeX
\Fld@listcount=\count161
\c@bookmark@seq@number=\count162

(/usr/share/texlive/texmf-dist/tex/latex/oberdiek/rerunfilecheck.sty
Package: rerunfilecheck 2011/04/15 v1.7 Rerun checks for auxiliary files (HO)
Package uniquecounter Info: New unique counter `rerunfilecheck' on input line 2
82.
)
\Hy@SectionHShift=\skip55
)
(/usr/share/texlive/texmf-dist/tex/latex/rotating/rotating.sty
Package: rotating 2009/03/28 v2.16a rotated objects in LaTeX
\c@r@tfl@t=\count163
\rotFPtop=\skip56
\rotFPbot=\skip57
\rot@float@box=\box64
\rot@mess@toks=\toks29
)
(/usr/share/texlive/texmf-dist/tex/latex/psnfss/helvet.sty
Package: helvet 2005/04/12 PSNFSS-v9.2a (WaS) 
)
LaTeX Font Info:    Redeclaring math alphabet \mathtt on input line 158.
LaTeX Font Info:    Overwriting math alphabet `\mathtt' in version `normal'
(Font)                  OT1/cmtt/m/n --> OT1/txtt/m/n on input line 158.
LaTeX Font Info:    Overwriting math alphabet `\mathtt' in version `bold'
(Font)                  OT1/cmtt/m/n --> OT1/txtt/m/n on input line 158.
LaTeX Font Info:    Overwriting math alphabet `\mathtt' in version `bold'
(Font)                  OT1/txtt/m/n --> OT1/txtt/b/n on input line 159.

(/usr/share/texlive/texmf-dist/tex/latex/sectsty/sectsty.sty
Package: sectsty 2002/02/25 v2.0.2 Commands to change all sectional heading sty
les
)
\captionmargin=\skip58
\as@captionbox=\box65
\as@captionwidth=\skip59

         `rotating' package detected
         `float' package detected
) (./sources/styles/latex-macros.tex) (./sed-ml-L1V4.aux)
\openout1 = `sed-ml-L1V4.aux'.

LaTeX Font Info:    Checking defaults for OML/cmm/m/it on input line 14.
LaTeX Font Info:    ... okay on input line 14.
LaTeX Font Info:    Checking defaults for T1/cmr/m/n on input line 14.
LaTeX Font Info:    ... okay on input line 14.
LaTeX Font Info:    Checking defaults for OT1/cmr/m/n on input line 14.
LaTeX Font Info:    ... okay on input line 14.
LaTeX Font Info:    Checking defaults for OMS/cmsy/m/n on input line 14.
LaTeX Font Info:    ... okay on input line 14.
LaTeX Font Info:    Checking defaults for OMX/cmex/m/n on input line 14.
LaTeX Font Info:    ... okay on input line 14.
LaTeX Font Info:    Checking defaults for U/cmr/m/n on input line 14.
LaTeX Font Info:    ... okay on input line 14.
LaTeX Font Info:    Checking defaults for PD1/pdf/m/n on input line 14.
LaTeX Font Info:    ... okay on input line 14.

*geometry* detected driver: pdftex
*geometry* verbose mode - [ preamble ] result:
* driver: pdftex
* paper: a4paper
* layout: <same size as paper>
* layoutoffset:(h,v)=(0.0pt,0.0pt)
* hratio: 1:1
* vratio: 1:1
* modes: 
* h-part:(L,W,R)=(72.26999pt, 452.9679pt, 72.26999pt)
* v-part:(T,H,B)=(72.26999pt, 700.50687pt, 72.26999pt)
* \paperwidth=597.50787pt
* \paperheight=845.04684pt
* \textwidth=452.9679pt
* \textheight=700.50687pt
* \oddsidemargin=0.0pt
* \evensidemargin=0.0pt
* \topmargin=-37.0pt
* \headheight=12.0pt
* \headsep=25.0pt
* \topskip=10.0pt
* \footskip=30.0pt
* \marginparwidth=54.2025pt
* \marginparsep=11.0pt
* \columnsep=10.0pt
* \skip\footins=9.0pt plus 4.0pt minus 2.0pt
* \hoffset=0.0pt
* \voffset=0.0pt
* \mag=1000
* \@twocolumnfalse
* \@twosidefalse
* \@mparswitchfalse
* \@reversemarginfalse
* (1in=72.27pt=25.4mm, 1cm=28.453pt)

(/usr/share/texlive/texmf-dist/tex/context/base/supp-pdf.mkii
[Loading MPS to PDF converter (version 2006.09.02).]
\scratchcounter=\count164
\scratchdimen=\dimen168
\scratchbox=\box66
\nofMPsegments=\count165
\nofMParguments=\count166
\everyMPshowfont=\toks30
\MPscratchCnt=\count167
\MPscratchDim=\dimen169
\MPnumerator=\count168
\makeMPintoPDFobject=\count169
\everyMPtoPDFconversion=\toks31
) (/usr/share/texlive/texmf-dist/tex/latex/oberdiek/epstopdf-base.sty
Package: epstopdf-base 2010/02/09 v2.5 Base part for package epstopdf

(/usr/share/texlive/texmf-dist/tex/latex/oberdiek/grfext.sty
Package: grfext 2010/08/19 v1.1 Manage graphics extensions (HO)
)
Package grfext Info: Graphics extension search list:
(grfext)             [.pdf,.png,.eps]
(grfext)             \AppendGraphicsExtensions on input line 452.

(/usr/share/texlive/texmf-dist/tex/latex/latexconfig/epstopdf-sys.cfg
File: epstopdf-sys.cfg 2010/07/13 v1.3 Configuration of (r)epstopdf for TeX Liv
e
))
\AtBeginShipoutBox=\box67
\c@lstlisting=\count170
Package hyperref Info: Link coloring ON on input line 14.

(/usr/share/texlive/texmf-dist/tex/latex/hyperref/nameref.sty
Package: nameref 2012/10/27 v2.43 Cross-referencing by name of section

(/usr/share/texlive/texmf-dist/tex/generic/oberdiek/gettitlestring.sty
Package: gettitlestring 2010/12/03 v1.4 Cleanup title references (HO)
)
\c@section@level=\count171
LaTeX Info: Redefining \Ref on input line 513.
)
LaTeX Info: Redefining \ref on input line 14.
LaTeX Info: Redefining \pageref on input line 14.
LaTeX Info: Redefining \nameref on input line 14.

(./sed-ml-L1V4.out) (./sed-ml-L1V4.out)
\@outlinefile=\write4
\openout4 = `sed-ml-L1V4.out'.

LaTeX Info: Redefining \Ref on input line 14.
 (./sources/frontpage.tex
LaTeX Font Info:    Try loading font information for OT1+phv on input line 13.

(/usr/share/texlive/texmf-dist/tex/latex/psnfss/ot1phv.fd
File: ot1phv.fd 2001/06/04 scalable font definitions for OT1/phv.
)
LaTeX Font Info:    Font shape `OT1/phv/bx/n' in size <10> not available
(Font)              Font shape `OT1/phv/b/n' tried instead on input line 13.
LaTeX Font Info:    Font shape `OT1/phv/b/n' will be
(Font)              scaled to size 8.69995pt on input line 13.
LaTeX Font Info:    Font shape `OT1/phv/bx/n' in size <20.74> not available
(Font)              Font shape `OT1/phv/b/n' tried instead on input line 13.
LaTeX Font Info:    Font shape `OT1/phv/b/n' will be
(Font)              scaled to size 18.0437pt on input line 13.
LaTeX Font Info:    External font `cmex10' loaded for size
(Font)              <12> on input line 24.
LaTeX Font Info:    External font `cmex10' loaded for size
(Font)              <8> on input line 24.
LaTeX Font Info:    External font `cmex10' loaded for size
(Font)              <6> on input line 24.
LaTeX Font Info:    Font shape `OT1/phv/bx/n' in size <12> not available
(Font)              Font shape `OT1/phv/b/n' tried instead on input line 28.
LaTeX Font Info:    Font shape `OT1/phv/b/n' will be
(Font)              scaled to size 10.43994pt on input line 28.
LaTeX Font Info:    Font shape `OT1/txtt/m/n' will be
(Font)              scaled to size 9.75006pt on input line 48.
LaTeX Font Info:    External font `cmex10' loaded for size
(Font)              <7> on input line 48.
LaTeX Font Info:    External font `cmex10' loaded for size
(Font)              <5> on input line 48.
LaTeX Font Info:    Font shape `OT1/phv/m/sl' will be
(Font)              scaled to size 8.69995pt on input line 49.

<images/logoSedml.png, id=264, 273.1806pt x 150.8034pt>
File: images/logoSedml.png Graphic file (type png)

<use images/logoSedml.png>
Package pdftex.def Info: images/logoSedml.png used on input line 59.
(pdftex.def)             Requested size: 144.54pt x 79.79195pt.
 [1

{/var/lib/texmf/fonts/map/pdftex/updmap/pdftex.map} <./images/logoSedml.png (PN
G copy)>]) (./sed-ml-L1V4.toc
LaTeX Font Info:    Font shape `OT1/phv/m/n' will be
(Font)              scaled to size 8.69995pt on input line 3.
 [2] [3] [4])
\tf@toc=\write5
\openout5 = `sed-ml-L1V4.toc'.


[5] (./sources/introduction.tex
Chapter 1.
LaTeX Font Info:    Font shape `OT1/phv/bx/n' in size <24.88> not available
(Font)              Font shape `OT1/phv/b/n' tried instead on input line 4.
LaTeX Font Info:    Font shape `OT1/phv/b/n' will be
(Font)              scaled to size 21.64548pt on input line 4.

Package natbib Warning: Citation `Hucka:2003' on page 6 undefined on input line
 8.


Package natbib Warning: Citation `cuellar:2003' on page 6 undefined on input li
ne 8.


Package natbib Warning: Citation `Goddard:2001' on page 6 undefined on input li
ne 8.


Package natbib Warning: Citation `Waltemath:2011' on page 6 undefined on input 
line 10.


Package natbib Warning: Citation `WAB+11' on page 6 undefined on input line 14.


LaTeX Font Info:    Font shape `OT1/phv/bx/n' in size <14.4> not available
(Font)              Font shape `OT1/phv/b/n' tried instead on input line 19.
LaTeX Font Info:    Font shape `OT1/phv/b/n' will be
(Font)              scaled to size 12.52792pt on input line 19.
LaTeX Font Info:    Try loading font information for OMS+cmr on input line 23.
(/usr/share/texlive/texmf-dist/tex/latex/base/omscmr.fd
File: omscmr.fd 2014/09/29 v2.5h Standard LaTeX font definitions
)
LaTeX Font Info:    Font shape `OMS/cmr/m/n' in size <10> not available
(Font)              Font shape `OMS/cmsy/m/n' tried instead on input line 23.
 [6

]

Package natbib Warning: Citation `Elowitz:2000' on page 7 undefined on input li
ne 60.


Package natbib Warning: Citation `Elowitz:2000' on page 7 undefined on input li
ne 67.


Package natbib Warning: Citation `Berners-Lee:2005' on page 7 undefined on inpu
t line 70.

[7]
<examples/repressilator/results/sedml_webtools/timecourse.pdf, id=541, 1284.8pt
 x 963.6pt>
File: examples/repressilator/results/sedml_webtools/timecourse.pdf Graphic file
 (type pdf)
 <use examples/repressilator/results/sedml_webtools/timecourse.pdf>
Package pdftex.def Info: examples/repressilator/results/sedml_webtools/timecour
se.pdf used on input line 82.
(pdftex.def)             Requested size: 212.89546pt x 159.66348pt.
LaTeX Font Info:    Font shape `OT1/phv/m/it' in size <9> not available
(Font)              Font shape `OT1/phv/m/sl' tried instead on input line 83.
LaTeX Font Info:    Font shape `OT1/phv/m/sl' will be
(Font)              scaled to size 7.82996pt on input line 83.
LaTeX Font Info:    Font shape `OT1/phv/bx/it' in size <9> not available
(Font)              Font shape `OT1/phv/b/it' tried instead on input line 83.
LaTeX Font Info:    Font shape `OT1/phv/b/it' in size <9> not available
(Font)              Font shape `OT1/phv/b/sl' tried instead on input line 83.
LaTeX Font Info:    Font shape `OT1/phv/b/sl' will be
(Font)              scaled to size 7.82996pt on input line 83.
LaTeX Font Info:    Font shape `OT1/phv/bx/n' in size <9> not available
(Font)              Font shape `OT1/phv/b/n' tried instead on input line 83.
LaTeX Font Info:    Font shape `OT1/phv/b/n' will be
(Font)              scaled to size 7.82996pt on input line 83.


Package natbib Warning: Citation `bergmann2017sed' on page 8 undefined on input
 line 83.


Package natbib Warning: Citation `bergmann2017sed' on page 8 undefined on input
 line 83.


<examples/repressilator/results/tellurium/timecourse.pdf, id=542, 554.6095pt x 
394.26297pt>
File: examples/repressilator/results/tellurium/timecourse.pdf Graphic file (typ
e pdf)
 <use examples/repressilator/results/tellurium/timecourse.pdf>
Package pdftex.def Info: examples/repressilator/results/tellurium/timecourse.pd
f used on input line 88.
(pdftex.def)             Requested size: 212.89546pt x 151.3435pt.


Package natbib Warning: Citation `tellurium' on page 8 undefined on input line 
89.


Package natbib Warning: Citation `tellurium' on page 8 undefined on input line 
89.


<examples/repressilator/results/sedml_webtools/preprocessing.pdf, id=546, 1284.
8pt x 963.6pt>
File: examples/repressilator/results/sedml_webtools/preprocessing.pdf Graphic f
ile (type pdf)

<use examples/repressilator/results/sedml_webtools/preprocessing.pdf>
Package pdftex.def Info: examples/repressilator/results/sedml_webtools/preproce
ssing.pdf used on input line 115.
(pdftex.def)             Requested size: 212.89546pt x 159.66348pt.
LaTeX Font Info:    Font shape `OT1/txtt/m/it' in size <9> not available
(Font)              Font shape `OT1/txtt/m/sl' tried instead on input line 116.

LaTeX Font Info:    Font shape `OT1/txtt/m/sl' will be
(Font)              scaled to size 8.77505pt on input line 116.
LaTeX Font Info:    External font `cmex10' loaded for size
(Font)              <9> on input line 116.


Package natbib Warning: Citation `bergmann2017sed' on page 8 undefined on input
 line 116.


Package natbib Warning: Citation `bergmann2017sed' on page 8 undefined on input
 line 116.


<examples/repressilator/results/tellurium/preprocessing.pdf, id=547, 548.22627p
t x 394.26297pt>
File: examples/repressilator/results/tellurium/preprocessing.pdf Graphic file (
type pdf)

<use examples/repressilator/results/tellurium/preprocessing.pdf>
Package pdftex.def Info: examples/repressilator/results/tellurium/preprocessing
.pdf used on input line 121.
(pdftex.def)             Requested size: 212.89546pt x 153.10619pt.


Package natbib Warning: Citation `tellurium' on page 8 undefined on input line 
122.


Package natbib Warning: Citation `tellurium' on page 8 undefined on input line 
122.


Overfull \hbox (19.32089pt too wide) in paragraph at lines 136--137
[]\OT1/cmr/m/n/10 Compute the high-est value for each of the re-pres-sor pro-te
ins, \OT1/txtt/m/n/10 max(lacI(t))\OT1/cmr/m/n/10 , \OT1/txtt/m/n/10 max(tetR(t
))\OT1/cmr/m/n/10 , \OT1/txtt/m/n/10 max(cI(t))\OT1/cmr/m/n/10 . 
 []


<examples/repressilator/results/sedml_webtools/postprocessing.pdf, id=552, 1284
.8pt x 963.6pt>
File: examples/repressilator/results/sedml_webtools/postprocessing.pdf Graphic 
file (type pdf)

<use examples/repressilator/results/sedml_webtools/postprocessing.pdf>
Package pdftex.def Info: examples/repressilator/results/sedml_webtools/postproc
essing.pdf used on input line 147.
(pdftex.def)             Requested size: 212.89546pt x 159.66348pt.


Package natbib Warning: Citation `bergmann2017sed' on page 8 undefined on input
 line 148.


Package natbib Warning: Citation `bergmann2017sed' on page 8 undefined on input
 line 148.


<examples/repressilator/results/tellurium/postprocessing.pdf, id=553, 545.0425p
t x 380.25752pt>
File: examples/repressilator/results/tellurium/postprocessing.pdf Graphic file 
(type pdf)

<use examples/repressilator/results/tellurium/postprocessing.pdf>
Package pdftex.def Info: examples/repressilator/results/tellurium/postprocessin
g.pdf used on input line 153.
(pdftex.def)             Requested size: 212.89546pt x 148.53192pt.


Package natbib Warning: Citation `tellurium' on page 8 undefined on input line 
154.


Package natbib Warning: Citation `tellurium' on page 8 undefined on input line 
154.

[8 <./examples/repressilator/results/sedml_webtools/timecourse.pdf> <./examples
/repressilator/results/tellurium/timecourse.pdf>]) [9 <./examples/repressilator
/results/sedml_webtools/preprocessing.pdf> <./examples/repressilator/results/te
llurium/preprocessing.pdf> <./examples/repressilator/results/sedml_webtools/pos
tprocessing.pdf> <./examples/repressilator/results/tellurium/postprocessing.pdf


pdfTeX warning: pdflatex (file ./examples/repressilator/results/tellurium/postp
rocessing.pdf): PDF inclusion: multiple pdfs with page group included in a sing
le page
>]
Chapter 2.
<images/uml/all.pdf, id=802, 434.62375pt x 325.215pt>
File: images/uml/all.pdf Graphic file (type pdf)
 <use images/uml/all.pdf>
Package pdftex.def Info: images/uml/all.pdf used on input line 30.
(pdftex.def)             Requested size: 452.9679pt x 338.95998pt.

(./sources/generalElements.tex [10

 <./images/uml/all.pdf>]
LaTeX Font Info:    Font shape `OT1/phv/bx/sl' in size <10> not available
(Font)              Font shape `OT1/phv/b/sl' tried instead on input line 17.
LaTeX Font Info:    Font shape `OT1/phv/b/sl' will be
(Font)              scaled to size 8.69995pt on input line 17.
LaTeX Font Info:    Font shape `OT1/txtt/bx/sl' in size <10> not available
(Font)              Font shape `OT1/txtt/b/sl' tried instead on input line 17.
LaTeX Font Info:    Font shape `OT1/txtt/b/sl' will be
(Font)              scaled to size 9.75006pt on input line 17.


Package natbib Warning: Citation `HBH+10' on page 11 undefined on input line 19
.

LaTeX Font Info:    Font shape `OT1/txtt/m/n' will be
(Font)              scaled to size 8.77505pt on input line 23.

Underfull \hbox (badness 10000) in paragraph at lines 30--30
 \OT1/txtt/m/sl/9 the character * indicates "zero or more times", and the chara
cter | indicates "or". 
 []


Underfull \hbox (badness 10000) in paragraph at lines 30--30
 \OT1/txtt/m/sl/9 Please consult the XML 1.0 specification for the complete def
initions of letter, digit, 
 []


Package natbib Warning: Citation `HBH+10' on page 11 undefined on input line 36
.

[11]
LaTeX Font Info:    Font shape `OT1/txtt/bx/n' in size <12> not available
(Font)              Font shape `OT1/txtt/b/n' tried instead on input line 85.
LaTeX Font Info:    Font shape `OT1/txtt/b/n' will be
(Font)              scaled to size 11.70007pt on input line 85.


! LaTeX Error: File `images/uml/sedBase' not found.

See the LaTeX manual or LaTeX Companion for explanation.
Type  H <return>  for immediate help.
 ...                                              
                                                  
l.93 ...l/sedBase}{The SEDBase class}{fig:sedBase}
                                                  
I could not locate the file with any of these extensions:
.pdf,.png,.eps
Try typing  <return>  to proceed.
If that doesn't work, type  X <return>  to quit.

LaTeX Font Info:    Font shape `OT1/txtt/m/sl' will be
(Font)              scaled to size 9.75006pt on input line 115.

Package natbib Warning: Citation `P+02' on page 12 undefined on input line 134.



Package natbib Warning: Citation `HBH+10' on page 12 undefined on input line 13
4.

[12] (/usr/share/texlive/texmf-dist/tex/latex/listings/lstlang1.sty
File: lstlang1.sty 2015/06/04 1.6 listings language file
)
(/usr/share/texlive/texmf-dist/tex/latex/listings/lstmisc.sty
File: lstmisc.sty 2015/06/04 1.6 (Carsten Heinz)
)
LaTeX Font Info:    Font shape `OT1/txtt/m/n' will be
(Font)              scaled to size 6.82504pt on input line 160.
LaTeX Font Info:    Font shape `OT1/txtt/m/n' will be
(Font)              scaled to size 4.87503pt on input line 161.


Package natbib Warning: Citation `HBH+10' on page 13 undefined on input line 17
7.


! LaTeX Error: File `images/uml/parameter' not found.

See the LaTeX manual or LaTeX Companion for explanation.
Type  H <return>  for immediate help.
 ...                                              
                                                  
l.212 ...eter}{The Parameter class}{fig:parameter}
                                                  
I could not locate the file with any of these extensions:
.pdf,.png,.eps
Try typing  <return>  to proceed.
If that doesn't work, type  X <return>  to quit.

[13]

! LaTeX Error: File `images/uml/variable' not found.

See the LaTeX manual or LaTeX Companion for explanation.
Type  H <return>  for immediate help.
 ...                                              
                                                  
l.262 ...riable}{The Variable class}{fig:variable}
                                                  
I could not locate the file with any of these extensions:
.pdf,.png,.eps
Try typing  <return>  to proceed.
If that doesn't work, type  X <return>  to quit.

[14] [15] [16]
LaTeX Font Info:    Try loading font information for OMS+txtt on input line 443
.
LaTeX Font Info:    No file OMStxtt.fd. on input line 443.


LaTeX Font Warning: Font shape `OMS/txtt/m/n' undefined
(Font)              using `OMS/cmsy/m/n' instead
(Font)              for symbol `textbraceleft' on input line 443.

[17] [18] [19]) [20] (./sources/sedml.tex

! LaTeX Error: File `images/uml/sed-ml' not found.

See the LaTeX manual or LaTeX Companion for explanation.
Type  H <return>  for immediate help.
 ...                                              
                                                  
l.20 .../sed-ml}{The SED-ML class}{fig:sed-mlMain}
                                                  
I could not locate the file with any of these extensions:
.pdf,.png,.eps
Try typing  <return>  to proceed.
If that doesn't work, type  X <return>  to quit.

LaTeX Font Info:    Font shape `OT1/txtt/bx/n' in size <7> not available
(Font)              Font shape `OT1/txtt/b/n' tried instead on input line 54.
LaTeX Font Info:    Font shape `OT1/txtt/b/n' will be
(Font)              scaled to size 6.82504pt on input line 54.
[21] [22] [23]) (./sources/data.tex
<images/uml/dataDescription.pdf, id=1544, 460.72125pt x 338.26375pt>
File: images/uml/dataDescription.pdf Graphic file (type pdf)

<use images/uml/dataDescription.pdf>
Package pdftex.def Info: images/uml/dataDescription.pdf used on input line 11.
(pdftex.def)             Requested size: 362.37569pt x 266.05376pt.
 [24 <./images/uml/dataDescription.pdf>]
Overfull \hbox (22.66122pt too wide) in paragraph at lines 58--59
\OT1/cmr/m/n/10 (\OT1/txtt/m/n/10 urn:sedml:format:csv\OT1/cmr/m/n/10 ). If it 
is not ex-plic-itly de-fined the de-fault value for []\OT1/txtt/m/n/10 format[]
 \OT1/cmr/m/n/10 is \OT1/txtt/m/n/10 urn:sedml:format:numl\OT1/cmr/m/n/10 ,
 []

[25] [26] [27]) (./sources/model.tex
<images/uml/model.pdf, id=1776, 299.1175pt x 166.6225pt>
File: images/uml/model.pdf Graphic file (type pdf)

<use images/uml/model.pdf>
Package pdftex.def Info: images/uml/model.pdf used on input line 8.
(pdftex.def)             Requested size: 317.07614pt x 176.63934pt.
 [28 <./images/uml/model.pdf>] [29]
<images/uml/change.pdf, id=1928, 456.70625pt x 371.3875pt>
File: images/uml/change.pdf Graphic file (type pdf)

<use images/uml/change.pdf>
Package pdftex.def Info: images/uml/change.pdf used on input line 139.
(pdftex.def)             Requested size: 317.07614pt x 257.85004pt.
 [30] [31 <./images/uml/change.pdf>] [32] [33])
(./sources/simulation.tex

! LaTeX Error: File `images/uml/simulation' not found.

See the LaTeX manual or LaTeX Companion for explanation.
Type  H <return>  for immediate help.
 ...                                              
                                                  
l.8 ...he SED-ML Simulation class}{fig:simulation}
                                                  
I could not locate the file with any of these extensions:
.pdf,.png,.eps
Try typing  <return>  to proceed.
If that doesn't work, type  X <return>  to quit.

[34] [35] [36] [37] [38]) (./sources/task.tex
<images/uml/abstractTask.pdf, id=2386, 370.38374pt x 378.41376pt>
File: images/uml/abstractTask.pdf Graphic file (type pdf)

<use images/uml/abstractTask.pdf>
Package pdftex.def Info: images/uml/abstractTask.pdf used on input line 8.
(pdftex.def)             Requested size: 226.48395pt x 231.39792pt.
 [39 <./images/uml/abstractTask.pdf>]

! LaTeX Error: File `images/uml/repeatedTask' not found.

See the LaTeX manual or LaTeX Companion for explanation.
Type  H <return>  for immediate help.
 ...                                              
                                                  
l.87 ...D-ML RepeatedTask class}{fig:repeatedTask}
                                                  
I could not locate the file with any of these extensions:
.pdf,.png,.eps
Try typing  <return>  to proceed.
If that doesn't work, type  X <return>  to quit.

[40] [41] [42]

! LaTeX Error: File `images/uml/range' not found.

See the LaTeX manual or LaTeX Companion for explanation.
Type  H <return>  for immediate help.
 ...                                              
                                                  
l.252 ...range}{The SED-ML Range class}{fig:range}
                                                  
I could not locate the file with any of these extensions:
.pdf,.png,.eps
Try typing  <return>  to proceed.
If that doesn't work, type  X <return>  to quit.

[43]) (./sources/dataGenerator.tex
<images/uml/dataGenerator.pdf, id=2677, 261.97874pt x 280.04625pt>
File: images/uml/dataGenerator.pdf Graphic file (type pdf)

<use images/uml/dataGenerator.pdf>
Package pdftex.def Info: images/uml/dataGenerator.pdf used on input line 7.
(pdftex.def)             Requested size: 271.7835pt x 290.53613pt.
 [44] [45 <./images/uml/dataGenerator.pdf>])
(./sources/output.tex

! LaTeX Error: File `images/uml/output' not found.

See the LaTeX manual or LaTeX Companion for explanation.
Type  H <return>  for immediate help.
 ...                                              
                                                  
l.9 ...s are not shown in the figure.}{fig:output}
                                                  
I could not locate the file with any of these extensions:
.pdf,.png,.eps
Try typing  <return>  to proceed.
If that doesn't work, type  X <return>  to quit.

[46] [47] [48] [49]) (./sources/concepts.tex [50]
Chapter 3.

Package natbib Warning: Citation `CIM+01' on page 51 undefined on input line 9.


[51

]
LaTeX Font Info:    Font shape `OT1/txtt/m/n' will be
(Font)              scaled to size 7.80005pt on input line 136.
 [52]

Package natbib Warning: Citation `LDR+10' on page 53 undefined on input line 13
8.

LaTeX Font Info:    Font shape `OT1/txtt/m/it' in size <10> not available
(Font)              Font shape `OT1/txtt/m/sl' tried instead on input line 165.

LaTeX Font Info:    Font shape `OT1/txtt/m/sl' will be
(Font)              scaled to size 9.75006pt on input line 165.
[53] [54] [55]

Package natbib Warning: Citation `xpath:1999' on page 56 undefined on input lin
e 334.

[56]

Package natbib Warning: Citation `CWK+10' on page 57 undefined on input line 37
3.


Package natbib Warning: Citation `Bergmann2014' on page 57 undefined on input l
ine 385.


Package natbib Warning: Citation `Bergmann2014' on page 57 undefined on input l
ine 388.

) [57]
Chapter 4.
[58

]
Appendix A.
(./sources/examples.tex
LaTeX Font Info:    Font shape `OT1/txtt/bx/n' in size <14.4> not available
(Font)              Font shape `OT1/txtt/b/n' tried instead on input line 4.
LaTeX Font Info:    Font shape `OT1/txtt/b/n' will be
(Font)              scaled to size 14.04007pt on input line 4.
 (./examples/repressilator/repressilator.xml [59

]
[60]) [61]
<examples/plotting-data-numl/results/sedml_webtools/plot1.pdf, id=3472, 1284.8p
t x 963.6pt>
File: examples/plotting-data-numl/results/sedml_webtools/plot1.pdf Graphic file
 (type pdf)

<use examples/plotting-data-numl/results/sedml_webtools/plot1.pdf>
Package pdftex.def Info: examples/plotting-data-numl/results/sedml_webtools/plo
t1.pdf used on input line 28.
(pdftex.def)             Requested size: 212.89546pt x 159.66348pt.


Package natbib Warning: Citation `bergmann2017sed' on page 62 undefined on inpu
t line 29.


Package natbib Warning: Citation `bergmann2017sed' on page 62 undefined on inpu
t line 29.


<examples/plotting-data-numl/results/tellurium/plot1.pdf, id=3475, 535.45982pt 
x 380.25752pt>
File: examples/plotting-data-numl/results/tellurium/plot1.pdf Graphic file (typ
e pdf)
 <use examples/plotting-data-numl/results/tellurium/plot1.pdf>
Package pdftex.def Info: examples/plotting-data-numl/results/tellurium/plot1.pd
f used on input line 33.
(pdftex.def)             Requested size: 212.89546pt x 151.18935pt.


Package natbib Warning: Citation `tellurium' on page 62 undefined on input line
 34.


Package natbib Warning: Citation `tellurium' on page 62 undefined on input line
 34.

(./examples/plotting-data-numl/plotting-data-numl.xml [62 <./examples/plotting-
data-numl/results/sedml_webtools/plot1.pdf> <./examples/plotting-data-numl/resu
lts/tellurium/plot1.pdf>]) [63]
<examples/repeated-scan-oscli/results/sedml_webtools/plot1.pdf, id=3649, 1284.8
pt x 963.6pt>
File: examples/repeated-scan-oscli/results/sedml_webtools/plot1.pdf Graphic fil
e (type pdf)

<use examples/repeated-scan-oscli/results/sedml_webtools/plot1.pdf>
Package pdftex.def Info: examples/repeated-scan-oscli/results/sedml_webtools/pl
ot1.pdf used on input line 60.
(pdftex.def)             Requested size: 212.89546pt x 159.66348pt.


Package natbib Warning: Citation `bergmann2017sed' on page 64 undefined on inpu
t line 61.


Package natbib Warning: Citation `bergmann2017sed' on page 64 undefined on inpu
t line 61.


<examples/repeated-scan-oscli/results/tellurium/plot1.pdf, id=3652, 535.45982pt
 x 393.98067pt>
File: examples/repeated-scan-oscli/results/tellurium/plot1.pdf Graphic file (ty
pe pdf)
 <use examples/repeated-scan-oscli/results/tellurium/plot1.pdf>
Package pdftex.def Info: examples/repeated-scan-oscli/results/tellurium/plot1.p
df used on input line 65.
(pdftex.def)             Requested size: 212.89546pt x 156.64563pt.


Package natbib Warning: Citation `tellurium' on page 64 undefined on input line
 66.


Package natbib Warning: Citation `tellurium' on page 64 undefined on input line
 66.

(./examples/repeated-scan-oscli/repeated-scan-oscli.xml [64 <./examples/repeate
d-scan-oscli/results/sedml_webtools/plot1.pdf> <./examples/repeated-scan-oscli/
results/tellurium/plot1.pdf>])
<examples/repeated-steady-scan-oscli/results/sedml_webtools/plot1.pdf, id=3761,
 1284.8pt x 963.6pt>
File: examples/repeated-steady-scan-oscli/results/sedml_webtools/plot1.pdf Grap
hic file (type pdf)

<use examples/repeated-steady-scan-oscli/results/sedml_webtools/plot1.pdf>
Package pdftex.def Info: examples/repeated-steady-scan-oscli/results/sedml_webt
ools/plot1.pdf used on input line 83.
(pdftex.def)             Requested size: 212.89546pt x 159.66348pt.


Package natbib Warning: Citation `bergmann2017sed' on page 65 undefined on inpu
t line 84.


Package natbib Warning: Citation `bergmann2017sed' on page 65 undefined on inpu
t line 84.


<examples/repeated-steady-scan-oscli/results/tellurium/plot1.pdf, id=3764, 545.
0425pt x 394.26297pt>
File: examples/repeated-steady-scan-oscli/results/tellurium/plot1.pdf Graphic f
ile (type pdf)

<use examples/repeated-steady-scan-oscli/results/tellurium/plot1.pdf>
Package pdftex.def Info: examples/repeated-steady-scan-oscli/results/tellurium/
plot1.pdf used on input line 88.
(pdftex.def)             Requested size: 212.89546pt x 154.00256pt.


Package natbib Warning: Citation `tellurium' on page 65 undefined on input line
 89.


Package natbib Warning: Citation `tellurium' on page 65 undefined on input line
 89.

(./examples/repeated-steady-scan-oscli/repeated-steady-scan-oscli.xml [65 <./ex
amples/repeated-steady-scan-oscli/results/sedml_webtools/plot1.pdf> <./examples
/repeated-steady-scan-oscli/results/tellurium/plot1.pdf>]) [66]
<examples/repeated-stochastic-runs/results/sedml_webtools/plot1.png, id=3952, 3
76.40625pt x 282.30469pt>
File: examples/repeated-stochastic-runs/results/sedml_webtools/plot1.png Graphi
c file (type png)

<use examples/repeated-stochastic-runs/results/sedml_webtools/plot1.png>
Package pdftex.def Info: examples/repeated-stochastic-runs/results/sedml_webtoo
ls/plot1.png used on input line 110.
(pdftex.def)             Requested size: 212.89546pt x 159.67474pt.


Package natbib Warning: Citation `bergmann2017sed' on page 67 undefined on inpu
t line 111.


Package natbib Warning: Citation `bergmann2017sed' on page 67 undefined on inpu
t line 111.


<examples/repeated-stochastic-runs/results/tellurium/plot1.pdf, id=3956, 548.22
627pt x 393.98067pt>
File: examples/repeated-stochastic-runs/results/tellurium/plot1.pdf Graphic fil
e (type pdf)

<use examples/repeated-stochastic-runs/results/tellurium/plot1.pdf>
Package pdftex.def Info: examples/repeated-stochastic-runs/results/tellurium/pl
ot1.pdf used on input line 115.
(pdftex.def)             Requested size: 212.89546pt x 152.99657pt.


Package natbib Warning: Citation `tellurium' on page 67 undefined on input line
 116.


Package natbib Warning: Citation `tellurium' on page 67 undefined on input line
 116.

(./examples/repeated-stochastic-runs/repeated-stochastic-runs.xml [67 <./exampl
es/repeated-stochastic-runs/results/sedml_webtools/plot1.png> <./examples/repea
ted-stochastic-runs/results/tellurium/plot1.pdf>])
<examples/oscli-nested-pulse/results/sedml_webtools/plot1.pdf, id=4070, 1284.8p
t x 963.6pt>
File: examples/oscli-nested-pulse/results/sedml_webtools/plot1.pdf Graphic file
 (type pdf)

<use examples/oscli-nested-pulse/results/sedml_webtools/plot1.pdf>
Package pdftex.def Info: examples/oscli-nested-pulse/results/sedml_webtools/plo
t1.pdf used on input line 136.
(pdftex.def)             Requested size: 212.89546pt x 159.66348pt.


Package natbib Warning: Citation `bergmann2017sed' on page 68 undefined on inpu
t line 137.


Package natbib Warning: Citation `bergmann2017sed' on page 68 undefined on inpu
t line 137.


<examples/oscli-nested-pulse/results/tellurium/plot1.pdf, id=4073, 535.45982pt 
x 394.26297pt>
File: examples/oscli-nested-pulse/results/tellurium/plot1.pdf Graphic file (typ
e pdf)
 <use examples/oscli-nested-pulse/results/tellurium/plot1.pdf>
Package pdftex.def Info: examples/oscli-nested-pulse/results/tellurium/plot1.pd
f used on input line 141.
(pdftex.def)             Requested size: 212.89546pt x 156.75787pt.


Package natbib Warning: Citation `tellurium' on page 68 undefined on input line
 142.


Package natbib Warning: Citation `tellurium' on page 68 undefined on input line
 142.

(./examples/oscli-nested-pulse/oscli-nested-pulse.xml [68] [69 <./examples/oscl
i-nested-pulse/results/sedml_webtools/plot1.pdf> <./examples/oscli-nested-pulse
/results/tellurium/plot1.pdf>])
<examples/parameter-scan-2d/results/sedml_webtools/plot1.pdf, id=4279, 1284.8pt
 x 963.6pt>
File: examples/parameter-scan-2d/results/sedml_webtools/plot1.pdf Graphic file 
(type pdf)
 <use examples/parameter-scan-2d/results/sedml_webtools/plot1.pdf>
Package pdftex.def Info: examples/parameter-scan-2d/results/sedml_webtools/plot
1.pdf used on input line 162.
(pdftex.def)             Requested size: 212.89546pt x 159.66348pt.

<examples/parameter-scan-2d/results/sedml_webtools/plot2.pdf, id=4280, 1284.8pt
 x 963.6pt>
File: examples/parameter-scan-2d/results/sedml_webtools/plot2.pdf Graphic file 
(type pdf)
 <use examples/parameter-scan-2d/results/sedml_webtools/plot2.pdf>
Package pdftex.def Info: examples/parameter-scan-2d/results/sedml_webtools/plot
2.pdf used on input line 163.
(pdftex.def)             Requested size: 212.89546pt x 159.66348pt.


Package natbib Warning: Citation `bergmann2017sed' on page 70 undefined on inpu
t line 164.


Package natbib Warning: Citation `bergmann2017sed' on page 70 undefined on inpu
t line 164.


<examples/parameter-scan-2d/results/tellurium/plot1.pdf, id=4283, 548.22627pt x
 394.26297pt>
File: examples/parameter-scan-2d/results/tellurium/plot1.pdf Graphic file (type
 pdf)
 <use examples/parameter-scan-2d/results/tellurium/plot1.pdf>
Package pdftex.def Info: examples/parameter-scan-2d/results/tellurium/plot1.pdf
 used on input line 168.
(pdftex.def)             Requested size: 212.89546pt x 153.10619pt.

<examples/parameter-scan-2d/results/tellurium/plot2.pdf, id=4284, 548.22627pt x
 394.26297pt>
File: examples/parameter-scan-2d/results/tellurium/plot2.pdf Graphic file (type
 pdf)
 <use examples/parameter-scan-2d/results/tellurium/plot2.pdf>
Package pdftex.def Info: examples/parameter-scan-2d/results/tellurium/plot2.pdf
 used on input line 169.
(pdftex.def)             Requested size: 212.89546pt x 153.10619pt.


Package natbib Warning: Citation `tellurium' on page 70 undefined on input line
 170.


Package natbib Warning: Citation `tellurium' on page 70 undefined on input line
 170.

(./examples/parameter-scan-2d/parameter-scan-2d.xml [70] [71 <./examples/parame
ter-scan-2d/results/sedml_webtools/plot1.pdf> <./examples/parameter-scan-2d/res
ults/sedml_webtools/plot2.pdf> <./examples/parameter-scan-2d/results/tellurium/
plot1.pdf> <./examples/parameter-scan-2d/results/tellurium/plot2.pdf

pdfTeX warning: pdflatex (file ./examples/parameter-scan-2d/results/tellurium/p
lot2.pdf): PDF inclusion: multiple pdfs with page group included in a single pa
ge
>]) [72]

Package natbib Warning: Citation `Hucka:2003' on page 73 undefined on input lin
e 184.


Package natbib Warning: Citation `cuellar:2003' on page 73 undefined on input l
ine 184.


Package natbib Warning: Citation `Hucka:2003' on page 73 undefined on input lin
e 188.


<examples/vanderpol-sbml/results/sedml_webtools/plot1.pdf, id=4607, 1284.8pt x 
963.6pt>
File: examples/vanderpol-sbml/results/sedml_webtools/plot1.pdf Graphic file (ty
pe pdf)
 <use examples/vanderpol-sbml/results/sedml_webtools/plot1.pdf>
Package pdftex.def Info: examples/vanderpol-sbml/results/sedml_webtools/plot1.p
df used on input line 194.
(pdftex.def)             Requested size: 212.89546pt x 159.66348pt.

<examples/vanderpol-sbml/results/sedml_webtools/plot2.pdf, id=4608, 1284.8pt x 
963.6pt>
File: examples/vanderpol-sbml/results/sedml_webtools/plot2.pdf Graphic file (ty
pe pdf)
 <use examples/vanderpol-sbml/results/sedml_webtools/plot2.pdf>
Package pdftex.def Info: examples/vanderpol-sbml/results/sedml_webtools/plot2.p
df used on input line 195.
(pdftex.def)             Requested size: 212.89546pt x 159.66348pt.


Package natbib Warning: Citation `bergmann2017sed' on page 73 undefined on inpu
t line 196.


Package natbib Warning: Citation `bergmann2017sed' on page 73 undefined on inpu
t line 196.


<examples/vanderpol-sbml/results/tellurium/plot1.pdf, id=4611, 543.86623pt x 38
0.25752pt>
File: examples/vanderpol-sbml/results/tellurium/plot1.pdf Graphic file (type pd
f)
 <use examples/vanderpol-sbml/results/tellurium/plot1.pdf>
Package pdftex.def Info: examples/vanderpol-sbml/results/tellurium/plot1.pdf us
ed on input line 200.
(pdftex.def)             Requested size: 212.89546pt x 148.85104pt.

<examples/vanderpol-sbml/results/tellurium/plot2.pdf, id=4612, 543.86623pt x 39
4.09045pt>
File: examples/vanderpol-sbml/results/tellurium/plot2.pdf Graphic file (type pd
f)
 <use examples/vanderpol-sbml/results/tellurium/plot2.pdf>
Package pdftex.def Info: examples/vanderpol-sbml/results/tellurium/plot2.pdf us
ed on input line 201.
(pdftex.def)             Requested size: 212.89546pt x 154.26591pt.


Package natbib Warning: Citation `tellurium' on page 73 undefined on input line
 202.


Package natbib Warning: Citation `tellurium' on page 73 undefined on input line
 202.

(./examples/vanderpol-sbml/vanderpol.xml [73 <./examples/vanderpol-sbml/results
/sedml_webtools/plot1.pdf> <./examples/vanderpol-sbml/results/sedml_webtools/pl
ot2.pdf> <./examples/vanderpol-sbml/results/tellurium/plot1.pdf> <./examples/va
nderpol-sbml/results/tellurium/plot2.pdf

pdfTeX warning: pdflatex (file ./examples/vanderpol-sbml/results/tellurium/plot
2.pdf): PDF inclusion: multiple pdfs with page group included in a single page
>]) [74]

Package natbib Warning: Citation `cuellar:2003' on page 75 undefined on input l
ine 211.


<examples/vanderpol-cellml/results/sedml_webtools/plot1.pdf, id=4831, 1284.8pt 
x 963.6pt>
File: examples/vanderpol-cellml/results/sedml_webtools/plot1.pdf Graphic file (
type pdf)
 <use examples/vanderpol-cellml/results/sedml_webtools/plot1.pdf>
Package pdftex.def Info: examples/vanderpol-cellml/results/sedml_webtools/plot1
.pdf used on input line 217.
(pdftex.def)             Requested size: 212.89546pt x 159.66348pt.

<examples/vanderpol-cellml/results/sedml_webtools/plot2.pdf, id=4832, 1284.8pt 
x 963.6pt>
File: examples/vanderpol-cellml/results/sedml_webtools/plot2.pdf Graphic file (
type pdf)
 <use examples/vanderpol-cellml/results/sedml_webtools/plot2.pdf>
Package pdftex.def Info: examples/vanderpol-cellml/results/sedml_webtools/plot2
.pdf used on input line 218.
(pdftex.def)             Requested size: 212.89546pt x 159.66348pt.


Package natbib Warning: Citation `bergmann2017sed' on page 75 undefined on inpu
t line 219.


Package natbib Warning: Citation `bergmann2017sed' on page 75 undefined on inpu
t line 219.


<examples/vanderpol-cellml/results/opencor/plot1.pdf, id=4835, 3363.56625pt x 1
087.06125pt>
File: examples/vanderpol-cellml/results/opencor/plot1.pdf Graphic file (type pd
f)
 <use examples/vanderpol-cellml/results/opencor/plot1.pdf>
Package pdftex.def Info: examples/vanderpol-cellml/results/opencor/plot1.pdf us
ed on input line 223.
(pdftex.def)             Requested size: 226.48395pt x 73.18271pt.

<examples/vanderpol-cellml/results/opencor/plot2.pdf, id=4836, 3363.56625pt x 1
087.06125pt>
File: examples/vanderpol-cellml/results/opencor/plot2.pdf Graphic file (type pd
f)
 <use examples/vanderpol-cellml/results/opencor/plot2.pdf>
Package pdftex.def Info: examples/vanderpol-cellml/results/opencor/plot2.pdf us
ed on input line 224.
(pdftex.def)             Requested size: 226.48395pt x 73.18271pt.


Package natbib Warning: Citation `garny2015opencor' on page 75 undefined on inp
ut line 225.


Package natbib Warning: Citation `garny2015opencor' on page 75 undefined on inp
ut line 225.

(./examples/vanderpol-cellml/vanderpol.xml [75 <./examples/vanderpol-cellml/res
ults/sedml_webtools/plot1.pdf> <./examples/vanderpol-cellml/results/sedml_webto
ols/plot2.pdf> <./examples/vanderpol-cellml/results/opencor/plot1.pdf> <./examp
les/vanderpol-cellml/results/opencor/plot2.pdf>]) [76] [77]

Package natbib Warning: Citation `LeLoup1999' on page 78 undefined on input lin
e 289.


<examples/leloup-sbml/results/sedml_webtools/plot1.pdf, id=5014, 1284.8pt x 963
.6pt>
File: examples/leloup-sbml/results/sedml_webtools/plot1.pdf Graphic file (type 
pdf)
 <use examples/leloup-sbml/results/sedml_webtools/plot1.pdf>
Package pdftex.def Info: examples/leloup-sbml/results/sedml_webtools/plot1.pdf 
used on input line 303.
(pdftex.def)             Requested size: 212.89546pt x 159.66348pt.

<examples/leloup-sbml/results/sedml_webtools/plot2.pdf, id=5015, 1284.8pt x 963
.6pt>
File: examples/leloup-sbml/results/sedml_webtools/plot2.pdf Graphic file (type 
pdf)
 <use examples/leloup-sbml/results/sedml_webtools/plot2.pdf>
Package pdftex.def Info: examples/leloup-sbml/results/sedml_webtools/plot2.pdf 
used on input line 304.
(pdftex.def)             Requested size: 212.89546pt x 159.66348pt.

<examples/leloup-sbml/results/sedml_webtools/plot3.pdf, id=5016, 1284.8pt x 963
.6pt>
File: examples/leloup-sbml/results/sedml_webtools/plot3.pdf Graphic file (type 
pdf)
 <use examples/leloup-sbml/results/sedml_webtools/plot3.pdf>
Package pdftex.def Info: examples/leloup-sbml/results/sedml_webtools/plot3.pdf 
used on input line 305.
(pdftex.def)             Requested size: 212.89546pt x 159.66348pt.


Package natbib Warning: Citation `bergmann2017sed' on page 78 undefined on inpu
t line 306.


Package natbib Warning: Citation `bergmann2017sed' on page 78 undefined on inpu
t line 306.


<examples/leloup-sbml/results/tellurium/plot1.pdf, id=5019, 535.45982pt x 393.9
8067pt>
File: examples/leloup-sbml/results/tellurium/plot1.pdf Graphic file (type pdf)
 <use examples/leloup-sbml/results/tellurium/plot1.pdf>
Package pdftex.def Info: examples/leloup-sbml/results/tellurium/plot1.pdf used 
on input line 311.
(pdftex.def)             Requested size: 212.89546pt x 156.64563pt.

<examples/leloup-sbml/results/tellurium/plot2.pdf, id=5020, 545.0425pt x 394.26
297pt>
File: examples/leloup-sbml/results/tellurium/plot2.pdf Graphic file (type pdf)
 <use examples/leloup-sbml/results/tellurium/plot2.pdf>
Package pdftex.def Info: examples/leloup-sbml/results/tellurium/plot2.pdf used 
on input line 312.
(pdftex.def)             Requested size: 212.89546pt x 154.00256pt.

<examples/leloup-sbml/results/tellurium/plot3.pdf, id=5021, 535.45982pt x 394.2
6297pt>
File: examples/leloup-sbml/results/tellurium/plot3.pdf Graphic file (type pdf)
 <use examples/leloup-sbml/results/tellurium/plot3.pdf>
Package pdftex.def Info: examples/leloup-sbml/results/tellurium/plot3.pdf used 
on input line 313.
(pdftex.def)             Requested size: 212.89546pt x 156.75787pt.


Package natbib Warning: Citation `tellurium' on page 78 undefined on input line
 314.


Package natbib Warning: Citation `tellurium' on page 78 undefined on input line
 314.

(./examples/leloup-sbml/leloup-sbml.xml [78] [79 <./examples/leloup-sbml/result
s/sedml_webtools/plot1.pdf> <./examples/leloup-sbml/results/sedml_webtools/plot
2.pdf> <./examples/leloup-sbml/results/sedml_webtools/plot3.pdf> <./examples/le
loup-sbml/results/tellurium/plot1.pdf> <./examples/leloup-sbml/results/telluriu
m/plot2.pdf

pdfTeX warning: pdflatex (file ./examples/leloup-sbml/results/tellurium/plot2.p
df): PDF inclusion: multiple pdfs with page group included in a single page
> <./examples/leloup-sbml/results/tellurium/plot3.pdf

pdfTeX warning: pdflatex (file ./examples/leloup-sbml/results/tellurium/plot3.p
df): PDF inclusion: multiple pdfs with page group included in a single page
>])

Package natbib Warning: Citation `hoffmann2002ikappab' on page 80 undefined on 
input line 325.


Package natbib Warning: Citation `N+06' on page 80 undefined on input line 328.



Overfull \hbox (7.09329pt too wide) in paragraph at lines 332--333
[]\OT1/cmr/m/n/10 As out-put this sim-u-la-tion de-scrip-tion col-lects four pa
-ram-e-ters: \OT1/txtt/m/n/10 Total[]NFkBn\OT1/cmr/m/n/10 , \OT1/txtt/m/n/10 To
tal[]IkBbeta\OT1/cmr/m/n/10 , \OT1/txtt/m/n/10 Total[]IkBeps
 []


<examples/ikappab/results/sedml_webtools/plot1.pdf, id=5324, 1284.8pt x 963.6pt
>
File: examples/ikappab/results/sedml_webtools/plot1.pdf Graphic file (type pdf)

 <use examples/ikappab/results/sedml_webtools/plot1.pdf>
Package pdftex.def Info: examples/ikappab/results/sedml_webtools/plot1.pdf used
 on input line 338.
(pdftex.def)             Requested size: 212.89546pt x 159.66348pt.


Package natbib Warning: Citation `bergmann2017sed' on page 80 undefined on inpu
t line 339.


Package natbib Warning: Citation `bergmann2017sed' on page 80 undefined on inpu
t line 339.


<examples/ikappab/results/tellurium/plot1.pdf, id=5327, 545.0425pt x 393.98067p
t>
File: examples/ikappab/results/tellurium/plot1.pdf Graphic file (type pdf)
 <use examples/ikappab/results/tellurium/plot1.pdf>
Package pdftex.def Info: examples/ikappab/results/tellurium/plot1.pdf used on i
nput line 344.
(pdftex.def)             Requested size: 212.89546pt x 153.8923pt.


Package natbib Warning: Citation `tellurium' on page 80 undefined on input line
 345.


Package natbib Warning: Citation `tellurium' on page 80 undefined on input line
 345.

(./examples/ikappab/ikappab.xml [80 <./examples/ikappab/results/sedml_webtools/
plot1.pdf> <./examples/ikappab/results/tellurium/plot1.pdf>])) [81]
Appendix B.
(../../schema/level1/version3/sed-ml-L1-V3.xsd [82

] [83] [84] [85] [86]
[87] [88] [89])
No file sed-ml-L1V4.bbl.

Package natbib Warning: There were undefined citations.

Package atveryend Info: Empty hook `BeforeClearDocument' on input line 113.
[90]
Package atveryend Info: Empty hook `AfterLastShipout' on input line 113.
 (./sed-ml-L1V4.aux)
Package atveryend Info: Executing hook `AtVeryEndDocument' on input line 113.


 *File List*
  report.cls    2014/09/29 v1.4h Standard LaTeX document class
  size10.clo    2014/09/29 v1.4h Standard LaTeX file (size option)
tocvsec2.sty    2014/03/10 v1.3a variable ToC section entries
  ifthen.sty    2014/09/29 v1.1c Standard LaTeX ifthen package (DPC)
sources/styles/latex-style.tex
geometry.sty    2010/09/12 v5.6 Page Geometry
  keyval.sty    2014/10/28 v1.15 key=value parser (DPC)
   ifpdf.sty    2011/01/30 v2.3 Provides the ifpdf switch (HO)
  ifvtex.sty    2010/03/01 v1.5 Detect VTeX and its facilities (HO)
 ifxetex.sty    2010/09/12 v0.6 Provides ifxetex conditional
inputenc.sty    2015/03/17 v1.2c Input encoding file
    utf8.def    2015/12/03 v1.1r UTF-8 support for inputenc
   t1enc.dfu    2015/12/03 v1.1r UTF-8 support for inputenc
  ot1enc.dfu    2015/12/03 v1.1r UTF-8 support for inputenc
  omsenc.dfu    2015/12/03 v1.1r UTF-8 support for inputenc
  shadow.sty    2003/02/19 v1.3 shadow boxes (M.O.)
supertabular.sty    2004/02/20 v4.1e the supertabular environment
multirow.sty    
multicol.sty    2015/08/19 v1.8n multicolumn formatting (FMi)
enumitem.sty    2011/09/28 v3.5.2 Customized lists
  lscape.sty    2000/10/22 v3.01 Landscape Pages (DPC)
graphics.sty    2016/01/03 v1.0q Standard LaTeX Graphics (DPC,SPQR)
    trig.sty    2016/01/03 v1.10 sin cos tan (DPC)
graphics.cfg    2010/04/23 v1.9 graphics configuration of TeX Live
  pdftex.def    2011/05/27 v0.06d Graphics/color for pdfTeX
infwarerr.sty    2010/04/08 v1.3 Providing info/warning/error messages (HO)
 ltxcmds.sty    2011/11/09 v1.22 LaTeX kernel commands for general use (HO)
  layout.sty    2014/10/28 v1.2c Show layout parameters
   array.sty    2014/10/28 v2.4c Tabular extension package (FMi)
fancybox.sty    2010/05/15 1.4
  xspace.sty    2014/10/28 v1.13 Space after command names (DPC,MH)
booktabs.sty    2005/04/14 v1.61803 publication quality tables
  xcolor.sty    2007/01/21 v2.11 LaTeX color extensions (UK)
   color.cfg    2007/01/18 v1.5 color configuration of teTeX/TeXLive
colortbl.sty    2012/02/13 v1.0a Color table columns (DPC)
dvipsnam.def    2015/12/30 v3.0k Driver-dependent file (DPC,SPQR)
  svgnam.def    2007/01/21 v2.11 Predefined colors according to SVG 1.1 (UK)
   float.sty    2001/11/08 v1.3d Float enhancements (AL)
varioref.sty    2015/09/22 v1.5b package for extended references (FMi)
    ulem.sty    2012/05/18
 eso-pic.sty    2015/07/21 v2.0g eso-pic (RN)
atbegshi.sty    2011/10/05 v1.16 At begin shipout hook (HO)
  natbib.sty    2010/09/13 8.31b (PWD, AO)
listings.sty    2015/06/04 1.6 (Carsten Heinz)
 lstmisc.sty    2015/06/04 1.6 (Carsten Heinz)
listings.cfg    2015/06/04 1.6 listings configuration
     url.sty    2013/09/16  ver 3.4  Verb mode for urls, etc.
  pifont.sty    2005/04/12 PSNFSS-v9.2a Pi font support (SPQR) 
    upzd.fd    2001/06/04 font definitions for U/pzd.
    upsy.fd    2001/06/04 font definitions for U/psy.
   alltt.sty    1997/06/16 v2.0g defines alltt environment
graphicx.sty    2014/10/28 v1.0g Enhanced LaTeX Graphics (DPC,SPQR)
hyperref.sty    2012/11/06 v6.83m Hypertext links for LaTeX
hobsub-hyperref.sty    2012/05/28 v1.13 Bundle oberdiek, subset hyperref (HO)
hobsub-generic.sty    2012/05/28 v1.13 Bundle oberdiek, subset generic (HO)
  hobsub.sty    2012/05/28 v1.13 Construct package bundles (HO)
ifluatex.sty    2010/03/01 v1.3 Provides the ifluatex switch (HO)
 intcalc.sty    2007/09/27 v1.1 Expandable calculations with integers (HO)
etexcmds.sty    2011/02/16 v1.5 Avoid name clashes with e-TeX commands (HO)
kvsetkeys.sty    2012/04/25 v1.16 Key value parser (HO)
kvdefinekeys.sty    2011/04/07 v1.3 Define keys (HO)
pdftexcmds.sty    2011/11/29 v0.20 Utility functions of pdfTeX for LuaTeX (HO)
pdfescape.sty    2011/11/25 v1.13 Implements pdfTeX's escape features (HO)
bigintcalc.sty    2012/04/08 v1.3 Expandable calculations on big integers (HO)
  bitset.sty    2011/01/30 v1.1 Handle bit-vector datatype (HO)
uniquecounter.sty    2011/01/30 v1.2 Provide unlimited unique counter (HO)
letltxmacro.sty    2010/09/02 v1.4 Let assignment for LaTeX macros (HO)
 hopatch.sty    2012/05/28 v1.2 Wrapper for package hooks (HO)
xcolor-patch.sty    2011/01/30 xcolor patch
atveryend.sty    2011/06/30 v1.8 Hooks at the very end of document (HO)
refcount.sty    2011/10/16 v3.4 Data extraction from label references (HO)
 hycolor.sty    2011/01/30 v1.7 Color options for hyperref/bookmark (HO)
 auxhook.sty    2011/03/04 v1.3 Hooks for auxiliary files (HO)
kvoptions.sty    2011/06/30 v3.11 Key value format for package options (HO)
  pd1enc.def    2012/11/06 v6.83m Hyperref: PDFDocEncoding definition (HO)
hyperref.cfg    2002/06/06 v1.2 hyperref configuration of TeXLive
 hpdftex.def    2012/11/06 v6.83m Hyperref driver for pdfTeX
rerunfilecheck.sty    2011/04/15 v1.7 Rerun checks for auxiliary files (HO)
rotating.sty    2009/03/28 v2.16a rotated objects in LaTeX
  helvet.sty    2005/04/12 PSNFSS-v9.2a (WaS) 
 sectsty.sty    2002/02/25 v2.0.2 Commands to change all sectional heading styl
es
sources/styles/latex-macros.tex
supp-pdf.mkii
epstopdf-base.sty    2010/02/09 v2.5 Base part for package epstopdf
  grfext.sty    2010/08/19 v1.1 Manage graphics extensions (HO)
epstopdf-sys.cfg    2010/07/13 v1.3 Configuration of (r)epstopdf for TeX Live
 nameref.sty    2012/10/27 v2.43 Cross-referencing by name of section
gettitlestring.sty    2010/12/03 v1.4 Cleanup title references (HO)
sed-ml-L1V4.out
sed-ml-L1V4.out
sources/frontpage.tex
  ot1phv.fd    2001/06/04 scalable font definitions for OT1/phv.
images/logoSedml.png
sources/introduction.tex
  omscmr.fd    2014/09/29 v2.5h Standard LaTeX font definitions
examples/repressilator/results/sedml_webtools/timecourse.pdf
examples/repressilator/results/tellurium/timecourse.pdf
examples/repressilator/results/sedml_webtools/preprocessing.pdf
examples/repressilator/results/tellurium/preprocessing.pdf
examples/repressilator/results/sedml_webtools/postprocessing.pdf
examples/repressilator/results/tellurium/postprocessing.pdf
images/uml/all.pdf
sources/generalElements.tex
lstlang1.sty    2015/06/04 1.6 listings language file
 lstmisc.sty    2015/06/04 1.6 (Carsten Heinz)
sources/sedml.tex
sources/data.tex
images/uml/dataDescription.pdf
sources/model.tex
images/uml/model.pdf
images/uml/change.pdf
sources/simulation.tex
sources/task.tex
images/uml/abstractTask.pdf
sources/dataGenerator.tex
images/uml/dataGenerator.pdf
sources/output.tex
sources/concepts.tex
sources/examples.tex
examples/repressilator/repressilator.xml
examples/plotting-data-numl/results/sedml_webtools/plot1.pdf
examples/plotting-data-numl/results/tellurium/plot1.pdf
examples/plotting-data-numl/plotting-data-numl.xml
examples/repeated-scan-oscli/results/sedml_webtools/plot1.pdf
examples/repeated-scan-oscli/results/tellurium/plot1.pdf
examples/repeated-scan-oscli/repeated-scan-oscli.xml
examples/repeated-steady-scan-oscli/results/sedml_webtools/plot1.pdf
examples/repeated-steady-scan-oscli/results/tellurium/plot1.pdf
examples/repeated-steady-scan-oscli/repeated-steady-scan-oscli.xml
examples/repeated-stochastic-runs/results/sedml_webtools/plot1.png
examples/repeated-stochastic-runs/results/tellurium/plot1.pdf
examples/repeated-stochastic-runs/repeated-stochastic-runs.xml
examples/oscli-nested-pulse/results/sedml_webtools/plot1.pdf
examples/oscli-nested-pulse/results/tellurium/plot1.pdf
examples/oscli-nested-pulse/oscli-nested-pulse.xml
examples/parameter-scan-2d/results/sedml_webtools/plot1.pdf
examples/parameter-scan-2d/results/sedml_webtools/plot2.pdf
examples/parameter-scan-2d/results/tellurium/plot1.pdf
examples/parameter-scan-2d/results/tellurium/plot2.pdf
examples/parameter-scan-2d/parameter-scan-2d.xml
examples/vanderpol-sbml/results/sedml_webtools/plot1.pdf
examples/vanderpol-sbml/results/sedml_webtools/plot2.pdf
examples/vanderpol-sbml/results/tellurium/plot1.pdf
examples/vanderpol-sbml/results/tellurium/plot2.pdf
examples/vanderpol-sbml/vanderpol.xml
examples/vanderpol-cellml/results/sedml_webtools/plot1.pdf
examples/vanderpol-cellml/results/sedml_webtools/plot2.pdf
examples/vanderpol-cellml/results/opencor/plot1.pdf
examples/vanderpol-cellml/results/opencor/plot2.pdf
examples/vanderpol-cellml/vanderpol.xml
examples/leloup-sbml/results/sedml_webtools/plot1.pdf
examples/leloup-sbml/results/sedml_webtools/plot2.pdf
examples/leloup-sbml/results/sedml_webtools/plot3.pdf
examples/leloup-sbml/results/tellurium/plot1.pdf
examples/leloup-sbml/results/tellurium/plot2.pdf
examples/leloup-sbml/results/tellurium/plot3.pdf
examples/leloup-sbml/leloup-sbml.xml
examples/ikappab/results/sedml_webtools/plot1.pdf
examples/ikappab/results/tellurium/plot1.pdf
examples/ikappab/ikappab.xml
../../schema/level1/version3/sed-ml-L1-V3.xsd
 ***********

Package atveryend Info: Executing hook `AtEndAfterFileList' on input line 113.

Package rerunfilecheck Warning: File `sed-ml-L1V4.out' has changed.
(rerunfilecheck)                Rerun to get outlines right
(rerunfilecheck)                or use package `bookmark'.

Package rerunfilecheck Info: Checksums for `sed-ml-L1V4.out':
(rerunfilecheck)             Before: 2CE72AB9766867115454D2434FC4EAB5;4782
(rerunfilecheck)             After:  8B7BD85A2D15498C25AB341C8E5CC2C5;9002.

LaTeX Font Warning: Some font shapes were not available, defaults substituted.


LaTeX Warning: Label(s) may have changed. Rerun to get cross-references right.

Package atveryend Info: Empty hook `AtVeryVeryEnd' on input line 113.
 ) 
Here is how much of TeX's memory you used:
 14423 strings out of 494910
 216224 string characters out of 6179836
 566736 words of memory out of 5000000
 14456 multiletter control sequences out of 15000+600000
 29975 words of font info for 69 fonts, out of 8000000 for 9000
 36 hyphenation exceptions out of 8191
 43i,13n,51p,1120b,1935s stack positions out of 5000i,500n,10000p,200000b,80000s
{/usr/share/texlive/texmf-dist/fonts/enc/dvips/base/8r.enc}</usr/share/texliv
e/texmf-dist/fonts/type1/public/amsfonts/cm/cmbx10.pfb></usr/share/texlive/texm
f-dist/fonts/type1/public/amsfonts/cm/cmbx9.pfb></usr/share/texlive/texmf-dist/
fonts/type1/public/amsfonts/cm/cmmi10.pfb></usr/share/texlive/texmf-dist/fonts/
type1/public/amsfonts/cm/cmmi5.pfb></usr/share/texlive/texmf-dist/fonts/type1/p
ublic/amsfonts/cm/cmmi6.pfb></usr/share/texlive/texmf-dist/fonts/type1/public/a
msfonts/cm/cmmi7.pfb></usr/share/texlive/texmf-dist/fonts/type1/public/amsfonts
/cm/cmr10.pfb></usr/share/texlive/texmf-dist/fonts/type1/public/amsfonts/cm/cmr
12.pfb></usr/share/texlive/texmf-dist/fonts/type1/public/amsfonts/cm/cmr6.pfb><
/usr/share/texlive/texmf-dist/fonts/type1/public/amsfonts/cm/cmr7.pfb></usr/sha
re/texlive/texmf-dist/fonts/type1/public/amsfonts/cm/cmr9.pfb></usr/share/texli
ve/texmf-dist/fonts/type1/public/amsfonts/cm/cmsy10.pfb></usr/share/texlive/tex
mf-dist/fonts/type1/public/amsfonts/cm/cmti10.pfb></usr/share/texlive/texmf-dis
t/fonts/type1/public/amsfonts/cm/cmti12.pfb></usr/share/texlive/texmf-dist/font
s/type1/public/amsfonts/cm/cmti9.pfb></usr/share/texlive/texmf-dist/fonts/type1
/public/amsfonts/latxfont/lcircle1.pfb></usr/share/texlive/texmf-dist/fonts/typ
e1/public/txfonts/txbtt.pfb></usr/share/texlive/texmf-dist/fonts/type1/public/t
xfonts/txbtt.pfb></usr/share/texlive/texmf-dist/fonts/type1/public/txfonts/txtt
.pfb></usr/share/texlive/texmf-dist/fonts/type1/public/txfonts/txtt.pfb></usr/s
hare/texlive/texmf-dist/fonts/type1/urw/helvetic/uhvb8a.pfb></usr/share/texlive
/texmf-dist/fonts/type1/urw/helvetic/uhvbo8a.pfb></usr/share/texlive/texmf-dist
/fonts/type1/urw/helvetic/uhvr8a.pfb></usr/share/texlive/texmf-dist/fonts/type1
/urw/helvetic/uhvro8a.pfb></usr/share/texlive/texmf-dist/fonts/type1/urw/zapfdi
ng/uzdr.pfb>
Output written on sed-ml-L1V4.pdf (90 pages, 2211113 bytes).
PDF statistics:
 7006 PDF objects out of 7423 (max. 8388607)
 5991 compressed objects within 60 object streams
 2916 named destinations out of 2984 (max. 500000)
 728 words of extra memory for PDF output out of 10000 (max. 10000000)

