This is pdfTeXk, Version 3.141592-1.40.3 (Web2C 7.5.6) (format=pdftex 2010.1.5)  22 MAR 2010 10:27
entering extended mode
 %&-line parsing enabled.
**\input listOfSimulations.tex
(./listOfSimulations.tex
! Undefined control sequence.
l.1 \label
          {listOfSimulations}
The control sequence at the end of the top line
of your error message was never \def'ed. If you have
misspelled it (e.g., `\hobx'), type `I' and the correct
spelling (e.g., `I\hbox'). Otherwise just continue,
and I'll forget about whatever was undefined.

! Undefined control sequence.
l.3 \sedfig
           {simulationClass}{The SED-ML Simulation class}{fig:sedSimulation}
The control sequence at the end of the top line
of your error message was never \def'ed. If you have
misspelled it (e.g., `\hobx'), type `I' and the correct
spelling (e.g., `I\hbox'). Otherwise just continue,
and I'll forget about whatever was undefined.

! Undefined control sequence.
l.6 The \concept
                {listOfSimulation} is the container for \concept{simulation}...
The control sequence at the end of the top line
of your error message was never \def'ed. If you have
misspelled it (e.g., `\hobx'), type `I' and the correct
spelling (e.g., `I\hbox'). Otherwise just continue,
and I'll forget about whatever was undefined.

! Undefined control sequence.
l.6 ...OfSimulation} is the container for \concept
                                                  {simulation} descriptions....
The control sequence at the end of the top line
of your error message was never \def'ed. If you have
misspelled it (e.g., `\hobx'), type `I' and the correct
spelling (e.g., `I\hbox'). Otherwise just continue,
and I'll forget about whatever was undefined.

! Undefined control sequence.
l.8 SED-ML version \version
                            offers two predefined simulation classes: the \h...
The control sequence at the end of the top line
of your error message was never \def'ed. If you have
misspelled it (e.g., `\hobx'), type `I' and the correct
spelling (e.g., `I\hbox'). Otherwise just continue,
and I'll forget about whatever was undefined.

! Undefined control sequence.
l.8 ...redefined simulation classes: the \hyperref
                                                  [class:timeCourse]{TimeCou...
The control sequence at the end of the top line
of your error message was never \def'ed. If you have
misspelled it (e.g., `\hobx'), type `I' and the correct
spelling (e.g., `I\hbox'). Otherwise just continue,
and I'll forget about whatever was undefined.

! Undefined control sequence.
l.8 ...Course]{TimeCourse} class and the \hyperref
                                                  [class:anySimulation]{AnyS...
The control sequence at the end of the top line
of your error message was never \def'ed. If you have
misspelled it (e.g., `\hobx'), type `I' and the correct
spelling (e.g., `I\hbox'). Otherwise just continue,
and I'll forget about whatever was undefined.

)
! Emergency stop.
<*> \input listOfSimulations.tex
                                
*** (job aborted, no legal \end found)

!  ==> Fatal error occurred, no output PDF file produced!
