This is pdfTeX, Version 3.14159265-2.6-1.40.16 (TeX Live 2015/Debian) (preloaded format=pdflatex 2016.11.16)  11 JUL 2017 15:14
entering extended mode
 restricted \write18 enabled.
 %&-line parsing enabled.
**sed-ml-L1V3.tex
(./sed-ml-L1V3.tex
LaTeX2e <2016/02/01>
Babel <3.9q> and hyphenation patterns for 5 language(s) loaded.
(/usr/share/texlive/texmf-dist/tex/latex/base/report.cls
Document Class: report 2014/09/29 v1.4h Standard LaTeX document class
(/usr/share/texlive/texmf-dist/tex/latex/base/size10.clo
File: size10.clo 2014/09/29 v1.4h Standard LaTeX file (size option)
)
\c@part=\count79
\c@chapter=\count80
\c@section=\count81
\c@subsection=\count82
\c@subsubsection=\count83
\c@paragraph=\count84
\c@subparagraph=\count85
\c@figure=\count86
\c@table=\count87
\abovecaptionskip=\skip41
\belowcaptionskip=\skip42
\bibindent=\dimen102
)
(/usr/share/texlive/texmf-dist/tex/latex/tocvsec2/tocvsec2.sty
Package: tocvsec2 2014/03/10 v1.3a variable ToC section entries

(/usr/share/texlive/texmf-dist/tex/latex/base/ifthen.sty
Package: ifthen 2014/09/29 v1.1c Standard LaTeX ifthen package (DPC)
)
\c@max@tocdepth=\count88
\c@max@secnumdepth=\count89
)
(./sources/latex-style.tex
(/usr/share/texlive/texmf-dist/tex/latex/geometry/geometry.sty
Package: geometry 2010/09/12 v5.6 Page Geometry

(/usr/share/texlive/texmf-dist/tex/latex/graphics/keyval.sty
Package: keyval 2014/10/28 v1.15 key=value parser (DPC)
\KV@toks@=\toks14
)
(/usr/share/texlive/texmf-dist/tex/generic/oberdiek/ifpdf.sty
Package: ifpdf 2011/01/30 v2.3 Provides the ifpdf switch (HO)
Package ifpdf Info: pdfTeX in PDF mode is detected.
)
(/usr/share/texlive/texmf-dist/tex/generic/oberdiek/ifvtex.sty
Package: ifvtex 2010/03/01 v1.5 Detect VTeX and its facilities (HO)
Package ifvtex Info: VTeX not detected.
)
(/usr/share/texlive/texmf-dist/tex/generic/ifxetex/ifxetex.sty
Package: ifxetex 2010/09/12 v0.6 Provides ifxetex conditional
)
\Gm@cnth=\count90
\Gm@cntv=\count91
\c@Gm@tempcnt=\count92
\Gm@bindingoffset=\dimen103
\Gm@wd@mp=\dimen104
\Gm@odd@mp=\dimen105
\Gm@even@mp=\dimen106
\Gm@layoutwidth=\dimen107
\Gm@layoutheight=\dimen108
\Gm@layouthoffset=\dimen109
\Gm@layoutvoffset=\dimen110
\Gm@dimlist=\toks15
)
(/usr/share/texlive/texmf-dist/tex/latex/base/inputenc.sty
Package: inputenc 2015/03/17 v1.2c Input encoding file
\inpenc@prehook=\toks16
\inpenc@posthook=\toks17

(/usr/share/texlive/texmf-dist/tex/latex/base/utf8.def
File: utf8.def 2015/12/03 v1.1r UTF-8 support for inputenc
Now handling font encoding OML ...
... no UTF-8 mapping file for font encoding OML
Now handling font encoding T1 ...
... processing UTF-8 mapping file for font encoding T1

(/usr/share/texlive/texmf-dist/tex/latex/base/t1enc.dfu
File: t1enc.dfu 2015/12/03 v1.1r UTF-8 support for inputenc
   defining Unicode char U+00A0 (decimal 160)
   defining Unicode char U+00A1 (decimal 161)
   defining Unicode char U+00A3 (decimal 163)
   defining Unicode char U+00AB (decimal 171)
   defining Unicode char U+00AD (decimal 173)
   defining Unicode char U+00BB (decimal 187)
   defining Unicode char U+00BF (decimal 191)
   defining Unicode char U+00C0 (decimal 192)
   defining Unicode char U+00C1 (decimal 193)
   defining Unicode char U+00C2 (decimal 194)
   defining Unicode char U+00C3 (decimal 195)
   defining Unicode char U+00C4 (decimal 196)
   defining Unicode char U+00C5 (decimal 197)
   defining Unicode char U+00C6 (decimal 198)
   defining Unicode char U+00C7 (decimal 199)
   defining Unicode char U+00C8 (decimal 200)
   defining Unicode char U+00C9 (decimal 201)
   defining Unicode char U+00CA (decimal 202)
   defining Unicode char U+00CB (decimal 203)
   defining Unicode char U+00CC (decimal 204)
   defining Unicode char U+00CD (decimal 205)
   defining Unicode char U+00CE (decimal 206)
   defining Unicode char U+00CF (decimal 207)
   defining Unicode char U+00D0 (decimal 208)
   defining Unicode char U+00D1 (decimal 209)
   defining Unicode char U+00D2 (decimal 210)
   defining Unicode char U+00D3 (decimal 211)
   defining Unicode char U+00D4 (decimal 212)
   defining Unicode char U+00D5 (decimal 213)
   defining Unicode char U+00D6 (decimal 214)
   defining Unicode char U+00D8 (decimal 216)
   defining Unicode char U+00D9 (decimal 217)
   defining Unicode char U+00DA (decimal 218)
   defining Unicode char U+00DB (decimal 219)
   defining Unicode char U+00DC (decimal 220)
   defining Unicode char U+00DD (decimal 221)
   defining Unicode char U+00DE (decimal 222)
   defining Unicode char U+00DF (decimal 223)
   defining Unicode char U+00E0 (decimal 224)
   defining Unicode char U+00E1 (decimal 225)
   defining Unicode char U+00E2 (decimal 226)
   defining Unicode char U+00E3 (decimal 227)
   defining Unicode char U+00E4 (decimal 228)
   defining Unicode char U+00E5 (decimal 229)
   defining Unicode char U+00E6 (decimal 230)
   defining Unicode char U+00E7 (decimal 231)
   defining Unicode char U+00E8 (decimal 232)
   defining Unicode char U+00E9 (decimal 233)
   defining Unicode char U+00EA (decimal 234)
   defining Unicode char U+00EB (decimal 235)
   defining Unicode char U+00EC (decimal 236)
   defining Unicode char U+00ED (decimal 237)
   defining Unicode char U+00EE (decimal 238)
   defining Unicode char U+00EF (decimal 239)
   defining Unicode char U+00F0 (decimal 240)
   defining Unicode char U+00F1 (decimal 241)
   defining Unicode char U+00F2 (decimal 242)
   defining Unicode char U+00F3 (decimal 243)
   defining Unicode char U+00F4 (decimal 244)
   defining Unicode char U+00F5 (decimal 245)
   defining Unicode char U+00F6 (decimal 246)
   defining Unicode char U+00F8 (decimal 248)
   defining Unicode char U+00F9 (decimal 249)
   defining Unicode char U+00FA (decimal 250)
   defining Unicode char U+00FB (decimal 251)
   defining Unicode char U+00FC (decimal 252)
   defining Unicode char U+00FD (decimal 253)
   defining Unicode char U+00FE (decimal 254)
   defining Unicode char U+00FF (decimal 255)
   defining Unicode char U+0100 (decimal 256)
   defining Unicode char U+0101 (decimal 257)
   defining Unicode char U+0102 (decimal 258)
   defining Unicode char U+0103 (decimal 259)
   defining Unicode char U+0104 (decimal 260)
   defining Unicode char U+0105 (decimal 261)
   defining Unicode char U+0106 (decimal 262)
   defining Unicode char U+0107 (decimal 263)
   defining Unicode char U+0108 (decimal 264)
   defining Unicode char U+0109 (decimal 265)
   defining Unicode char U+010A (decimal 266)
   defining Unicode char U+010B (decimal 267)
   defining Unicode char U+010C (decimal 268)
   defining Unicode char U+010D (decimal 269)
   defining Unicode char U+010E (decimal 270)
   defining Unicode char U+010F (decimal 271)
   defining Unicode char U+0110 (decimal 272)
   defining Unicode char U+0111 (decimal 273)
   defining Unicode char U+0112 (decimal 274)
   defining Unicode char U+0113 (decimal 275)
   defining Unicode char U+0114 (decimal 276)
   defining Unicode char U+0115 (decimal 277)
   defining Unicode char U+0116 (decimal 278)
   defining Unicode char U+0117 (decimal 279)
   defining Unicode char U+0118 (decimal 280)
   defining Unicode char U+0119 (decimal 281)
   defining Unicode char U+011A (decimal 282)
   defining Unicode char U+011B (decimal 283)
   defining Unicode char U+011C (decimal 284)
   defining Unicode char U+011D (decimal 285)
   defining Unicode char U+011E (decimal 286)
   defining Unicode char U+011F (decimal 287)
   defining Unicode char U+0120 (decimal 288)
   defining Unicode char U+0121 (decimal 289)
   defining Unicode char U+0122 (decimal 290)
   defining Unicode char U+0123 (decimal 291)
   defining Unicode char U+0124 (decimal 292)
   defining Unicode char U+0125 (decimal 293)
   defining Unicode char U+0128 (decimal 296)
   defining Unicode char U+0129 (decimal 297)
   defining Unicode char U+012A (decimal 298)
   defining Unicode char U+012B (decimal 299)
   defining Unicode char U+012C (decimal 300)
   defining Unicode char U+012D (decimal 301)
   defining Unicode char U+012E (decimal 302)
   defining Unicode char U+012F (decimal 303)
   defining Unicode char U+0130 (decimal 304)
   defining Unicode char U+0131 (decimal 305)
   defining Unicode char U+0132 (decimal 306)
   defining Unicode char U+0133 (decimal 307)
   defining Unicode char U+0134 (decimal 308)
   defining Unicode char U+0135 (decimal 309)
   defining Unicode char U+0136 (decimal 310)
   defining Unicode char U+0137 (decimal 311)
   defining Unicode char U+0139 (decimal 313)
   defining Unicode char U+013A (decimal 314)
   defining Unicode char U+013B (decimal 315)
   defining Unicode char U+013C (decimal 316)
   defining Unicode char U+013D (decimal 317)
   defining Unicode char U+013E (decimal 318)
   defining Unicode char U+0141 (decimal 321)
   defining Unicode char U+0142 (decimal 322)
   defining Unicode char U+0143 (decimal 323)
   defining Unicode char U+0144 (decimal 324)
   defining Unicode char U+0145 (decimal 325)
   defining Unicode char U+0146 (decimal 326)
   defining Unicode char U+0147 (decimal 327)
   defining Unicode char U+0148 (decimal 328)
   defining Unicode char U+014A (decimal 330)
   defining Unicode char U+014B (decimal 331)
   defining Unicode char U+014C (decimal 332)
   defining Unicode char U+014D (decimal 333)
   defining Unicode char U+014E (decimal 334)
   defining Unicode char U+014F (decimal 335)
   defining Unicode char U+0150 (decimal 336)
   defining Unicode char U+0151 (decimal 337)
   defining Unicode char U+0152 (decimal 338)
   defining Unicode char U+0153 (decimal 339)
   defining Unicode char U+0154 (decimal 340)
   defining Unicode char U+0155 (decimal 341)
   defining Unicode char U+0156 (decimal 342)
   defining Unicode char U+0157 (decimal 343)
   defining Unicode char U+0158 (decimal 344)
   defining Unicode char U+0159 (decimal 345)
   defining Unicode char U+015A (decimal 346)
   defining Unicode char U+015B (decimal 347)
   defining Unicode char U+015C (decimal 348)
   defining Unicode char U+015D (decimal 349)
   defining Unicode char U+015E (decimal 350)
   defining Unicode char U+015F (decimal 351)
   defining Unicode char U+0160 (decimal 352)
   defining Unicode char U+0161 (decimal 353)
   defining Unicode char U+0162 (decimal 354)
   defining Unicode char U+0163 (decimal 355)
   defining Unicode char U+0164 (decimal 356)
   defining Unicode char U+0165 (decimal 357)
   defining Unicode char U+0168 (decimal 360)
   defining Unicode char U+0169 (decimal 361)
   defining Unicode char U+016A (decimal 362)
   defining Unicode char U+016B (decimal 363)
   defining Unicode char U+016C (decimal 364)
   defining Unicode char U+016D (decimal 365)
   defining Unicode char U+016E (decimal 366)
   defining Unicode char U+016F (decimal 367)
   defining Unicode char U+0170 (decimal 368)
   defining Unicode char U+0171 (decimal 369)
   defining Unicode char U+0172 (decimal 370)
   defining Unicode char U+0173 (decimal 371)
   defining Unicode char U+0174 (decimal 372)
   defining Unicode char U+0175 (decimal 373)
   defining Unicode char U+0176 (decimal 374)
   defining Unicode char U+0177 (decimal 375)
   defining Unicode char U+0178 (decimal 376)
   defining Unicode char U+0179 (decimal 377)
   defining Unicode char U+017A (decimal 378)
   defining Unicode char U+017B (decimal 379)
   defining Unicode char U+017C (decimal 380)
   defining Unicode char U+017D (decimal 381)
   defining Unicode char U+017E (decimal 382)
   defining Unicode char U+01CD (decimal 461)
   defining Unicode char U+01CE (decimal 462)
   defining Unicode char U+01CF (decimal 463)
   defining Unicode char U+01D0 (decimal 464)
   defining Unicode char U+01D1 (decimal 465)
   defining Unicode char U+01D2 (decimal 466)
   defining Unicode char U+01D3 (decimal 467)
   defining Unicode char U+01D4 (decimal 468)
   defining Unicode char U+01E2 (decimal 482)
   defining Unicode char U+01E3 (decimal 483)
   defining Unicode char U+01E6 (decimal 486)
   defining Unicode char U+01E7 (decimal 487)
   defining Unicode char U+01E8 (decimal 488)
   defining Unicode char U+01E9 (decimal 489)
   defining Unicode char U+01EA (decimal 490)
   defining Unicode char U+01EB (decimal 491)
   defining Unicode char U+01F0 (decimal 496)
   defining Unicode char U+01F4 (decimal 500)
   defining Unicode char U+01F5 (decimal 501)
   defining Unicode char U+0218 (decimal 536)
   defining Unicode char U+0219 (decimal 537)
   defining Unicode char U+021A (decimal 538)
   defining Unicode char U+021B (decimal 539)
   defining Unicode char U+01E02 (decimal 7682)
   defining Unicode char U+01E03 (decimal 7683)
   defining Unicode char U+200C (decimal 8204)
   defining Unicode char U+2013 (decimal 8211)
   defining Unicode char U+2014 (decimal 8212)
   defining Unicode char U+2018 (decimal 8216)
   defining Unicode char U+2019 (decimal 8217)
   defining Unicode char U+201A (decimal 8218)
   defining Unicode char U+201C (decimal 8220)
   defining Unicode char U+201D (decimal 8221)
   defining Unicode char U+201E (decimal 8222)
   defining Unicode char U+2030 (decimal 8240)
   defining Unicode char U+2031 (decimal 8241)
   defining Unicode char U+2039 (decimal 8249)
   defining Unicode char U+203A (decimal 8250)
   defining Unicode char U+2423 (decimal 9251)
)
Now handling font encoding OT1 ...
... processing UTF-8 mapping file for font encoding OT1

(/usr/share/texlive/texmf-dist/tex/latex/base/ot1enc.dfu
File: ot1enc.dfu 2015/12/03 v1.1r UTF-8 support for inputenc
   defining Unicode char U+00A0 (decimal 160)
   defining Unicode char U+00A1 (decimal 161)
   defining Unicode char U+00A3 (decimal 163)
   defining Unicode char U+00AD (decimal 173)
   defining Unicode char U+00B8 (decimal 184)
   defining Unicode char U+00BF (decimal 191)
   defining Unicode char U+00C5 (decimal 197)
   defining Unicode char U+00C6 (decimal 198)
   defining Unicode char U+00D8 (decimal 216)
   defining Unicode char U+00DF (decimal 223)
   defining Unicode char U+00E6 (decimal 230)
   defining Unicode char U+00EC (decimal 236)
   defining Unicode char U+00ED (decimal 237)
   defining Unicode char U+00EE (decimal 238)
   defining Unicode char U+00EF (decimal 239)
   defining Unicode char U+00F8 (decimal 248)
   defining Unicode char U+0131 (decimal 305)
   defining Unicode char U+0141 (decimal 321)
   defining Unicode char U+0142 (decimal 322)
   defining Unicode char U+0152 (decimal 338)
   defining Unicode char U+0153 (decimal 339)
   defining Unicode char U+0174 (decimal 372)
   defining Unicode char U+0175 (decimal 373)
   defining Unicode char U+0176 (decimal 374)
   defining Unicode char U+0177 (decimal 375)
   defining Unicode char U+0218 (decimal 536)
   defining Unicode char U+0219 (decimal 537)
   defining Unicode char U+021A (decimal 538)
   defining Unicode char U+021B (decimal 539)
   defining Unicode char U+2013 (decimal 8211)
   defining Unicode char U+2014 (decimal 8212)
   defining Unicode char U+2018 (decimal 8216)
   defining Unicode char U+2019 (decimal 8217)
   defining Unicode char U+201C (decimal 8220)
   defining Unicode char U+201D (decimal 8221)
)
Now handling font encoding OMS ...
... processing UTF-8 mapping file for font encoding OMS

(/usr/share/texlive/texmf-dist/tex/latex/base/omsenc.dfu
File: omsenc.dfu 2015/12/03 v1.1r UTF-8 support for inputenc
   defining Unicode char U+00A7 (decimal 167)
   defining Unicode char U+00B6 (decimal 182)
   defining Unicode char U+00B7 (decimal 183)
   defining Unicode char U+2020 (decimal 8224)
   defining Unicode char U+2021 (decimal 8225)
   defining Unicode char U+2022 (decimal 8226)
)
Now handling font encoding OMX ...
... no UTF-8 mapping file for font encoding OMX
Now handling font encoding U ...
... no UTF-8 mapping file for font encoding U
   defining Unicode char U+00A9 (decimal 169)
   defining Unicode char U+00AA (decimal 170)
   defining Unicode char U+00AE (decimal 174)
   defining Unicode char U+00BA (decimal 186)
   defining Unicode char U+02C6 (decimal 710)
   defining Unicode char U+02DC (decimal 732)
   defining Unicode char U+200C (decimal 8204)
   defining Unicode char U+2026 (decimal 8230)
   defining Unicode char U+2122 (decimal 8482)
   defining Unicode char U+2423 (decimal 9251)
))
(/usr/share/texlive/texmf-dist/tex/latex/shadow/shadow.sty
Package: shadow 2003/02/19 v1.3 shadow boxes (M.O.)
\txtwdth=\dimen111
\sht=\dimen112
\shw=\dimen113
\shbox=\box26
\sboxsep=\dimen114
\sboxrule=\dimen115
\sdim=\dimen116
)
(/usr/share/texlive/texmf-dist/tex/latex/supertabular/supertabular.sty
Package: supertabular 2004/02/20 v4.1e the supertabular environment
\c@tracingst=\count93
\ST@wd=\dimen117
\ST@rightskip=\skip43
\ST@leftskip=\skip44
\ST@parfillskip=\skip45
\ST@pageleft=\dimen118
\ST@headht=\dimen119
\ST@tailht=\dimen120
\ST@pagesofar=\dimen121
\ST@pboxht=\dimen122
\ST@lineht=\dimen123
\ST@stretchht=\dimen124
\ST@prevht=\dimen125
\ST@toadd=\dimen126
\ST@dimen=\dimen127
\ST@pbox=\box27
)
(/usr/share/texlive/texmf-dist/tex/latex/multirow/multirow.sty
\bigstrutjot=\dimen128
)
(/usr/share/texlive/texmf-dist/tex/latex/tools/multicol.sty
Package: multicol 2015/08/19 v1.8n multicolumn formatting (FMi)
\c@tracingmulticols=\count94
\mult@box=\box28
\multicol@leftmargin=\dimen129
\c@unbalance=\count95
\c@collectmore=\count96
\doublecol@number=\count97
\multicoltolerance=\count98
\multicolpretolerance=\count99
\full@width=\dimen130
\page@free=\dimen131
\premulticols=\dimen132
\postmulticols=\dimen133
\multicolsep=\skip46
\multicolbaselineskip=\skip47
\partial@page=\box29
\last@line=\box30
\maxbalancingoverflow=\dimen134
\mult@rightbox=\box31
\mult@grightbox=\box32
\mult@gfirstbox=\box33
\mult@firstbox=\box34
\@tempa=\box35
\@tempa=\box36
\@tempa=\box37
\@tempa=\box38
\@tempa=\box39
\@tempa=\box40
\@tempa=\box41
\@tempa=\box42
\@tempa=\box43
\@tempa=\box44
\@tempa=\box45
\@tempa=\box46
\@tempa=\box47
\@tempa=\box48
\@tempa=\box49
\@tempa=\box50
\@tempa=\box51
\c@columnbadness=\count100
\c@finalcolumnbadness=\count101
\last@try=\dimen135
\multicolovershoot=\dimen136
\multicolundershoot=\dimen137
\mult@nat@firstbox=\box52
\colbreak@box=\box53
\mc@col@check@num=\count102
)
(/usr/share/texlive/texmf-dist/tex/latex/enumitem/enumitem.sty
Package: enumitem 2011/09/28 v3.5.2 Customized lists
\labelindent=\skip48
\enit@outerparindent=\dimen138
\enit@toks=\toks18
\enit@inbox=\box54
\enitdp@description=\count103
)
(/usr/share/texlive/texmf-dist/tex/latex/graphics/lscape.sty
Package: lscape 2000/10/22 v3.01 Landscape Pages (DPC)

(/usr/share/texlive/texmf-dist/tex/latex/graphics/graphics.sty
Package: graphics 2016/01/03 v1.0q Standard LaTeX Graphics (DPC,SPQR)

(/usr/share/texlive/texmf-dist/tex/latex/graphics/trig.sty
Package: trig 2016/01/03 v1.10 sin cos tan (DPC)
)
(/usr/share/texlive/texmf-dist/tex/latex/latexconfig/graphics.cfg
File: graphics.cfg 2010/04/23 v1.9 graphics configuration of TeX Live
)
Package graphics Info: Driver file: pdftex.def on input line 95.

(/usr/share/texlive/texmf-dist/tex/latex/pdftex-def/pdftex.def
File: pdftex.def 2011/05/27 v0.06d Graphics/color for pdfTeX

(/usr/share/texlive/texmf-dist/tex/generic/oberdiek/infwarerr.sty
Package: infwarerr 2010/04/08 v1.3 Providing info/warning/error messages (HO)
)
(/usr/share/texlive/texmf-dist/tex/generic/oberdiek/ltxcmds.sty
Package: ltxcmds 2011/11/09 v1.22 LaTeX kernel commands for general use (HO)
)
\Gread@gobject=\count104
)))
(/usr/share/texlive/texmf-dist/tex/latex/tools/layout.sty
Package: layout 2014/10/28 v1.2c Show layout parameters
\oneinch=\count105
\cnt@paperwidth=\count106
\cnt@paperheight=\count107
\cnt@hoffset=\count108
\cnt@voffset=\count109
\cnt@textheight=\count110
\cnt@textwidth=\count111
\cnt@topmargin=\count112
\cnt@oddsidemargin=\count113
\cnt@evensidemargin=\count114
\cnt@headheight=\count115
\cnt@headsep=\count116
\cnt@marginparsep=\count117
\cnt@marginparwidth=\count118
\cnt@marginparpush=\count119
\cnt@footskip=\count120
\fheight=\count121
\ref@top=\count122
\ref@hoffset=\count123
\ref@voffset=\count124
\ref@head=\count125
\ref@body=\count126
\ref@foot=\count127
\ref@margin=\count128
\ref@marginwidth=\count129
\ref@marginpar=\count130
\Interval=\count131
\ExtraYPos=\count132
\PositionX=\count133
\PositionY=\count134
\ArrowLength=\count135
)
(/usr/share/texlive/texmf-dist/tex/latex/tools/array.sty
Package: array 2014/10/28 v2.4c Tabular extension package (FMi)
\col@sep=\dimen139
\extrarowheight=\dimen140
\NC@list=\toks19
\extratabsurround=\skip49
\backup@length=\skip50
)
(/usr/share/texlive/texmf-dist/tex/latex/fancybox/fancybox.sty
Package: fancybox 2010/05/15 1.4

Style option: `fancybox' v1.4 <2010/05/15> (tvz)
\@fancybox=\box55
\shadowsize=\dimen141
\@Sbox=\box56
\do@VerbBox=\toks20
\the@fancyput=\toks21
\this@fancyput=\toks22
\EndVerbatimTokens=\toks23
\Verbatim@Outfile=\write3
\Verbatim@Infile=\read1
) (/usr/share/texlive/texmf-dist/tex/latex/tools/xspace.sty
Package: xspace 2014/10/28 v1.13 Space after command names (DPC,MH)
)
(/usr/share/texlive/texmf-dist/tex/latex/xcolor/xcolor.sty
Package: xcolor 2007/01/21 v2.11 LaTeX color extensions (UK)

(/usr/share/texlive/texmf-dist/tex/latex/latexconfig/color.cfg
File: color.cfg 2007/01/18 v1.5 color configuration of teTeX/TeXLive
)
Package xcolor Info: Driver file: pdftex.def on input line 225.

(/usr/share/texlive/texmf-dist/tex/latex/colortbl/colortbl.sty
Package: colortbl 2012/02/13 v1.0a Color table columns (DPC)
\everycr=\toks24
\minrowclearance=\skip51
)
\rownum=\count136
Package xcolor Info: Model `cmy' substituted by `cmy0' on input line 1337.
Package xcolor Info: Model `hsb' substituted by `rgb' on input line 1341.
Package xcolor Info: Model `RGB' extended on input line 1353.
Package xcolor Info: Model `HTML' substituted by `rgb' on input line 1355.
Package xcolor Info: Model `Hsb' substituted by `hsb' on input line 1356.
Package xcolor Info: Model `tHsb' substituted by `hsb' on input line 1357.
Package xcolor Info: Model `HSB' substituted by `hsb' on input line 1358.
Package xcolor Info: Model `Gray' substituted by `gray' on input line 1359.
Package xcolor Info: Model `wave' substituted by `hsb' on input line 1360.

(/usr/share/texlive/texmf-dist/tex/latex/graphics/dvipsnam.def
File: dvipsnam.def 2015/12/30 v3.0k Driver-dependent file (DPC,SPQR)
)
(/usr/share/texlive/texmf-dist/tex/latex/xcolor/svgnam.def
File: svgnam.def 2007/01/21 v2.11 Predefined colors according to SVG 1.1 (UK)
))
(/usr/share/texlive/texmf-dist/tex/latex/float/float.sty
Package: float 2001/11/08 v1.3d Float enhancements (AL)
\c@float@type=\count137
\float@exts=\toks25
\float@box=\box57
\@float@everytoks=\toks26
\@floatcapt=\box58
)
(/usr/share/texlive/texmf-dist/tex/latex/tools/varioref.sty
Package: varioref 2015/09/22 v1.5b package for extended references (FMi)
\c@vrcnt=\count138
)
(/usr/share/texlive/texmf-dist/tex/generic/ulem/ulem.sty
\UL@box=\box59
\UL@hyphenbox=\box60
\UL@skip=\skip52
\UL@hook=\toks27
\UL@height=\dimen142
\UL@pe=\count139
\UL@pixel=\dimen143
\ULC@box=\box61
Package: ulem 2012/05/18
\ULdepth=\dimen144
)
(/usr/share/texlive/texmf-dist/tex/latex/eso-pic/eso-pic.sty
Package: eso-pic 2015/07/21 v2.0g eso-pic (RN)

(/usr/share/texlive/texmf-dist/tex/generic/oberdiek/atbegshi.sty
Package: atbegshi 2011/10/05 v1.16 At begin shipout hook (HO)
))
(/usr/share/texlive/texmf-dist/tex/latex/natbib/natbib.sty
Package: natbib 2010/09/13 8.31b (PWD, AO)
\bibhang=\skip53
\bibsep=\skip54
LaTeX Info: Redefining \cite on input line 694.
\c@NAT@ctr=\count140
)
(/usr/share/texlive/texmf-dist/tex/latex/listings/listings.sty
\lst@mode=\count141
\lst@gtempboxa=\box62
\lst@token=\toks28
\lst@length=\count142
\lst@currlwidth=\dimen145
\lst@column=\count143
\lst@pos=\count144
\lst@lostspace=\dimen146
\lst@width=\dimen147
\lst@newlines=\count145
\lst@lineno=\count146
\lst@maxwidth=\dimen148

(/usr/share/texlive/texmf-dist/tex/latex/listings/lstmisc.sty
File: lstmisc.sty 2015/06/04 1.6 (Carsten Heinz)
\c@lstnumber=\count147
\lst@skipnumbers=\count148
\lst@framebox=\box63
)
(/usr/share/texlive/texmf-dist/tex/latex/listings/listings.cfg
File: listings.cfg 2015/06/04 1.6 listings configuration
))
Package: listings 2015/06/04 1.6 (Carsten Heinz)

(/usr/share/texlive/texmf-dist/tex/latex/url/url.sty
\Urlmuskip=\muskip10
Package: url 2013/09/16  ver 3.4  Verb mode for urls, etc.
)
(/usr/share/texlive/texmf-dist/tex/latex/psnfss/pifont.sty
Package: pifont 2005/04/12 PSNFSS-v9.2a Pi font support (SPQR) 
LaTeX Font Info:    Try loading font information for U+pzd on input line 63.

(/usr/share/texlive/texmf-dist/tex/latex/psnfss/upzd.fd
File: upzd.fd 2001/06/04 font definitions for U/pzd.
)
LaTeX Font Info:    Try loading font information for U+psy on input line 64.

(/usr/share/texlive/texmf-dist/tex/latex/psnfss/upsy.fd
File: upsy.fd 2001/06/04 font definitions for U/psy.
))
(/usr/share/texlive/texmf-dist/tex/latex/base/alltt.sty
Package: alltt 1997/06/16 v2.0g defines alltt environment
)
(/usr/share/texlive/texmf-dist/tex/latex/graphics/graphicx.sty
Package: graphicx 2014/10/28 v1.0g Enhanced LaTeX Graphics (DPC,SPQR)
\Gin@req@height=\dimen149
\Gin@req@width=\dimen150
)
(/usr/share/texlive/texmf-dist/tex/latex/hyperref/hyperref.sty
Package: hyperref 2012/11/06 v6.83m Hypertext links for LaTeX

(/usr/share/texlive/texmf-dist/tex/generic/oberdiek/hobsub-hyperref.sty
Package: hobsub-hyperref 2012/05/28 v1.13 Bundle oberdiek, subset hyperref (HO)


(/usr/share/texlive/texmf-dist/tex/generic/oberdiek/hobsub-generic.sty
Package: hobsub-generic 2012/05/28 v1.13 Bundle oberdiek, subset generic (HO)
Package: hobsub 2012/05/28 v1.13 Construct package bundles (HO)
Package hobsub Info: Skipping package `infwarerr' (already loaded).
Package hobsub Info: Skipping package `ltxcmds' (already loaded).
Package: ifluatex 2010/03/01 v1.3 Provides the ifluatex switch (HO)
Package ifluatex Info: LuaTeX not detected.
Package hobsub Info: Skipping package `ifvtex' (already loaded).
Package: intcalc 2007/09/27 v1.1 Expandable calculations with integers (HO)
Package hobsub Info: Skipping package `ifpdf' (already loaded).
Package: etexcmds 2011/02/16 v1.5 Avoid name clashes with e-TeX commands (HO)
Package etexcmds Info: Could not find \expanded.
(etexcmds)             That can mean that you are not using pdfTeX 1.50 or
(etexcmds)             that some package has redefined \expanded.
(etexcmds)             In the latter case, load this package earlier.
Package: kvsetkeys 2012/04/25 v1.16 Key value parser (HO)
Package: kvdefinekeys 2011/04/07 v1.3 Define keys (HO)
Package: pdftexcmds 2011/11/29 v0.20 Utility functions of pdfTeX for LuaTeX (HO
)
Package pdftexcmds Info: LuaTeX not detected.
Package pdftexcmds Info: \pdf@primitive is available.
Package pdftexcmds Info: \pdf@ifprimitive is available.
Package pdftexcmds Info: \pdfdraftmode found.
Package: pdfescape 2011/11/25 v1.13 Implements pdfTeX's escape features (HO)
Package: bigintcalc 2012/04/08 v1.3 Expandable calculations on big integers (HO
)
Package: bitset 2011/01/30 v1.1 Handle bit-vector datatype (HO)
Package: uniquecounter 2011/01/30 v1.2 Provide unlimited unique counter (HO)
)
Package hobsub Info: Skipping package `hobsub' (already loaded).
Package: letltxmacro 2010/09/02 v1.4 Let assignment for LaTeX macros (HO)
Package: hopatch 2012/05/28 v1.2 Wrapper for package hooks (HO)
Package: xcolor-patch 2011/01/30 xcolor patch
Package: atveryend 2011/06/30 v1.8 Hooks at the very end of document (HO)
Package atveryend Info: \enddocument detected (standard20110627).
Package hobsub Info: Skipping package `atbegshi' (already loaded).
Package: refcount 2011/10/16 v3.4 Data extraction from label references (HO)
Package: hycolor 2011/01/30 v1.7 Color options for hyperref/bookmark (HO)
)
(/usr/share/texlive/texmf-dist/tex/latex/oberdiek/auxhook.sty
Package: auxhook 2011/03/04 v1.3 Hooks for auxiliary files (HO)
)
(/usr/share/texlive/texmf-dist/tex/latex/oberdiek/kvoptions.sty
Package: kvoptions 2011/06/30 v3.11 Key value format for package options (HO)
)
\@linkdim=\dimen151
\Hy@linkcounter=\count149
\Hy@pagecounter=\count150

(/usr/share/texlive/texmf-dist/tex/latex/hyperref/pd1enc.def
File: pd1enc.def 2012/11/06 v6.83m Hyperref: PDFDocEncoding definition (HO)
Now handling font encoding PD1 ...
... no UTF-8 mapping file for font encoding PD1
)
\Hy@SavedSpaceFactor=\count151

(/usr/share/texlive/texmf-dist/tex/latex/latexconfig/hyperref.cfg
File: hyperref.cfg 2002/06/06 v1.2 hyperref configuration of TeXLive
)
Package hyperref Info: Option `breaklinks' set `true' on input line 4319.
Package hyperref Info: Option `colorlinks' set `true' on input line 4319.
Package hyperref Info: Option `plainpages' set `false' on input line 4319.
Package hyperref Info: Option `pdfpagelabels' set `true' on input line 4319.
Package hyperref Info: Option `bookmarks' set `true' on input line 4319.
Package hyperref Info: Option `bookmarksopen' set `true' on input line 4319.
Package hyperref Info: Hyper figures OFF on input line 4443.
Package hyperref Info: Link nesting OFF on input line 4448.
Package hyperref Info: Hyper index ON on input line 4451.
Package hyperref Info: Plain pages OFF on input line 4458.
Package hyperref Info: Backreferencing OFF on input line 4463.
Package hyperref Info: Implicit mode ON; LaTeX internals redefined.
Package hyperref Info: Bookmarks ON on input line 4688.
\c@Hy@tempcnt=\count152
LaTeX Info: Redefining \url on input line 5041.
\XeTeXLinkMargin=\dimen152
\Fld@menulength=\count153
\Field@Width=\dimen153
\Fld@charsize=\dimen154
Package hyperref Info: Hyper figures OFF on input line 6295.
Package hyperref Info: Link nesting OFF on input line 6300.
Package hyperref Info: Hyper index ON on input line 6303.
Package hyperref Info: backreferencing OFF on input line 6310.
Package hyperref Info: Link coloring ON on input line 6313.
Package hyperref Info: Link coloring with OCG OFF on input line 6320.
Package hyperref Info: PDF/A mode OFF on input line 6325.
LaTeX Info: Redefining \ref on input line 6365.
LaTeX Info: Redefining \pageref on input line 6369.
\Hy@abspage=\count154
\c@Item=\count155
\c@Hfootnote=\count156
)

Package hyperref Message: Driver: hpdftex.

(/usr/share/texlive/texmf-dist/tex/latex/hyperref/hpdftex.def
File: hpdftex.def 2012/11/06 v6.83m Hyperref driver for pdfTeX
\Fld@listcount=\count157
\c@bookmark@seq@number=\count158

(/usr/share/texlive/texmf-dist/tex/latex/oberdiek/rerunfilecheck.sty
Package: rerunfilecheck 2011/04/15 v1.7 Rerun checks for auxiliary files (HO)
Package uniquecounter Info: New unique counter `rerunfilecheck' on input line 2
82.
)
\Hy@SectionHShift=\skip55
)
(/usr/share/texlive/texmf-dist/tex/latex/rotating/rotating.sty
Package: rotating 2009/03/28 v2.16a rotated objects in LaTeX
\c@r@tfl@t=\count159
\rotFPtop=\skip56
\rotFPbot=\skip57
\rot@float@box=\box64
\rot@mess@toks=\toks29
)
(/usr/share/texlive/texmf-dist/tex/latex/booktabs/booktabs.sty
Package: booktabs 2005/04/14 v1.61803 publication quality tables
\heavyrulewidth=\dimen155
\lightrulewidth=\dimen156
\cmidrulewidth=\dimen157
\belowrulesep=\dimen158
\belowbottomsep=\dimen159
\aboverulesep=\dimen160
\abovetopsep=\dimen161
\cmidrulesep=\dimen162
\cmidrulekern=\dimen163
\defaultaddspace=\dimen164
\@cmidla=\count160
\@cmidlb=\count161
\@aboverulesep=\dimen165
\@belowrulesep=\dimen166
\@thisruleclass=\count162
\@lastruleclass=\count163
\@thisrulewidth=\dimen167
)
(/usr/share/texlive/texmf-dist/tex/latex/psnfss/helvet.sty
Package: helvet 2005/04/12 PSNFSS-v9.2a (WaS) 
)
LaTeX Font Info:    Redeclaring math alphabet \mathtt on input line 150.
LaTeX Font Info:    Overwriting math alphabet `\mathtt' in version `normal'
(Font)                  OT1/cmtt/m/n --> OT1/txtt/m/n on input line 150.
LaTeX Font Info:    Overwriting math alphabet `\mathtt' in version `bold'
(Font)                  OT1/cmtt/m/n --> OT1/txtt/m/n on input line 150.
LaTeX Font Info:    Overwriting math alphabet `\mathtt' in version `bold'
(Font)                  OT1/txtt/m/n --> OT1/txtt/b/n on input line 151.

(/usr/share/texlive/texmf-dist/tex/latex/sectsty/sectsty.sty
Package: sectsty 2002/02/25 v2.0.2 Commands to change all sectional heading sty
les
)
\captionmargin=\skip58
\as@captionbox=\box65
\as@captionwidth=\skip59

         `rotating' package detected
         `float' package detected
) (./sources/latex-macros.tex) (./sed-ml-L1V3.aux

LaTeX Warning: Label `lst:dataDescription' multiply defined.

(./sources/dataSourceClass.aux

LaTeX Warning: Label `lst:indexSet2' multiply defined.

))
\openout1 = `sed-ml-L1V3.aux'.

LaTeX Font Info:    Checking defaults for OML/cmm/m/it on input line 13.
LaTeX Font Info:    ... okay on input line 13.
LaTeX Font Info:    Checking defaults for T1/cmr/m/n on input line 13.
LaTeX Font Info:    ... okay on input line 13.
LaTeX Font Info:    Checking defaults for OT1/cmr/m/n on input line 13.
LaTeX Font Info:    ... okay on input line 13.
LaTeX Font Info:    Checking defaults for OMS/cmsy/m/n on input line 13.
LaTeX Font Info:    ... okay on input line 13.
LaTeX Font Info:    Checking defaults for OMX/cmex/m/n on input line 13.
LaTeX Font Info:    ... okay on input line 13.
LaTeX Font Info:    Checking defaults for U/cmr/m/n on input line 13.
LaTeX Font Info:    ... okay on input line 13.
LaTeX Font Info:    Checking defaults for PD1/pdf/m/n on input line 13.
LaTeX Font Info:    ... okay on input line 13.

*geometry* detected driver: pdftex
*geometry* verbose mode - [ preamble ] result:
* driver: pdftex
* paper: a4paper
* layout: <same size as paper>
* layoutoffset:(h,v)=(0.0pt,0.0pt)
* hratio: 1:1
* vratio: 1:1
* modes: 
* h-part:(L,W,R)=(72.26999pt, 452.9679pt, 72.26999pt)
* v-part:(T,H,B)=(72.26999pt, 700.50687pt, 72.26999pt)
* \paperwidth=597.50787pt
* \paperheight=845.04684pt
* \textwidth=452.9679pt
* \textheight=700.50687pt
* \oddsidemargin=0.0pt
* \evensidemargin=0.0pt
* \topmargin=-37.0pt
* \headheight=12.0pt
* \headsep=25.0pt
* \topskip=10.0pt
* \footskip=30.0pt
* \marginparwidth=54.2025pt
* \marginparsep=11.0pt
* \columnsep=10.0pt
* \skip\footins=9.0pt plus 4.0pt minus 2.0pt
* \hoffset=0.0pt
* \voffset=0.0pt
* \mag=1000
* \@twocolumnfalse
* \@twosidefalse
* \@mparswitchfalse
* \@reversemarginfalse
* (1in=72.27pt=25.4mm, 1cm=28.453pt)

(/usr/share/texlive/texmf-dist/tex/context/base/supp-pdf.mkii
[Loading MPS to PDF converter (version 2006.09.02).]
\scratchcounter=\count164
\scratchdimen=\dimen168
\scratchbox=\box66
\nofMPsegments=\count165
\nofMParguments=\count166
\everyMPshowfont=\toks30
\MPscratchCnt=\count167
\MPscratchDim=\dimen169
\MPnumerator=\count168
\makeMPintoPDFobject=\count169
\everyMPtoPDFconversion=\toks31
) (/usr/share/texlive/texmf-dist/tex/latex/oberdiek/epstopdf-base.sty
Package: epstopdf-base 2010/02/09 v2.5 Base part for package epstopdf

(/usr/share/texlive/texmf-dist/tex/latex/oberdiek/grfext.sty
Package: grfext 2010/08/19 v1.1 Manage graphics extensions (HO)
)
Package grfext Info: Graphics extension search list:
(grfext)             [.pdf,.png,.eps]
(grfext)             \AppendGraphicsExtensions on input line 452.

(/usr/share/texlive/texmf-dist/tex/latex/latexconfig/epstopdf-sys.cfg
File: epstopdf-sys.cfg 2010/07/13 v1.3 Configuration of (r)epstopdf for TeX Liv
e
))
\AtBeginShipoutBox=\box67
\c@lstlisting=\count170
Package hyperref Info: Link coloring ON on input line 13.

(/usr/share/texlive/texmf-dist/tex/latex/hyperref/nameref.sty
Package: nameref 2012/10/27 v2.43 Cross-referencing by name of section

(/usr/share/texlive/texmf-dist/tex/generic/oberdiek/gettitlestring.sty
Package: gettitlestring 2010/12/03 v1.4 Cleanup title references (HO)
)
\c@section@level=\count171
LaTeX Info: Redefining \Ref on input line 513.
)
LaTeX Info: Redefining \ref on input line 13.
LaTeX Info: Redefining \pageref on input line 13.
LaTeX Info: Redefining \nameref on input line 13.

(./sed-ml-L1V3.out) (./sed-ml-L1V3.out)
\@outlinefile=\write4
\openout4 = `sed-ml-L1V3.out'.

LaTeX Info: Redefining \Ref on input line 13.
 (./sources/front-page.tex
LaTeX Font Info:    Try loading font information for OT1+phv on input line 13.

(/usr/share/texlive/texmf-dist/tex/latex/psnfss/ot1phv.fd
File: ot1phv.fd 2001/06/04 scalable font definitions for OT1/phv.
)
LaTeX Font Info:    Font shape `OT1/phv/bx/n' in size <10> not available
(Font)              Font shape `OT1/phv/b/n' tried instead on input line 13.
LaTeX Font Info:    Font shape `OT1/phv/b/n' will be
(Font)              scaled to size 8.69995pt on input line 13.
LaTeX Font Info:    Font shape `OT1/phv/bx/n' in size <20.74> not available
(Font)              Font shape `OT1/phv/b/n' tried instead on input line 13.
LaTeX Font Info:    Font shape `OT1/phv/b/n' will be
(Font)              scaled to size 18.0437pt on input line 13.
LaTeX Font Info:    External font `cmex10' loaded for size
(Font)              <12> on input line 25.
LaTeX Font Info:    External font `cmex10' loaded for size
(Font)              <8> on input line 25.
LaTeX Font Info:    External font `cmex10' loaded for size
(Font)              <6> on input line 25.
LaTeX Font Info:    Font shape `OT1/phv/bx/n' in size <12> not available
(Font)              Font shape `OT1/phv/b/n' tried instead on input line 29.
LaTeX Font Info:    Font shape `OT1/phv/b/n' will be
(Font)              scaled to size 10.43994pt on input line 29.
LaTeX Font Info:    Font shape `OT1/txtt/m/n' will be
(Font)              scaled to size 9.75006pt on input line 44.
LaTeX Font Info:    External font `cmex10' loaded for size
(Font)              <7> on input line 44.
LaTeX Font Info:    External font `cmex10' loaded for size
(Font)              <5> on input line 44.
LaTeX Font Info:    Font shape `OT1/phv/m/sl' will be
(Font)              scaled to size 8.69995pt on input line 45.

<images/logoSedml.png, id=172, 273.1806pt x 150.8034pt>
File: images/logoSedml.png Graphic file (type png)

<use images/logoSedml.png>
Package pdftex.def Info: images/logoSedml.png used on input line 58.
(pdftex.def)             Requested size: 144.54pt x 79.79195pt.
 [1

{/var/lib/texmf/fonts/map/pdftex/updmap/pdftex.map} <./images/logoSedml.png (PN
G copy)>]) (./sed-ml-L1V3.toc)
\tf@toc=\write5
\openout5 = `sed-ml-L1V3.toc'.


(./sources/introduction.tex
Chapter 1.
LaTeX Font Info:    Font shape `OT1/phv/m/n' will be
(Font)              scaled to size 8.69995pt on input line 2.
LaTeX Font Info:    Font shape `OT1/phv/bx/n' in size <24.88> not available
(Font)              Font shape `OT1/phv/b/n' tried instead on input line 2.
LaTeX Font Info:    Font shape `OT1/phv/b/n' will be
(Font)              scaled to size 21.64548pt on input line 2.

Package natbib Warning: Citation `Hucka:2003' on page 2 undefined on input line
 7.


Package natbib Warning: Citation `cuellar:2003' on page 2 undefined on input li
ne 7.


Package natbib Warning: Citation `Goddard:2001' on page 2 undefined on input li
ne 7.


Package natbib Warning: Citation `Waltemath:2011' on page 2 undefined on input 
line 9.


Package natbib Warning: Citation `Bray:2006' on page 2 undefined on input line 
12.


Package natbib Warning: Citation `Fallside:2001' on page 2 undefined on input l
ine 12.


Package natbib Warning: Citation `WAB+11' on page 2 undefined on input line 13.


(./sources/motivation.tex [2

]
LaTeX Font Info:    Font shape `OT1/phv/bx/n' in size <14.4> not available
(Font)              Font shape `OT1/phv/b/n' tried instead on input line 2.
LaTeX Font Info:    Font shape `OT1/phv/b/n' will be
(Font)              scaled to size 12.52792pt on input line 2.


Package natbib Warning: Citation `Waltemath:2011' on page 3 undefined on input 
line 7.


Package natbib Warning: Citation `Elowitz:2000' on page 3 undefined on input li
ne 9.


Package natbib Warning: Citation `Elowitz:2000' on page 3 undefined on input li
ne 13.


Package natbib Warning: Citation `Berners-Lee:2005' on page 3 undefined on inpu
t line 16.


Package natbib Warning: Citation `Hoops:2006' on page 3 undefined on input line
 22.

<images/simEx1.png, id=195, 229.3368pt x 129.6042pt>
File: images/simEx1.png Graphic file (type png)
 <use images/simEx1.png>
Package pdftex.def Info: images/simEx1.png used on input line 26.
(pdftex.def)             Requested size: 271.7835pt x 153.60597pt.
LaTeX Font Info:    Font shape `OT1/phv/m/it' in size <9> not available
(Font)              Font shape `OT1/phv/m/sl' tried instead on input line 27.
LaTeX Font Info:    Font shape `OT1/phv/m/sl' will be
(Font)              scaled to size 7.82996pt on input line 27.
LaTeX Font Info:    Font shape `OT1/phv/bx/it' in size <9> not available
(Font)              Font shape `OT1/phv/b/it' tried instead on input line 27.
LaTeX Font Info:    Font shape `OT1/phv/b/it' in size <9> not available
(Font)              Font shape `OT1/phv/b/sl' tried instead on input line 27.
LaTeX Font Info:    Font shape `OT1/phv/b/sl' will be
(Font)              scaled to size 7.82996pt on input line 27.
LaTeX Font Info:    Font shape `OT1/phv/bx/n' in size <9> not available
(Font)              Font shape `OT1/phv/b/n' tried instead on input line 27.
LaTeX Font Info:    Font shape `OT1/phv/b/n' will be
(Font)              scaled to size 7.82996pt on input line 27.


Package natbib Warning: Citation `Waltemath:2011' on page 3 undefined on input 
line 27.


Package natbib Warning: Citation `Waltemath:2011' on page 3 undefined on input 
line 27.

[3

 <./images/simEx1.png>] <images/simEx3.png, id=211, 229.3368pt x 128.6406pt>
File: images/simEx3.png Graphic file (type png)

<use images/simEx3.png>
Package pdftex.def Info: images/simEx3.png used on input line 48.
(pdftex.def)             Requested size: 317.07614pt x 177.8736pt.


Package natbib Warning: Citation `Waltemath:2011' on page 4 undefined on input 
line 49.


Package natbib Warning: Citation `Waltemath:2011' on page 4 undefined on input 
line 49.


Overfull \hbox (2.92188pt too wide) in paragraph at lines 60--61
[]\OT1/cmr/m/n/10 Compute the high-est value for each of the re-pres-sor pro-te
ins, max(lacI(t)), max(tetR(t)), max(cI(t)). 
 []

<images/simEx2.png, id=215, 677.53125pt x 494.3268pt>
File: images/simEx2.png Graphic file (type png)
 <use images/simEx2.png>
Package pdftex.def Info: images/simEx2.png used on input line 67.
(pdftex.def)             Requested size: 317.07614pt x 231.3455pt.


Package natbib Warning: Citation `Waltemath:2011' on page 4 undefined on input 
line 68.


Package natbib Warning: Citation `Waltemath:2011' on page 4 undefined on input 
line 68.

)) (./sources/specification.tex [4 <./images/simEx3.png>] [5 <./images/simEx2.p
ng (PNG copy)>]
Chapter 2.

Package natbib Warning: Citation `xmls' on page 6 undefined on input line 5.


Package natbib Warning: Citation `uml22' on page 6 undefined on input line 5.

(./sources/conventions.tex [6

]
<images/pdf/umlClass.pdf, id=238, 109.91063pt x 72.27pt>
File: images/pdf/umlClass.pdf Graphic file (type pdf)

<use images/pdf/umlClass.pdf>
Package pdftex.def Info: images/pdf/umlClass.pdf used on input line 11.
(pdftex.def)             Requested size: 90.5922pt x 59.56943pt.
LaTeX Font Info:    Font shape `OT1/phv/bx/sl' in size <10> not available
(Font)              Font shape `OT1/phv/b/sl' tried instead on input line 20.
LaTeX Font Info:    Font shape `OT1/phv/b/sl' will be
(Font)              scaled to size 8.69995pt on input line 20.

<images/pdf/classRelation.pdf, id=239, 246.9225pt x 72.27pt>
File: images/pdf/classRelation.pdf Graphic file (type pdf)

<use images/pdf/classRelation.pdf>
Package pdftex.def Info: images/pdf/classRelation.pdf used on input line 23.
(pdftex.def)             Requested size: 226.48395pt x 66.28738pt.

<images/pdf/umlAssociation.pdf, id=242, 268.00125pt x 72.27pt>
File: images/pdf/umlAssociation.pdf Graphic file (type pdf)

<use images/pdf/umlAssociation.pdf>
Package pdftex.def Info: images/pdf/umlAssociation.pdf used on input line 34.
(pdftex.def)             Requested size: 226.48395pt x 61.07358pt.

<images/pdf/umlAggregation.pdf, id=244, 299.61937pt x 151.3153pt>
File: images/pdf/umlAggregation.pdf Graphic file (type pdf)

<use images/pdf/umlAggregation.pdf>
Package pdftex.def Info: images/pdf/umlAggregation.pdf used on input line 44.
(pdftex.def)             Requested size: 226.48395pt x 114.38203pt.


LaTeX Warning: `h' float specifier changed to `ht'.


Package natbib Warning: Citation `Bel03' on page 7 undefined on input line 50.

[7

 <./images/pdf/umlClass.pdf> <./images/pdf/classRelation.pdf

pdfTeX warning: pdflatex (file ./images/pdf/classRelation.pdf): PDF inclusion: 
multiple pdfs with page group included in a single page
> <./images/pdf/umlAssociation.pdf

pdfTeX warning: pdflatex (file ./images/pdf/umlAssociation.pdf): PDF inclusion:
 multiple pdfs with page group included in a single page
>] <images/pdf/umlGeneralisation.pdf, id=403, 109.91063pt x 151.3153pt>
File: images/pdf/umlGeneralisation.pdf Graphic file (type pdf)

<use images/pdf/umlGeneralisation.pdf>
Package pdftex.def Info: images/pdf/umlGeneralisation.pdf used on input line 57
.
(pdftex.def)             Requested size: 90.5922pt x 124.72351pt.

<images/pdf/umlMultiplicity.pdf, id=405, 257.46187pt x 72.27pt>
File: images/pdf/umlMultiplicity.pdf Graphic file (type pdf)

<use images/pdf/umlMultiplicity.pdf>
Package pdftex.def Info: images/pdf/umlMultiplicity.pdf used on input line 70.
(pdftex.def)             Requested size: 181.18439pt x 50.85991pt.
LaTeX Font Info:    Try loading font information for OMS+cmr on input line 79.

(/usr/share/texlive/texmf-dist/tex/latex/base/omscmr.fd
File: omscmr.fd 2014/09/29 v2.5h Standard LaTeX font definitions
)
LaTeX Font Info:    Font shape `OMS/cmr/m/n' in size <10> not available
(Font)              Font shape `OMS/cmsy/m/n' tried instead on input line 79.
 [8 <./images/pdf/umlAggregation.pdf> <./images/pdf/umlGeneralisation.pdf

pdfTeX warning: pdflatex (file ./images/pdf/umlGeneralisation.pdf): PDF inclusi
on: multiple pdfs with page group included in a single page
> <./images/pdf/umlMultiplicity.pdf

pdfTeX warning: pdflatex (file ./images/pdf/umlMultiplicity.pdf): PDF inclusion
: multiple pdfs with page group included in a single page
>] (/usr/share/texlive/texmf-dist/tex/latex/listings/lstlang1.sty
File: lstlang1.sty 2015/06/04 1.6 listings language file
)
(/usr/share/texlive/texmf-dist/tex/latex/listings/lstmisc.sty
File: lstmisc.sty 2015/06/04 1.6 (Carsten Heinz)
)
LaTeX Font Info:    Font shape `OT1/txtt/m/n' will be
(Font)              scaled to size 6.82504pt on input line 87.
LaTeX Font Info:    Font shape `OT1/txtt/m/n' will be
(Font)              scaled to size 4.87503pt on input line 88.
LaTeX Font Info:    Font shape `OT1/txtt/m/it' in size <9> not available
(Font)              Font shape `OT1/txtt/m/sl' tried instead on input line 102.

LaTeX Font Info:    Font shape `OT1/txtt/m/sl' will be
(Font)              scaled to size 8.77505pt on input line 102.
 [9]
Overfull \hbox (21.82552pt too wide) in paragraph at lines 159--160
\OT1/cmr/m/n/10 quence of five ad-di-tional el-e-ments (\OT1/txtt/m/n/10 listOf
Simulations\OT1/cmr/m/n/10 , \OT1/txtt/m/n/10 listOfModels\OT1/cmr/m/n/10 , \OT
1/txtt/m/n/10 listOfTasks\OT1/cmr/m/n/10 , \OT1/txtt/m/n/10 listOfDataGenerator
s\OT1/cmr/m/n/10 ,
 []

) (./sources/concepts.tex [10] (./sources/mathML.tex

Package natbib Warning: Citation `CIM+01' on page 11 undefined on input line 5.


[11

]) (./sources/uriScheme.tex

Package natbib Warning: Citation `LDR+10' on page 12 undefined on input line 19
.

LaTeX Font Info:    Font shape `OT1/txtt/m/n' will be
(Font)              scaled to size 7.80005pt on input line 19.

LaTeX Warning: Reference `app:archive' on page 12 undefined on input line 31.

[12]) (./sources/xpath.tex

Package natbib Warning: Citation `xpath:1999' on page 13 undefined on input lin
e 5.

LaTeX Font Info:    Font shape `OT1/txtt/m/it' in size <10> not available
(Font)              Font shape `OT1/txtt/m/sl' tried instead on input line 15.
LaTeX Font Info:    Font shape `OT1/txtt/m/sl' will be
(Font)              scaled to size 9.75006pt on input line 15.
[13]) (./sources/kisao.tex

Package natbib Warning: Citation `CWK+10' on page 14 undefined on input line 5.


) (./sources/resources.tex)) (./sources/generalElements.tex [14]
(./sources/idAttribute.tex
LaTeX Font Info:    Font shape `OT1/txtt/bx/n' in size <12> not available
(Font)              Font shape `OT1/txtt/b/n' tried instead on input line 1.
LaTeX Font Info:    Font shape `OT1/txtt/b/n' will be
(Font)              scaled to size 11.70007pt on input line 1.
LaTeX Font Info:    Font shape `OT1/txtt/m/n' will be
(Font)              scaled to size 8.77505pt on input line 12.
LaTeX Font Info:    External font `cmex10' loaded for size
(Font)              <9> on input line 14.


Package natbib Warning: Citation `HBH+10' on page 15 undefined on input line 25
.

) (./sources/nameAttribute.tex) (./sources/sedBaseClass.tex
<./images/pdf/sedBaseClass.pdf, id=789, 518.6878pt x 146.04562pt>
File: ./images/pdf/sedBaseClass.pdf Graphic file (type pdf)

<use ./images/pdf/sedBaseClass.pdf>
Package pdftex.def Info: ./images/pdf/sedBaseClass.pdf used on input line 6.
(pdftex.def)             Requested size: 407.66833pt x 114.7909pt.
 [15

] (./sources/metaid.tex
LaTeX Font Info:    Font shape `OT1/txtt/bx/sl' in size <10> not available
(Font)              Font shape `OT1/txtt/b/sl' tried instead on input line 1.
LaTeX Font Info:    Font shape `OT1/txtt/b/sl' will be
(Font)              scaled to size 9.75006pt on input line 1.
)
(./sources/notesClass.tex

Package natbib Warning: Citation `P+02' on page 16 undefined on input line 5.


Package natbib Warning: Citation `HBH+10' on page 16 undefined on input line 6.


[16 <./images/pdf/sedBaseClass.pdf>]) (./sources/annotationClass.tex

Package natbib Warning: Citation `HBH+10' on page 17 undefined on input line 7.


)) (./sources/sed-mlClass.tex
<./images/pdf/sed-mlMain.pdf, id=994, 486.31688pt x 536.75531pt>
File: ./images/pdf/sed-mlMain.pdf Graphic file (type pdf)

<use ./images/pdf/sed-mlMain.pdf>
Package pdftex.def Info: ./images/pdf/sed-mlMain.pdf used on input line 17.
(pdftex.def)             Requested size: 362.37569pt x 399.96098pt.
 [17]

LaTeX Warning: Hyper reference `sec:listOfDataDescriptions' on page 18 undefine
d on input line 39.


LaTeX Warning: Reference `sec:listOfDataDescriptions' on page 18 undefined on i
nput line 39.

LaTeX Font Info:    Font shape `OT1/txtt/bx/n' in size <7> not available
(Font)              Font shape `OT1/txtt/b/n' tried instead on input line 56.
LaTeX Font Info:    Font shape `OT1/txtt/b/n' will be
(Font)              scaled to size 6.82504pt on input line 56.
[18 <./images/pdf/sed-mlMain.pdf>] (./sources/xmlns.tex) (./sources/level.tex)
(./sources/version.tex)) (./sources/referenceRelation.tex [19]
(./sources/modelReference.tex [20]) (./sources/taskReference.tex)
(./sources/simulationReference.tex) (./sources/dataReference.tex [21]))
(./sources/variableClass.tex
<./images/pdf/variable.pdf, id=1705, 127.22531pt x 78.2925pt>
File: ./images/pdf/variable.pdf Graphic file (type pdf)

<use ./images/pdf/variable.pdf>
Package pdftex.def Info: ./images/pdf/variable.pdf used on input line 6.
(pdftex.def)             Requested size: 158.54152pt x 97.5679pt.
 [22 <./images/pdf/variable.pdf>]
(./sources/target.tex [23]) (./sources/symbol.tex))
(./sources/parameterClass.tex
<./images/pdf/parameterClass.pdf, id=1885, 127.22531pt x 78.2925pt>
File: ./images/pdf/parameterClass.pdf Graphic file (type pdf)

<use ./images/pdf/parameterClass.pdf>
Package pdftex.def Info: ./images/pdf/parameterClass.pdf used on input line 6.
(pdftex.def)             Requested size: 135.89174pt x 83.62877pt.
 [24 <./images/pdf/parameterClass.pdf>]
(./sources/value.tex)) (./sources/listOfElements.tex
(./sources/listOfVariables.tex
<./images/pdf/listOfVariables.pdf, id=1980, 458.46281pt x 183.68625pt>
File: ./images/pdf/listOfVariables.pdf Graphic file (type pdf)

<use ./images/pdf/listOfVariables.pdf>
Package pdftex.def Info: ./images/pdf/listOfVariables.pdf used on input line 7.

(pdftex.def)             Requested size: 385.02547pt x 154.27014pt.
) (./sources/listOfParameters.tex
<./images/pdf/listOfParameters.pdf, id=1988, 421.575pt x 183.68625pt>
File: ./images/pdf/listOfParameters.pdf Graphic file (type pdf)

<use ./images/pdf/listOfParameters.pdf>
Package pdftex.def Info: ./images/pdf/listOfParameters.pdf used on input line 5
.
(pdftex.def)             Requested size: 385.02547pt x 167.76294pt.
 [25 <./images/pdf/listOfVariables.pdf>]) (./sources/listOfModels.tex
<./images/pdf/listOfModels.pdf, id=2186, 442.65375pt x 78.2925pt>
File: ./images/pdf/listOfModels.pdf Graphic file (type pdf)

<use ./images/pdf/listOfModels.pdf>
Package pdftex.def Info: ./images/pdf/listOfModels.pdf used on input line 6.
(pdftex.def)             Requested size: 385.02547pt x 68.10315pt.
) (./sources/listOfChanges.tex
<./images/pdf/listOfChanges.pdf, id=2193, 395.22656pt x 78.2925pt>
File: ./images/pdf/listOfChanges.pdf Graphic file (type pdf)

<use ./images/pdf/listOfChanges.pdf>
Package pdftex.def Info: ./images/pdf/listOfChanges.pdf used on input line 5.
(pdftex.def)             Requested size: 385.02547pt x 76.27214pt.
 [26 <./images/pdf/listOfParameters.pdf> <./images/pdf/listOfModels.pdf

pdfTeX warning: pdflatex (file ./images/pdf/listOfModels.pdf): PDF inclusion: m
ultiple pdfs with page group included in a single page
>]) (./sources/listOfSimulations.tex
<./images/pdf/listOfSimulations.pdf, id=2518, 500.62032pt x 78.2925pt>
File: ./images/pdf/listOfSimulations.pdf Graphic file (type pdf)

<use ./images/pdf/listOfSimulations.pdf>
Package pdftex.def Info: ./images/pdf/listOfSimulations.pdf used on input line 
6.
(pdftex.def)             Requested size: 385.47473pt x 60.28778pt.
)
(./sources/listOfAlgorithmParameters.tex [27 <./images/pdf/listOfChanges.pdf> <
./images/pdf/listOfSimulations.pdf

pdfTeX warning: pdflatex (file ./images/pdf/listOfSimulations.pdf): PDF inclusi
on: multiple pdfs with page group included in a single page
>]) (./sources/listOfTasks.tex
<./images/pdf/listOfTasks.pdf, id=2775, 432.11438pt x 78.2925pt>
File: ./images/pdf/listOfTasks.pdf Graphic file (type pdf)

<use ./images/pdf/listOfTasks.pdf>
Package pdftex.def Info: ./images/pdf/listOfTasks.pdf used on input line 5.
(pdftex.def)             Requested size: 385.02547pt x 69.76372pt.
) (./sources/listOfDatagenerators.tex
<./images/pdf/listOfDataGenerators.pdf, id=2784, 474.27188pt x 78.2925pt>
File: ./images/pdf/listOfDataGenerators.pdf Graphic file (type pdf)

<use ./images/pdf/listOfDataGenerators.pdf>
Package pdftex.def Info: ./images/pdf/listOfDataGenerators.pdf used on input li
ne 6.
(pdftex.def)             Requested size: 385.02547pt x 63.5623pt.
) (./sources/listOfOutputs.tex
[28 <./images/pdf/listOfTasks.pdf> <./images/pdf/listOfDataGenerators.pdf

pdfTeX warning: pdflatex (file ./images/pdf/listOfDataGenerators.pdf): PDF incl
usion: multiple pdfs with page group included in a single page
>] <./images/pdf/listOfOutputs.pdf, id=3054, 421.575pt x 78.2925pt>
File: ./images/pdf/listOfOutputs.pdf Graphic file (type pdf)

<use ./images/pdf/listOfOutputs.pdf>
Package pdftex.def Info: ./images/pdf/listOfOutputs.pdf used on input line 6.
(pdftex.def)             Requested size: 385.02547pt x 71.50551pt.
))) (./sources/syntax.tex [29 <./images/pdf/listOfOutputs.pdf>]

LaTeX Warning: Reference `sec:xmlschema' on page 30 undefined on input line 14.


(./sources/dataDescriptionClass.tex
<./images/pdf/dataDescriptionClass.pdf, id=3195, 726.46407pt x 253.69781pt>
File: ./images/pdf/dataDescriptionClass.pdf Graphic file (type pdf)

<use ./images/pdf/dataDescriptionClass.pdf>
Package pdftex.def Info: ./images/pdf/dataDescriptionClass.pdf used on input li
ne 9.
(pdftex.def)             Requested size: 452.9679pt x 158.1891pt.
 [30

 <./images/pdf/dataDescriptionClass.pdf>]
Underfull \hbox (badness 10000) in paragraph at lines 48--49

 []

[31]
\openout2 = `sources/dataSourceClass.aux'.

 (./sources/dataSourceClass.tex
<./images/pdf/dataSourceClass.pdf, id=3542, 410.2828pt x 69.25874pt>
File: ./images/pdf/dataSourceClass.pdf Graphic file (type pdf)

<use ./images/pdf/dataSourceClass.pdf>
Package pdftex.def Info: ./images/pdf/dataSourceClass.pdf used on input line 9.

(pdftex.def)             Requested size: 407.66833pt x 68.8168pt.
 [32

 <./images/pdf/dataSourceClass.pdf>]
(./sources/sliceClass.tex
<./images/pdf/sliceClass.pdf, id=3685, 173.14688pt x 67.75313pt>
File: ./images/pdf/sliceClass.pdf Graphic file (type pdf)

<use ./images/pdf/sliceClass.pdf>
Package pdftex.def Info: ./images/pdf/sliceClass.pdf used on input line 9.
(pdftex.def)             Requested size: 226.48395pt x 88.62695pt.
 [33 <./images/pdf/sliceClass.pdf>])) [34])
(./sources/modelClass.tex
File: ./images/pdf/listOfChanges.pdf Graphic file (type pdf)
 <use ./images/pdf/listOfChanges.pdf>
Package pdftex.def Info: ./images/pdf/listOfChanges.pdf used on input line 6.
(pdftex.def)             Requested size: 385.02547pt x 76.27214pt.
 [35

]
(./sources/language.tex) (./sources/source.tex [36]))
(./sources/changeClass.tex
<./images/pdf/changeClass.pdf, id=3869, 579.66562pt x 547.2947pt>
File: ./images/pdf/changeClass.pdf Graphic file (type pdf)

<use ./images/pdf/changeClass.pdf>
Package pdftex.def Info: ./images/pdf/changeClass.pdf used on input line 14.
(pdftex.def)             Requested size: 452.9679pt x 427.67314pt.
 [37] (./sources/newXmlClass.tex [38 <./images/pdf/changeClass.pdf>]) (./source
s/addXmlClass.tex
<./images/pdf/addXMLClass.pdf, id=4338, 584.93532pt x 78.2925pt>
File: ./images/pdf/addXMLClass.pdf Graphic file (type pdf)

<use ./images/pdf/addXMLClass.pdf>
Package pdftex.def Info: ./images/pdf/addXMLClass.pdf used on input line 7.
(pdftex.def)             Requested size: 385.02547pt x 51.537pt.
 [39 <./images/pdf/addXMLClass.pdf>])
(./sources/changeXmlClass.tex
<./images/pdf/changeXmlClass.pdf, id=4466, 363.60844pt x 183.68625pt>
File: ./images/pdf/changeXmlClass.pdf Graphic file (type pdf)

<use ./images/pdf/changeXmlClass.pdf>
Package pdftex.def Info: ./images/pdf/changeXmlClass.pdf used on input line 6.
(pdftex.def)             Requested size: 339.72592pt x 171.62523pt.
 [40 <./images/pdf/changeXmlClass.pdf>])
(./sources/removeXmlClass.tex
<./images/pdf/removeXmlClass.pdf, id=4606, 152.82094pt x 183.68625pt>
File: ./images/pdf/removeXmlClass.pdf Graphic file (type pdf)

<use ./images/pdf/removeXmlClass.pdf>
Package pdftex.def Info: ./images/pdf/removeXmlClass.pdf used on input line 6.
(pdftex.def)             Requested size: 135.89174pt x 163.34569pt.
 [41 <./images/pdf/removeXmlClass.pdf>])
(./sources/changeAttributeClass.tex
<./images/pdf/changeAttributeClass.pdf, id=4704, 379.4175pt x 78.2925pt>
File: ./images/pdf/changeAttributeClass.pdf Graphic file (type pdf)

<use ./images/pdf/changeAttributeClass.pdf>
Package pdftex.def Info: ./images/pdf/changeAttributeClass.pdf used on input li
ne 6.
(pdftex.def)             Requested size: 339.72592pt x 70.103pt.
 [42 <./images/pdf/changeAttributeClass.pdf>]) (./sources/computeChangeClass.te
x
<./images/pdf/computeChangeClass.pdf, id=4812, 416.30531pt x 262.73157pt>
File: ./images/pdf/computeChangeClass.pdf Graphic file (type pdf)

<use ./images/pdf/computeChangeClass.pdf>
Package pdftex.def Info: ./images/pdf/computeChangeClass.pdf used on input line
 6.
(pdftex.def)             Requested size: 385.02547pt x 243.00284pt.
 [43 <./images/pdf/computeChangeClass.pdf>])) (./sources/simulationClass.tex
<./images/pdf/simulationClass.pdf, id=5145, 389.95688pt x 79.79813pt>
File: ./images/pdf/simulationClass.pdf Graphic file (type pdf)

<use ./images/pdf/simulationClass.pdf>
Package pdftex.def Info: ./images/pdf/simulationClass.pdf used on input line 8.

(pdftex.def)             Requested size: 385.02547pt x 78.79214pt.
 [44]) (./sources/algorithmClass.tex
<./images/pdf/algorithm.pdf, id=5213, 152.82094pt x 78.2925pt>
File: ./images/pdf/algorithm.pdf Graphic file (type pdf)

<use ./images/pdf/algorithm.pdf>
Package pdftex.def Info: ./images/pdf/algorithm.pdf used on input line 9.
(pdftex.def)             Requested size: 158.54152pt x 81.22633pt.
 [45 <./images/pdf/simulationClass.pdf>]
LaTeX Font Info:    Try loading font information for OMS+txtt on input line 12.

LaTeX Font Info:    No file OMStxtt.fd. on input line 12.


LaTeX Font Warning: Font shape `OMS/txtt/m/n' undefined
(Font)              using `OMS/cmsy/m/n' instead
(Font)              for symbol `textbraceleft' on input line 12.

) (./sources/algorithmParameterClass.tex [46 <./images/pdf/algorithm.pdf>])
(./sources/timeCourseSimulationClass.tex
<./images/pdf/timecourseSimulation.pdf, id=5385, 395.22656pt x 79.79813pt>
File: ./images/pdf/timecourseSimulation.pdf Graphic file (type pdf)

<use ./images/pdf/timecourseSimulation.pdf>
Package pdftex.def Info: ./images/pdf/timecourseSimulation.pdf used on input li
ne 4.
(pdftex.def)             Requested size: 339.72592pt x 68.59337pt.

Overfull \hbox (4.51743pt too wide) in paragraph at lines 60--61
\OT1/cmr/m/n/10 time). To ac-com-mo-date this in SED-ML the \OT1/txtt/m/n/10 un
iformTimeCourse \OT1/cmr/m/n/10 class uses the at-tribute \OT1/txtt/m/n/10 outp
utStartTime
 []

[47 <./images/pdf/timecourseSimulation.pdf>])
(./sources/oneStepSimulationClass.tex
<./images/pdf/oneStep.pdf, id=5535, 152.82094pt x 191.21437pt>
File: ./images/pdf/oneStep.pdf Graphic file (type pdf)

<use ./images/pdf/oneStep.pdf>
Package pdftex.def Info: ./images/pdf/oneStep.pdf used on input line 4.
(pdftex.def)             Requested size: 135.89174pt x 170.04019pt.
 [48 <./images/pdf/oneStep.pdf>])
(./sources/steadyStateSimulationClass.tex
<./images/pdf/steadyState.pdf, id=5637, 157.33781pt x 183.68625pt>
File: ./images/pdf/steadyState.pdf Graphic file (type pdf)

<use ./images/pdf/steadyState.pdf>
Package pdftex.def Info: ./images/pdf/steadyState.pdf used on input line 7.
(pdftex.def)             Requested size: 135.89174pt x 158.65657pt.
 [49 <./images/pdf/steadyState.pdf>])
(./sources/abstractTaskClass.tex
<./images/pdf/abstractTask.pdf, id=5739, 627.09282pt x 210.03468pt>
File: ./images/pdf/abstractTask.pdf Graphic file (type pdf)

<use ./images/pdf/abstractTask.pdf>
Package pdftex.def Info: ./images/pdf/abstractTask.pdf used on input line 6.
(pdftex.def)             Requested size: 362.37569pt x 121.37471pt.
) (./sources/taskClass.tex
<./images/pdf/taskClass.pdf, id=5757, 394.47375pt x 257.46187pt>
File: ./images/pdf/taskClass.pdf Graphic file (type pdf)

<use ./images/pdf/taskClass.pdf>
Package pdftex.def Info: ./images/pdf/taskClass.pdf used on input line 6.
(pdftex.def)             Requested size: 339.72592pt x 221.7311pt.
 [50 <./images/pdf/abstractTask.pdf>])
(./sources/repeatedTaskClass.tex [51 <./images/pdf/taskClass.pdf>]
<./images/pdf/repeatedTaskClass.pdf, id=6219, 420.82219pt x 262.73157pt>
File: ./images/pdf/repeatedTaskClass.pdf Graphic file (type pdf)

<use ./images/pdf/repeatedTaskClass.pdf>
Package pdftex.def Info: ./images/pdf/repeatedTaskClass.pdf used on input line 
17.
(pdftex.def)             Requested size: 407.66833pt x 254.52057pt.
 [52 <./images/pdf/repeatedTaskClass.pdf>] <./images/pdf/uniformRange.pdf, id=6
512, 157.33781pt x 183.68625pt>
File: ./images/pdf/uniformRange.pdf Graphic file (type pdf)

<use ./images/pdf/uniformRange.pdf>
Package pdftex.def Info: ./images/pdf/uniformRange.pdf used on input line 118.
(pdftex.def)             Requested size: 135.89174pt x 158.65657pt.
 [53]
<./images/pdf/vectorRangeClass.pdf, id=6543, 157.33781pt x 183.68625pt>
File: ./images/pdf/vectorRangeClass.pdf Graphic file (type pdf)

<use ./images/pdf/vectorRangeClass.pdf>
Package pdftex.def Info: ./images/pdf/vectorRangeClass.pdf used on input line 1
38.
(pdftex.def)             Requested size: 135.89174pt x 158.65657pt.
 [54 <./images/pdf/uniformRange.pdf> <./images/pdf/vectorRangeClass.pdf

pdfTeX warning: pdflatex (file ./images/pdf/vectorRangeClass.pdf): PDF inclusio
n: multiple pdfs with page group included in a single page
>] <./images/pdf/functionalRangeClass.pdf, id=6717, 436.63126pt x 231.11343pt>
File: ./images/pdf/functionalRangeClass.pdf Graphic file (type pdf)

<use ./images/pdf/functionalRangeClass.pdf>
Package pdftex.def Info: ./images/pdf/functionalRangeClass.pdf used on input li
ne 153.
(pdftex.def)             Requested size: 407.66833pt x 215.78316pt.
 [55 <./images/pdf/functionalRangeClass.pdf>] [56]) (./sources/dataGeneratorCla
ss.tex
<./images/pdf/dataGeneratorClass.pdf, id=7022, 157.33781pt x 78.2925pt>
File: ./images/pdf/dataGeneratorClass.pdf Graphic file (type pdf)

<use ./images/pdf/dataGeneratorClass.pdf>
Package pdftex.def Info: ./images/pdf/dataGeneratorClass.pdf used on input line
 6.
(pdftex.def)             Requested size: 135.89174pt x 67.6241pt.
 [57 <./images/pdf/dataGeneratorClass.pdf>]) (./sources/outputClass.tex
<./images/pdf/outputClass.pdf, id=7118, 864.22874pt x 246.9225pt>
File: ./images/pdf/outputClass.pdf Graphic file (type pdf)

<use ./images/pdf/outputClass.pdf>
Package pdftex.def Info: ./images/pdf/outputClass.pdf used on input line 7.
(pdftex.def)             Requested size: 407.66833pt x 116.47556pt.
 (./sources/2dPlotClass.tex
<./images/pdf/plot2DClass.pdf, id=7143, 405.01312pt x 188.95593pt>
File: ./images/pdf/plot2DClass.pdf Graphic file (type pdf)

<use ./images/pdf/plot2DClass.pdf>
Package pdftex.def Info: ./images/pdf/plot2DClass.pdf used on input line 5.
(pdftex.def)             Requested size: 339.72592pt x 158.49988pt.
 [58 <./images/pdf/outputClass.pdf>])
Overfull \hbox (14.31918pt too wide) in paragraph at lines 47--44
\OT1/cmr/m/n/10 The list-ing shows the def-i-ni-tion of a 2 di-men-sional plot 
con-tain-ing one [][]curve[][] el-e-ment in-side the \OT1/txtt/m/n/10 listOfCur
ves\OT1/cmr/m/n/10 .
 []

(./sources/3dPlotClass.tex
<./images/pdf/plot3DClass.pdf, id=7592, 410.2828pt x 170.13562pt>
File: ./images/pdf/plot3DClass.pdf Graphic file (type pdf)

<use ./images/pdf/plot3DClass.pdf>
Package pdftex.def Info: ./images/pdf/plot3DClass.pdf used on input line 5.
(pdftex.def)             Requested size: 339.72592pt x 140.87503pt.
 [59 <./images/pdf/plot2DClass.pdf>])
(./sources/reportClass.tex
<./images/pdf/report.pdf, id=7768, 379.4175pt x 78.2925pt>
File: ./images/pdf/report.pdf Graphic file (type pdf)

<use ./images/pdf/report.pdf>
Package pdftex.def Info: ./images/pdf/report.pdf used on input line 5.
(pdftex.def)             Requested size: 339.72592pt x 70.103pt.
 [60 <./images/pdf/plot3DClass.pdf>]

Package natbib Warning: Citation `DSM10' on page 61 undefined on input line 50.


)) (./sources/outputComponents.tex (./sources/curveClass.tex
<./images/pdf/curveClass.pdf, id=7986, 384.6872pt x 78.2925pt>
File: ./images/pdf/curveClass.pdf Graphic file (type pdf)

<use ./images/pdf/curveClass.pdf>
Package pdftex.def Info: ./images/pdf/curveClass.pdf used on input line 6.
(pdftex.def)             Requested size: 339.72592pt x 69.14609pt.
 [61 <./images/pdf/report.pdf> <./images/pdf/curveClass.pdf

pdfTeX warning: pdflatex (file ./images/pdf/curveClass.pdf): PDF inclusion: mul
tiple pdfs with page group included in a single page
>]) (./sources/surfaceClass.tex [62]
<./images/pdf/surfaceClass.pdf, id=8267, 459.96844pt x 173.14688pt>
File: ./images/pdf/surfaceClass.pdf Graphic file (type pdf)

<use ./images/pdf/surfaceClass.pdf>
Package pdftex.def Info: ./images/pdf/surfaceClass.pdf used on input line 6.
(pdftex.def)             Requested size: 385.02547pt x 144.94304pt.
 [63 <./images/pdf/surfaceClass.pdf>])
(./sources/dataSetClass.tex
<./images/pdf/dataSetClass.pdf, id=8511, 395.22656pt x 78.2925pt>
File: ./images/pdf/dataSetClass.pdf Graphic file (type pdf)

<use ./images/pdf/dataSetClass.pdf>
Package pdftex.def Info: ./images/pdf/dataSetClass.pdf used on input line 5.
(pdftex.def)             Requested size: 339.72592pt x 67.29916pt.
 [64 <./images/pdf/dataSetClass.pdf>]))))
(./sources/acknowledgements.tex [65]
Chapter 3.
) (./sources/UML.tex [66

]
Appendix A.

LaTeX Warning: Reference `lst:schema' on page 67 undefined on input line 2.

<./images/pdf/sedML.pdf, id=8655, 1706.62593pt x 1353.55687pt>
File: ./images/pdf/sedML.pdf Graphic file (type pdf)

<use ./images/pdf/sedML.pdf>
Package pdftex.def Info: ./images/pdf/sedML.pdf used on input line 5.
(pdftex.def)             Requested size: 452.9679pt x 359.2485pt.
) (./sources/XMLschema.tex [67

 <./images/pdf/sedML.pdf>]
Appendix B.

LaTeX Warning: Reference `lst:schema' on page 68 undefined on input line 2.

(../../schema/level1/version3/sed-ml-L1-V3.xsd [68

] [69] [70] [71] [72]
[73] [74] [75])) (./sources/examples.tex [76]
Appendix C.
[77

] (./xml/leloupSbml.tex

Package natbib Warning: Citation `N+06' on page 78 undefined on input line 5.


LaTeX Warning: Reference `fig:leloupExample' on page 78 undefined on input line
 13.

<xml/leloupSBML.pdf, id=11511, 469.755pt x 360.98866pt>
File: xml/leloupSBML.pdf Graphic file (type pdf)

<use xml/leloupSBML.pdf>
Package pdftex.def Info: xml/leloupSBML.pdf used on input line 15.
(pdftex.def)             Requested size: 375.80452pt x 288.7913pt.


LaTeX Warning: Reference `lst:leloup1' on page 78 undefined on input line 15.


LaTeX Warning: Reference `lst:leloup1' on page 78 undefined on input line 15.

(./xml/leloupSbml.xml [78

 <./xml/leloupSBML.pdf>])) [79]
(./xml/leloupCellml.tex

Package natbib Warning: Citation `LLH+08' on page 80 undefined on input line 3.



Overfull \hbox (23.07813pt too wide) in paragraph at lines 5--6
\OT1/txtt/m/n/10 org / workspace / leloup _ gonze _ goldbeter _ 1999 / @ @ rawf
ile / 7606a47e222bc3b3d9117baa08d2e7246d67eedd /
 []

<xml/leloupCellml.pdf, id=11642, 619.31375pt x 463.7325pt>
File: xml/leloupCellml.pdf Graphic file (type pdf)

<use xml/leloupCellml.pdf>
Package pdftex.def Info: xml/leloupCellml.pdf used on input line 16.
(pdftex.def)             Requested size: 371.59111pt x 278.24164pt.


LaTeX Warning: Reference `lst:leloup' on page 80 undefined on input line 16.


LaTeX Warning: Reference `lst:leloup' on page 80 undefined on input line 16.

(./xml/leloupCellml.xml [80

 <./xml/leloupCellml.pdf>] [81])) [82]
(./xml/IkBNFkB_Signaling.tex

Package natbib Warning: Citation `N+06' on page 83 undefined on input line 5.


LaTeX Warning: Reference `fig:ikappabExample' on page 83 undefined on input lin
e 9.

<./images/ikappab.png, id=11795, 470.11636pt x 356.17064pt>
File: ./images/ikappab.png Graphic file (type png)

<use ./images/ikappab.png>
Package pdftex.def Info: ./images/ikappab.png used on input line 11.
(pdftex.def)             Requested size: 362.37569pt x 274.55115pt.


LaTeX Warning: Reference `lst:ikappab' on page 83 undefined on input line 11.


LaTeX Warning: Reference `lst:ikappab' on page 83 undefined on input line 11.


Overfull \hbox (7.09329pt too wide) in paragraph at lines 9--11
[]\OT1/cmr/m/n/10 As out-put this sim-u-la-tion de-scrip-tion col-lects four pa
-ram-e-ters: \OT1/txtt/m/n/10 Total[]NFkBn\OT1/cmr/m/n/10 , \OT1/txtt/m/n/10 To
tal[]IkBbeta\OT1/cmr/m/n/10 , \OT1/txtt/m/n/10 Total[]IkBeps
 []


LaTeX Warning: Reference `lst:ikappab' on page 83 undefined on input line 14.

(./xml/IkBNFkB_Signaling.xml [83

 <./images/ikappab.png>])) [84]
(./sources/repeatedTaskExamples.tex
<xml/v3-example1-repeated-steady-scan-oscli.pdf, id=12031, 470.17659pt x 332.50
223pt>
File: xml/v3-example1-repeated-steady-scan-oscli.pdf Graphic file (type pdf)
 <use xml/v3-example1-repeated-steady-scan-oscli.pdf>
Package pdftex.def Info: xml/v3-example1-repeated-steady-scan-oscli.pdf used on
 input line 9.
(pdftex.def)             Requested size: 282.10812pt x 199.50287pt.


LaTeX Warning: Reference `lst:repeated1' on page 85 undefined on input line 9.


LaTeX Warning: Reference `lst:repeated1' on page 85 undefined on input line 9.

(./xml/v3-example1-repeated-steady-scan-oscli.xml [85

 <./xml/v3-example1-repeated-steady-scan-oscli.pdf>])
<xml/v3-example2-oscli-nested-pulse.pdf, id=12100, 470.17659pt x 332.50223pt>
File: xml/v3-example2-oscli-nested-pulse.pdf Graphic file (type pdf)

<use xml/v3-example2-oscli-nested-pulse.pdf>
Package pdftex.def Info: xml/v3-example2-oscli-nested-pulse.pdf used on input l
ine 22.
(pdftex.def)             Requested size: 282.10812pt x 199.50287pt.


LaTeX Warning: Reference `lst:repeated2' on page 86 undefined on input line 22.



LaTeX Warning: Reference `lst:repeated2' on page 86 undefined on input line 22.


[86] (./xml/v3-example2-oscli-nested-pulse.xml [87 <./xml/v3-example2-oscli-nes
ted-pulse.pdf>])
<xml/v3-example3-repeated-stochastic-runs.pdf, id=12229, 470.17659pt x 332.5022
3pt>
File: xml/v3-example3-repeated-stochastic-runs.pdf Graphic file (type pdf)
 <use xml/v3-example3-repeated-stochastic-runs.pdf>
Package pdftex.def Info: xml/v3-example3-repeated-stochastic-runs.pdf used on i
nput line 35.
(pdftex.def)             Requested size: 282.10812pt x 199.50287pt.


LaTeX Warning: Reference `lst:repeated3' on page 88 undefined on input line 35.



LaTeX Warning: Reference `lst:repeated3' on page 88 undefined on input line 35.


[88] (./xml/v3-example3-repeated-stochastic-runs.xml [89 <./xml/v3-example3-rep
eated-stochastic-runs.pdf>])
<xml/v3-example4-repeated-scan-oscli.pdf, id=12377, 470.17659pt x 332.50223pt>
File: xml/v3-example4-repeated-scan-oscli.pdf Graphic file (type pdf)

<use xml/v3-example4-repeated-scan-oscli.pdf>
Package pdftex.def Info: xml/v3-example4-repeated-scan-oscli.pdf used on input 
line 49.
(pdftex.def)             Requested size: 282.10812pt x 199.50287pt.


LaTeX Warning: Reference `lst:repeated4' on page 90 undefined on input line 49.



LaTeX Warning: Reference `lst:repeated4' on page 90 undefined on input line 49.


[90] (./xml/v3-example4-repeated-scan-oscli.xml [91 <./xml/v3-example4-repeated
-scan-oscli.pdf>])
<xml/v3-example5-boris-2d-scan.pdf, id=12520, 470.17659pt x 332.50223pt>
File: xml/v3-example5-boris-2d-scan.pdf Graphic file (type pdf)

<use xml/v3-example5-boris-2d-scan.pdf>
Package pdftex.def Info: xml/v3-example5-boris-2d-scan.pdf used on input line 6
2.
(pdftex.def)             Requested size: 282.10812pt x 199.50287pt.


LaTeX Warning: Reference `lst:repeated5' on page 92 undefined on input line 62.



LaTeX Warning: Reference `lst:repeated5' on page 92 undefined on input line 62.


(./xml/v3-example5-boris-2d-scan.xml [92 <./xml/v3-example5-boris-2d-scan.pdf>]
[93])) [94] (./sources/dataExamples.tex
<xml/dataExample1.pdf, id=12693, 470.11636pt x 332.44202pt>
File: xml/dataExample1.pdf Graphic file (type pdf)

<use xml/dataExample1.pdf>
Package pdftex.def Info: xml/dataExample1.pdf used on input line 4.
(pdftex.def)             Requested size: 282.07199pt x 199.46674pt.


LaTeX Warning: Reference `lst:dataExample1' on page 95 undefined on input line 
4.


LaTeX Warning: Reference `lst:dataExample1' on page 95 undefined on input line 
4.

(./xml/dataExample1.xml [95

 <./xml/dataExample1.pdf>]))) (./sources/archive.tex [96]
Appendix D.
)
No file sed-ml-L1V3.bbl.

Package natbib Warning: There were undefined citations.

Package atveryend Info: Empty hook `BeforeClearDocument' on input line 64.
[97

]
Package atveryend Info: Empty hook `AfterLastShipout' on input line 64.
 (./sed-ml-L1V3.aux (./sources/dataSourceClass.aux))
Package atveryend Info: Executing hook `AtVeryEndDocument' on input line 64.


 *File List*
  report.cls    2014/09/29 v1.4h Standard LaTeX document class
  size10.clo    2014/09/29 v1.4h Standard LaTeX file (size option)
tocvsec2.sty    2014/03/10 v1.3a variable ToC section entries
  ifthen.sty    2014/09/29 v1.1c Standard LaTeX ifthen package (DPC)
sources/latex-style.tex
geometry.sty    2010/09/12 v5.6 Page Geometry
  keyval.sty    2014/10/28 v1.15 key=value parser (DPC)
   ifpdf.sty    2011/01/30 v2.3 Provides the ifpdf switch (HO)
  ifvtex.sty    2010/03/01 v1.5 Detect VTeX and its facilities (HO)
 ifxetex.sty    2010/09/12 v0.6 Provides ifxetex conditional
inputenc.sty    2015/03/17 v1.2c Input encoding file
    utf8.def    2015/12/03 v1.1r UTF-8 support for inputenc
   t1enc.dfu    2015/12/03 v1.1r UTF-8 support for inputenc
  ot1enc.dfu    2015/12/03 v1.1r UTF-8 support for inputenc
  omsenc.dfu    2015/12/03 v1.1r UTF-8 support for inputenc
  shadow.sty    2003/02/19 v1.3 shadow boxes (M.O.)
supertabular.sty    2004/02/20 v4.1e the supertabular environment
multirow.sty    
multicol.sty    2015/08/19 v1.8n multicolumn formatting (FMi)
enumitem.sty    2011/09/28 v3.5.2 Customized lists
  lscape.sty    2000/10/22 v3.01 Landscape Pages (DPC)
graphics.sty    2016/01/03 v1.0q Standard LaTeX Graphics (DPC,SPQR)
    trig.sty    2016/01/03 v1.10 sin cos tan (DPC)
graphics.cfg    2010/04/23 v1.9 graphics configuration of TeX Live
  pdftex.def    2011/05/27 v0.06d Graphics/color for pdfTeX
infwarerr.sty    2010/04/08 v1.3 Providing info/warning/error messages (HO)
 ltxcmds.sty    2011/11/09 v1.22 LaTeX kernel commands for general use (HO)
  layout.sty    2014/10/28 v1.2c Show layout parameters
   array.sty    2014/10/28 v2.4c Tabular extension package (FMi)
fancybox.sty    2010/05/15 1.4
  xspace.sty    2014/10/28 v1.13 Space after command names (DPC,MH)
  xcolor.sty    2007/01/21 v2.11 LaTeX color extensions (UK)
   color.cfg    2007/01/18 v1.5 color configuration of teTeX/TeXLive
colortbl.sty    2012/02/13 v1.0a Color table columns (DPC)
dvipsnam.def    2015/12/30 v3.0k Driver-dependent file (DPC,SPQR)
  svgnam.def    2007/01/21 v2.11 Predefined colors according to SVG 1.1 (UK)
   float.sty    2001/11/08 v1.3d Float enhancements (AL)
varioref.sty    2015/09/22 v1.5b package for extended references (FMi)
    ulem.sty    2012/05/18
 eso-pic.sty    2015/07/21 v2.0g eso-pic (RN)
atbegshi.sty    2011/10/05 v1.16 At begin shipout hook (HO)
  natbib.sty    2010/09/13 8.31b (PWD, AO)
listings.sty    2015/06/04 1.6 (Carsten Heinz)
 lstmisc.sty    2015/06/04 1.6 (Carsten Heinz)
listings.cfg    2015/06/04 1.6 listings configuration
     url.sty    2013/09/16  ver 3.4  Verb mode for urls, etc.
  pifont.sty    2005/04/12 PSNFSS-v9.2a Pi font support (SPQR) 
    upzd.fd    2001/06/04 font definitions for U/pzd.
    upsy.fd    2001/06/04 font definitions for U/psy.
   alltt.sty    1997/06/16 v2.0g defines alltt environment
graphicx.sty    2014/10/28 v1.0g Enhanced LaTeX Graphics (DPC,SPQR)
hyperref.sty    2012/11/06 v6.83m Hypertext links for LaTeX
hobsub-hyperref.sty    2012/05/28 v1.13 Bundle oberdiek, subset hyperref (HO)
hobsub-generic.sty    2012/05/28 v1.13 Bundle oberdiek, subset generic (HO)
  hobsub.sty    2012/05/28 v1.13 Construct package bundles (HO)
ifluatex.sty    2010/03/01 v1.3 Provides the ifluatex switch (HO)
 intcalc.sty    2007/09/27 v1.1 Expandable calculations with integers (HO)
etexcmds.sty    2011/02/16 v1.5 Avoid name clashes with e-TeX commands (HO)
kvsetkeys.sty    2012/04/25 v1.16 Key value parser (HO)
kvdefinekeys.sty    2011/04/07 v1.3 Define keys (HO)
pdftexcmds.sty    2011/11/29 v0.20 Utility functions of pdfTeX for LuaTeX (HO)
pdfescape.sty    2011/11/25 v1.13 Implements pdfTeX's escape features (HO)
bigintcalc.sty    2012/04/08 v1.3 Expandable calculations on big integers (HO)
  bitset.sty    2011/01/30 v1.1 Handle bit-vector datatype (HO)
uniquecounter.sty    2011/01/30 v1.2 Provide unlimited unique counter (HO)
letltxmacro.sty    2010/09/02 v1.4 Let assignment for LaTeX macros (HO)
 hopatch.sty    2012/05/28 v1.2 Wrapper for package hooks (HO)
xcolor-patch.sty    2011/01/30 xcolor patch
atveryend.sty    2011/06/30 v1.8 Hooks at the very end of document (HO)
refcount.sty    2011/10/16 v3.4 Data extraction from label references (HO)
 hycolor.sty    2011/01/30 v1.7 Color options for hyperref/bookmark (HO)
 auxhook.sty    2011/03/04 v1.3 Hooks for auxiliary files (HO)
kvoptions.sty    2011/06/30 v3.11 Key value format for package options (HO)
  pd1enc.def    2012/11/06 v6.83m Hyperref: PDFDocEncoding definition (HO)
hyperref.cfg    2002/06/06 v1.2 hyperref configuration of TeXLive
 hpdftex.def    2012/11/06 v6.83m Hyperref driver for pdfTeX
rerunfilecheck.sty    2011/04/15 v1.7 Rerun checks for auxiliary files (HO)
rotating.sty    2009/03/28 v2.16a rotated objects in LaTeX
booktabs.sty    2005/04/14 v1.61803 publication quality tables
  helvet.sty    2005/04/12 PSNFSS-v9.2a (WaS) 
 sectsty.sty    2002/02/25 v2.0.2 Commands to change all sectional heading styl
es
sources/latex-macros.tex
supp-pdf.mkii
epstopdf-base.sty    2010/02/09 v2.5 Base part for package epstopdf
  grfext.sty    2010/08/19 v1.1 Manage graphics extensions (HO)
epstopdf-sys.cfg    2010/07/13 v1.3 Configuration of (r)epstopdf for TeX Live
 nameref.sty    2012/10/27 v2.43 Cross-referencing by name of section
gettitlestring.sty    2010/12/03 v1.4 Cleanup title references (HO)
sed-ml-L1V3.out
sed-ml-L1V3.out
sources/front-page.tex
  ot1phv.fd    2001/06/04 scalable font definitions for OT1/phv.
images/logoSedml.png
sources/introduction.tex
sources/motivation.tex
images/simEx1.png
images/simEx3.png
images/simEx2.png
sources/specification.tex
sources/conventions.tex
images/pdf/umlClass.pdf
images/pdf/classRelation.pdf
images/pdf/umlAssociation.pdf
images/pdf/umlAggregation.pdf
images/pdf/umlGeneralisation.pdf
images/pdf/umlMultiplicity.pdf
  omscmr.fd    2014/09/29 v2.5h Standard LaTeX font definitions
lstlang1.sty    2015/06/04 1.6 listings language file
 lstmisc.sty    2015/06/04 1.6 (Carsten Heinz)
sources/concepts.tex
sources/mathML.tex
sources/uriScheme.tex
sources/xpath.tex
sources/kisao.tex
sources/resources.tex
sources/generalElements.tex
sources/idAttribute.tex
sources/nameAttribute.tex
sources/sedBaseClass.tex
./images/pdf/sedBaseClass.pdf
sources/metaid.tex
sources/notesClass.tex
sources/annotationClass.tex
sources/sed-mlClass.tex
./images/pdf/sed-mlMain.pdf
sources/xmlns.tex
sources/level.tex
sources/version.tex
sources/referenceRelation.tex
sources/modelReference.tex
sources/taskReference.tex
sources/simulationReference.tex
sources/dataReference.tex
sources/variableClass.tex
./images/pdf/variable.pdf
sources/target.tex
sources/symbol.tex
sources/parameterClass.tex
./images/pdf/parameterClass.pdf
sources/value.tex
sources/listOfElements.tex
sources/listOfVariables.tex
./images/pdf/listOfVariables.pdf
sources/listOfParameters.tex
./images/pdf/listOfParameters.pdf
sources/listOfModels.tex
./images/pdf/listOfModels.pdf
sources/listOfChanges.tex
./images/pdf/listOfChanges.pdf
sources/listOfSimulations.tex
./images/pdf/listOfSimulations.pdf
sources/listOfAlgorithmParameters.tex
sources/listOfTasks.tex
./images/pdf/listOfTasks.pdf
sources/listOfDatagenerators.tex
./images/pdf/listOfDataGenerators.pdf
sources/listOfOutputs.tex
./images/pdf/listOfOutputs.pdf
sources/syntax.tex
sources/dataDescriptionClass.tex
./images/pdf/dataDescriptionClass.pdf
sources/dataSourceClass.tex
./images/pdf/dataSourceClass.pdf
sources/sliceClass.tex
./images/pdf/sliceClass.pdf
sources/modelClass.tex
./images/pdf/listOfChanges.pdf
sources/language.tex
sources/source.tex
sources/changeClass.tex
./images/pdf/changeClass.pdf
sources/newXmlClass.tex
sources/addXmlClass.tex
./images/pdf/addXMLClass.pdf
sources/changeXmlClass.tex
./images/pdf/changeXmlClass.pdf
sources/removeXmlClass.tex
./images/pdf/removeXmlClass.pdf
sources/changeAttributeClass.tex
./images/pdf/changeAttributeClass.pdf
sources/computeChangeClass.tex
./images/pdf/computeChangeClass.pdf
sources/simulationClass.tex
./images/pdf/simulationClass.pdf
sources/algorithmClass.tex
./images/pdf/algorithm.pdf
sources/algorithmParameterClass.tex
sources/timeCourseSimulationClass.tex
./images/pdf/timecourseSimulation.pdf
sources/oneStepSimulationClass.tex
./images/pdf/oneStep.pdf
sources/steadyStateSimulationClass.tex
./images/pdf/steadyState.pdf
sources/abstractTaskClass.tex
./images/pdf/abstractTask.pdf
sources/taskClass.tex
./images/pdf/taskClass.pdf
sources/repeatedTaskClass.tex
./images/pdf/repeatedTaskClass.pdf
./images/pdf/uniformRange.pdf
./images/pdf/vectorRangeClass.pdf
./images/pdf/functionalRangeClass.pdf
sources/dataGeneratorClass.tex
./images/pdf/dataGeneratorClass.pdf
sources/outputClass.tex
./images/pdf/outputClass.pdf
sources/2dPlotClass.tex
./images/pdf/plot2DClass.pdf
sources/3dPlotClass.tex
./images/pdf/plot3DClass.pdf
sources/reportClass.tex
./images/pdf/report.pdf
sources/outputComponents.tex
sources/curveClass.tex
./images/pdf/curveClass.pdf
sources/surfaceClass.tex
./images/pdf/surfaceClass.pdf
sources/dataSetClass.tex
./images/pdf/dataSetClass.pdf
sources/acknowledgements.tex
sources/UML.tex
./images/pdf/sedML.pdf
sources/XMLschema.tex
../../schema/level1/version3/sed-ml-L1-V3.xsd
sources/examples.tex
xml/leloupSbml.tex
xml/leloupSBML.pdf
xml/leloupSbml.xml
xml/leloupCellml.tex
xml/leloupCellml.pdf
xml/leloupCellml.xml
xml/IkBNFkB_Signaling.tex
./images/ikappab.png
xml/IkBNFkB_Signaling.xml
sources/repeatedTaskExamples.tex
xml/v3-example1-repeated-steady-scan-oscli.pdf
xml/v3-example1-repeated-steady-scan-oscli.xml
xml/v3-example2-oscli-nested-pulse.pdf
xml/v3-example2-oscli-nested-pulse.xml
xml/v3-example3-repeated-stochastic-runs.pdf
xml/v3-example3-repeated-stochastic-runs.xml
xml/v3-example4-repeated-scan-oscli.pdf
xml/v3-example4-repeated-scan-oscli.xml
xml/v3-example5-boris-2d-scan.pdf
xml/v3-example5-boris-2d-scan.xml
sources/dataExamples.tex
xml/dataExample1.pdf
xml/dataExample1.xml
sources/archive.tex
 ***********

Package atveryend Info: Executing hook `AtEndAfterFileList' on input line 64.

Package rerunfilecheck Warning: File `sed-ml-L1V3.out' has changed.
(rerunfilecheck)                Rerun to get outlines right
(rerunfilecheck)                or use package `bookmark'.

Package rerunfilecheck Info: Checksums for `sed-ml-L1V3.out':
(rerunfilecheck)             Before: F17292A0A4F315D619DF9F9122373775;2716
(rerunfilecheck)             After:  9DC4EC8C62654A892DA91CFAB73B4E7E;3732.

LaTeX Font Warning: Some font shapes were not available, defaults substituted.


LaTeX Warning: There were undefined references.


LaTeX Warning: There were multiply-defined labels.

Package atveryend Info: Empty hook `AtVeryVeryEnd' on input line 64.
 ) 
Here is how much of TeX's memory you used:
 14444 strings out of 494910
 215011 string characters out of 6179835
 566632 words of memory out of 5000000
 14579 multiletter control sequences out of 15000+600000
 28836 words of font info for 68 fonts, out of 8000000 for 9000
 36 hyphenation exceptions out of 8191
 43i,12n,51p,1206b,2026s stack positions out of 5000i,500n,10000p,200000b,80000s
{/usr/share/texlive/texmf-dist/fonts/enc/dvips/base/8r.enc}</usr/share/texliv
e/texmf-dist/fonts/type1/public/amsfonts/cm/cmbx10.pfb></usr/share/texlive/texm
f-dist/fonts/type1/public/amsfonts/cm/cmbx9.pfb></usr/share/texlive/texmf-dist/
fonts/type1/public/amsfonts/cm/cmcsc10.pfb></usr/share/texlive/texmf-dist/fonts
/type1/public/amsfonts/cm/cmmi10.pfb></usr/share/texlive/texmf-dist/fonts/type1
/public/amsfonts/cm/cmmi5.pfb></usr/share/texlive/texmf-dist/fonts/type1/public
/amsfonts/cm/cmmi6.pfb></usr/share/texlive/texmf-dist/fonts/type1/public/amsfon
ts/cm/cmmi7.pfb></usr/share/texlive/texmf-dist/fonts/type1/public/amsfonts/cm/c
mr10.pfb></usr/share/texlive/texmf-dist/fonts/type1/public/amsfonts/cm/cmr12.pf
b></usr/share/texlive/texmf-dist/fonts/type1/public/amsfonts/cm/cmr6.pfb></usr/
share/texlive/texmf-dist/fonts/type1/public/amsfonts/cm/cmr7.pfb></usr/share/te
xlive/texmf-dist/fonts/type1/public/amsfonts/cm/cmr9.pfb></usr/share/texlive/te
xmf-dist/fonts/type1/public/amsfonts/cm/cmsy10.pfb></usr/share/texlive/texmf-di
st/fonts/type1/public/amsfonts/cm/cmti10.pfb></usr/share/texlive/texmf-dist/fon
ts/type1/public/amsfonts/cm/cmti12.pfb></usr/share/texlive/texmf-dist/fonts/typ
e1/public/amsfonts/cm/cmti9.pfb></usr/share/texlive/texmf-dist/fonts/type1/publ
ic/amsfonts/latxfont/lcircle1.pfb></usr/share/texlive/texmf-dist/fonts/type1/pu
blic/txfonts/txbtt.pfb></usr/share/texlive/texmf-dist/fonts/type1/public/txfont
s/txbtt.pfb></usr/share/texlive/texmf-dist/fonts/type1/public/txfonts/txtt.pfb>
</usr/share/texlive/texmf-dist/fonts/type1/public/txfonts/txtt.pfb></usr/share/
texlive/texmf-dist/fonts/type1/urw/helvetic/uhvb8a.pfb></usr/share/texlive/texm
f-dist/fonts/type1/urw/helvetic/uhvbo8a.pfb></usr/share/texlive/texmf-dist/font
s/type1/urw/helvetic/uhvro8a.pfb></usr/share/texlive/texmf-dist/fonts/type1/urw
/zapfding/uzdr.pfb>
Output written on sed-ml-L1V3.pdf (97 pages, 4605555 bytes).
PDF statistics:
 13467 PDF objects out of 15390 (max. 8388607)
 10392 compressed objects within 104 object streams
 2631 named destinations out of 2984 (max. 500000)
 629 words of extra memory for PDF output out of 10000 (max. 10000000)

