\BOOKMARK [0][]{chapter.1}{Introduction}{}% 1
\BOOKMARK [1][]{section.1.1}{Motivation: A sample experiment}{chapter.1}% 2
\BOOKMARK [2][-]{subsection.1.1.1}{A simple time-course simulation}{section.1.1}% 3
\BOOKMARK [2][-]{subsection.1.1.2}{Applying pre-processing}{section.1.1}% 4
\BOOKMARK [2][-]{subsection.1.1.3}{Applying post-processing}{section.1.1}% 5
\BOOKMARK [0][]{chapter.2}{SED-ML technical specification}{}% 6
\BOOKMARK [1][]{section.2.1}{Conventions used in this document}{chapter.2}% 7
\BOOKMARK [2][-]{subsection.2.1.1}{UML Classes}{section.2.1}% 8
\BOOKMARK [2][-]{subsection.2.1.2}{UML Relationships}{section.2.1}% 9
\BOOKMARK [2][-]{subsection.2.1.3}{XML Schema language elements}{section.2.1}% 10
\BOOKMARK [2][-]{subsection.2.1.4}{Type extensions}{section.2.1}% 11
\BOOKMARK [1][]{section.2.2}{Concepts used in SED-ML}{chapter.2}% 12
\BOOKMARK [2][-]{subsection.2.2.1}{MathML subset}{section.2.2}% 13
\BOOKMARK [2][-]{subsection.2.2.2}{URI Scheme}{section.2.2}% 14
\BOOKMARK [2][-]{subsection.2.2.3}{XPath usage}{section.2.2}% 15
\BOOKMARK [2][-]{subsection.2.2.4}{KiSAO}{section.2.2}% 16
\BOOKMARK [2][-]{subsection.2.2.5}{SED-ML resources}{section.2.2}% 17
\BOOKMARK [1][]{section.2.3}{General attributes and classes}{chapter.2}% 18
\BOOKMARK [2][-]{subsection.2.3.1}{id}{section.2.3}% 19
\BOOKMARK [2][-]{subsection.2.3.2}{name}{section.2.3}% 20
\BOOKMARK [2][-]{subsection.2.3.3}{SEDBase}{section.2.3}% 21
\BOOKMARK [2][-]{subsection.2.3.4}{SED-ML top level element}{section.2.3}% 22
\BOOKMARK [2][-]{subsection.2.3.5}{Reference relations}{section.2.3}% 23
\BOOKMARK [2][-]{subsection.2.3.6}{Variable}{section.2.3}% 24
\BOOKMARK [2][-]{subsection.2.3.7}{Parameter}{section.2.3}% 25
\BOOKMARK [2][-]{subsection.2.3.8}{ListOf* containers}{section.2.3}% 26
\BOOKMARK [1][]{section.2.4}{SED-ML Components}{chapter.2}% 27
\BOOKMARK [2][-]{subsection.2.4.1}{DataDescription}{section.2.4}% 28
\BOOKMARK [2][-]{subsection.2.4.2}{DataSource}{section.2.4}% 29
\BOOKMARK [2][-]{subsection.2.4.3}{Slice}{section.2.4}% 30
\BOOKMARK [2][-]{subsection.2.4.4}{Model}{section.2.4}% 31
\BOOKMARK [2][-]{subsection.2.4.5}{Change}{section.2.4}% 32
\BOOKMARK [2][-]{subsection.2.4.6}{Simulation}{section.2.4}% 33
\BOOKMARK [2][-]{subsection.2.4.7}{Abstract Task}{section.2.4}% 34
\BOOKMARK [2][-]{subsection.2.4.8}{Task}{section.2.4}% 35
\BOOKMARK [2][-]{subsection.2.4.9}{Repeated Task}{section.2.4}% 36
\BOOKMARK [2][-]{subsection.2.4.10}{DataGenerator}{section.2.4}% 37
\BOOKMARK [2][-]{subsection.2.4.11}{Output}{section.2.4}% 38
\BOOKMARK [2][-]{subsection.2.4.12}{Output components}{section.2.4}% 39
\BOOKMARK [0][]{chapter.3}{Acknowledgements}{}% 40
\BOOKMARK [0][]{appendix.A}{SED-ML UML Overview}{}% 41
\BOOKMARK [0][]{appendix.B}{XML Schema}{}% 42
\BOOKMARK [0][]{appendix.C}{Examples}{}% 43
\BOOKMARK [1][]{section.C.1}{Le Loup Model \(SBML\)}{appendix.C}% 44
\BOOKMARK [1][]{section.C.2}{Le Loup Model \(CellML\)}{appendix.C}% 45
\BOOKMARK [1][]{section.C.3}{The IkappaB-NF-kappaB signaling module \(SBML\)}{appendix.C}% 46
\BOOKMARK [1][]{section.C.4}{Examples for Simulation Experiments involving repeatedTasks}{appendix.C}% 47
\BOOKMARK [2][-]{subsection.C.4.1}{One dimensional steady state parameter scan}{section.C.4}% 48
\BOOKMARK [2][-]{subsection.C.4.2}{Perturbing a Simulation}{section.C.4}% 49
\BOOKMARK [2][-]{subsection.C.4.3}{Repeated Stochastic Simulation}{section.C.4}% 50
\BOOKMARK [2][-]{subsection.C.4.4}{One dimensional time course parameter scan}{section.C.4}% 51
\BOOKMARK [2][-]{subsection.C.4.5}{Two dimensional steady state parameter scan}{section.C.4}% 52
\BOOKMARK [1][]{section.C.5}{Example referencing external data}{appendix.C}% 53
\BOOKMARK [0][]{appendix.D}{The COMBINE archive}{}% 54
